make[2]: Entering directory `/data/user/eesen/tools/ATLAS/build/bin'
cd /data/user/eesen/tools/ATLAS/build/tune/blas/gemm ; make res/atlas_csNKB.h
make[3]: Entering directory `/data/user/eesen/tools/ATLAS/build/tune/blas/gemm'
make csRunFindCE
make[4]: Entering directory `/data/user/eesen/tools/ATLAS/build/tune/blas/gemm'
cd /data/user/eesen/tools/ATLAS/build/src/blas/gemm ; make clib
make[5]: Entering directory `/data/user/eesen/tools/ATLAS/build/src/blas/gemm'
make auxillib ccleanuplib cusergemm
make[6]: Entering directory `/data/user/eesen/tools/ATLAS/build/src/blas/gemm'
cd /data/user/eesen/tools/ATLAS/build/src/auxil ; make lib
make[7]: Entering directory `/data/user/eesen/tools/ATLAS/build/src/auxil'
make[7]: Nothing to be done for `lib'.
make[7]: Leaving directory `/data/user/eesen/tools/ATLAS/build/src/auxil'
cd KERNEL ; make -f cMakefile clib
make[7]: Entering directory `/data/user/eesen/tools/ATLAS/build/src/blas/gemm/KERNEL'
make[7]: Nothing to be done for `clib'.
make[7]: Leaving directory `/data/user/eesen/tools/ATLAS/build/src/blas/gemm/KERNEL'
make[6]: Nothing to be done for `cusergemm'.
make[6]: Leaving directory `/data/user/eesen/tools/ATLAS/build/src/blas/gemm'
make -j 56 clib.grd
make[6]: Entering directory `/data/user/eesen/tools/ATLAS/build/src/blas/gemm'
make[6]: `clib.grd' is up to date.
make[6]: Leaving directory `/data/user/eesen/tools/ATLAS/build/src/blas/gemm'
make[5]: Leaving directory `/data/user/eesen/tools/ATLAS/build/src/blas/gemm'
cd /data/user/eesen/tools/ATLAS/build/src/blas/gemm ; make slib
make[5]: Entering directory `/data/user/eesen/tools/ATLAS/build/src/blas/gemm'
make auxillib scleanuplib susergemm
make[6]: Entering directory `/data/user/eesen/tools/ATLAS/build/src/blas/gemm'
cd /data/user/eesen/tools/ATLAS/build/src/auxil ; make lib
make[7]: Entering directory `/data/user/eesen/tools/ATLAS/build/src/auxil'
make[7]: Nothing to be done for `lib'.
make[7]: Leaving directory `/data/user/eesen/tools/ATLAS/build/src/auxil'
cd KERNEL ; make -f sMakefile slib
make[7]: Entering directory `/data/user/eesen/tools/ATLAS/build/src/blas/gemm/KERNEL'
make[7]: Nothing to be done for `slib'.
make[7]: Leaving directory `/data/user/eesen/tools/ATLAS/build/src/blas/gemm/KERNEL'
make[6]: Nothing to be done for `susergemm'.
make[6]: Leaving directory `/data/user/eesen/tools/ATLAS/build/src/blas/gemm'
make -j 56 slib.grd
make[6]: Entering directory `/data/user/eesen/tools/ATLAS/build/src/blas/gemm'
/usr/bin/x86_64-redhat-linux-gcc -o ATL_sgemm.o -c -DL2SIZE=4194304 -I/data/user/eesen/tools/ATLAS/build/include -I/data/user/eesen/tools/ATLAS/build/..//include -I/data/user/eesen/tools/ATLAS/build/..//include/contrib -DAdd_ -DF77_INTEGER=int -DStringSunStyle -DATL_OS_Linux -DATL_ARCH_UNKNOWNx86 -DATL_CPUMHZ=2401 -DATL_AVXMAC -DATL_AVX -DATL_SSE3 -DATL_SSE2 -DATL_SSE1 -DATL_USE64BITS -DATL_GAS_x8664 -m64 -DATL_DYLIBS -DATL_NCPU=56 -O -fomit-frame-pointer -mavx -m64 -fPIC -DSREAL -DATLGEMM -I./ \
              /data/user/eesen/tools/ATLAS/build/..//src/blas/gemm/ATL_gemm.c
/usr/bin/x86_64-redhat-linux-gcc -o ATL_sNCmmIJK.o -c -DL2SIZE=4194304 -I/data/user/eesen/tools/ATLAS/build/include -I/data/user/eesen/tools/ATLAS/build/..//include -I/data/user/eesen/tools/ATLAS/build/..//include/contrib -DAdd_ -DF77_INTEGER=int -DStringSunStyle -DATL_OS_Linux -DATL_ARCH_UNKNOWNx86 -DATL_CPUMHZ=2401 -DATL_AVXMAC -DATL_AVX -DATL_SSE3 -DATL_SSE2 -DATL_SSE1 -DATL_USE64BITS -DATL_GAS_x8664 -m64 -DATL_DYLIBS -DATL_NCPU=56 -O -fomit-frame-pointer -mavx -m64 -fPIC -DSREAL   /data/user/eesen/tools/ATLAS/build/..//src/blas/gemm/ATL_NCmmIJK.c
/usr/bin/x86_64-redhat-linux-gcc -o ATL_sNCmmJIK.o -c -DL2SIZE=4194304 -I/data/user/eesen/tools/ATLAS/build/include -I/data/user/eesen/tools/ATLAS/build/..//include -I/data/user/eesen/tools/ATLAS/build/..//include/contrib -DAdd_ -DF77_INTEGER=int -DStringSunStyle -DATL_OS_Linux -DATL_ARCH_UNKNOWNx86 -DATL_CPUMHZ=2401 -DATL_AVXMAC -DATL_AVX -DATL_SSE3 -DATL_SSE2 -DATL_SSE1 -DATL_USE64BITS -DATL_GAS_x8664 -m64 -DATL_DYLIBS -DATL_NCPU=56 -O -fomit-frame-pointer -mavx -m64 -fPIC -DSREAL   /data/user/eesen/tools/ATLAS/build/..//src/blas/gemm/ATL_NCmmJIK.c
/usr/bin/x86_64-redhat-linux-gcc -o ATL_sNCmmIJK_c.o -c -DL2SIZE=4194304 -I/data/user/eesen/tools/ATLAS/build/include -I/data/user/eesen/tools/ATLAS/build/..//include -I/data/user/eesen/tools/ATLAS/build/..//include/contrib -DAdd_ -DF77_INTEGER=int -DStringSunStyle -DATL_OS_Linux -DATL_ARCH_UNKNOWNx86 -DATL_CPUMHZ=2401 -DATL_AVXMAC -DATL_AVX -DATL_SSE3 -DATL_SSE2 -DATL_SSE1 -DATL_USE64BITS -DATL_GAS_x8664 -m64 -DATL_DYLIBS -DATL_NCPU=56 -O -fomit-frame-pointer -mavx -m64 -fPIC -DSREAL   /data/user/eesen/tools/ATLAS/build/..//src/blas/gemm/ATL_NCmmIJK_c.c
/usr/bin/x86_64-redhat-linux-gcc -o ATL_sNCmmJIK_c.o -c -DL2SIZE=4194304 -I/data/user/eesen/tools/ATLAS/build/include -I/data/user/eesen/tools/ATLAS/build/..//include -I/data/user/eesen/tools/ATLAS/build/..//include/contrib -DAdd_ -DF77_INTEGER=int -DStringSunStyle -DATL_OS_Linux -DATL_ARCH_UNKNOWNx86 -DATL_CPUMHZ=2401 -DATL_AVXMAC -DATL_AVX -DATL_SSE3 -DATL_SSE2 -DATL_SSE1 -DATL_USE64BITS -DATL_GAS_x8664 -m64 -DATL_DYLIBS -DATL_NCPU=56 -O -fomit-frame-pointer -mavx -m64 -fPIC -DSREAL   /data/user/eesen/tools/ATLAS/build/..//src/blas/gemm/ATL_NCmmJIK_c.c
/usr/bin/x86_64-redhat-linux-gcc -o ATL_saliased_gemm.o -c -DL2SIZE=4194304 -I/data/user/eesen/tools/ATLAS/build/include -I/data/user/eesen/tools/ATLAS/build/..//include -I/data/user/eesen/tools/ATLAS/build/..//include/contrib -DAdd_ -DF77_INTEGER=int -DStringSunStyle -DATL_OS_Linux -DATL_ARCH_UNKNOWNx86 -DATL_CPUMHZ=2401 -DATL_AVXMAC -DATL_AVX -DATL_SSE3 -DATL_SSE2 -DATL_SSE1 -DATL_USE64BITS -DATL_GAS_x8664 -m64 -DATL_DYLIBS -DATL_NCPU=56 -O -fomit-frame-pointer -mavx -m64 -fPIC -DSREAL -DALIASED_GEMM -I./ \
              /data/user/eesen/tools/ATLAS/build/..//src/blas/gemm/ATL_gemm.c
/usr/bin/x86_64-redhat-linux-gcc -o ATL_ssmallK_mm.o -c -DL2SIZE=4194304 -I/data/user/eesen/tools/ATLAS/build/include -I/data/user/eesen/tools/ATLAS/build/..//include -I/data/user/eesen/tools/ATLAS/build/..//include/contrib -DAdd_ -DF77_INTEGER=int -DStringSunStyle -DATL_OS_Linux -DATL_ARCH_UNKNOWNx86 -DATL_CPUMHZ=2401 -DATL_AVXMAC -DATL_AVX -DATL_SSE3 -DATL_SSE2 -DATL_SSE1 -DATL_USE64BITS -DATL_GAS_x8664 -m64 -DATL_DYLIBS -DATL_NCPU=56 -O -fomit-frame-pointer -mavx -m64 -fPIC -DSREAL -DSMALLK_MM -I./ \
              /data/user/eesen/tools/ATLAS/build/..//src/blas/gemm/ATL_gemm.c
/usr/bin/x86_64-redhat-linux-gcc -o ATL_ssmall_mm.o -c -DL2SIZE=4194304 -I/data/user/eesen/tools/ATLAS/build/include -I/data/user/eesen/tools/ATLAS/build/..//include -I/data/user/eesen/tools/ATLAS/build/..//include/contrib -DAdd_ -DF77_INTEGER=int -DStringSunStyle -DATL_OS_Linux -DATL_ARCH_UNKNOWNx86 -DATL_CPUMHZ=2401 -DATL_AVXMAC -DATL_AVX -DATL_SSE3 -DATL_SSE2 -DATL_SSE1 -DATL_USE64BITS -DATL_GAS_x8664 -m64 -DATL_DYLIBS -DATL_NCPU=56 -O -fomit-frame-pointer -mavx -m64 -fPIC -DSREAL -DSMALL_MM -I./ \
              /data/user/eesen/tools/ATLAS/build/..//src/blas/gemm/ATL_gemm.c
/usr/bin/x86_64-redhat-linux-gcc -o ATL_sbig_mm.o -c -DL2SIZE=4194304 -I/data/user/eesen/tools/ATLAS/build/include -I/data/user/eesen/tools/ATLAS/build/..//include -I/data/user/eesen/tools/ATLAS/build/..//include/contrib -DAdd_ -DF77_INTEGER=int -DStringSunStyle -DATL_OS_Linux -DATL_ARCH_UNKNOWNx86 -DATL_CPUMHZ=2401 -DATL_AVXMAC -DATL_AVX -DATL_SSE3 -DATL_SSE2 -DATL_SSE1 -DATL_USE64BITS -DATL_GAS_x8664 -m64 -DATL_DYLIBS -DATL_NCPU=56 -O -fomit-frame-pointer -mavx -m64 -fPIC -DSREAL -DBIG_MM -I./ \
              /data/user/eesen/tools/ATLAS/build/..//src/blas/gemm/ATL_gemm.c
/usr/bin/x86_64-redhat-linux-gcc -o ATL_sbignork_mm.o -c -DL2SIZE=4194304 -I/data/user/eesen/tools/ATLAS/build/include -I/data/user/eesen/tools/ATLAS/build/..//include -I/data/user/eesen/tools/ATLAS/build/..//include/contrib -DAdd_ -DF77_INTEGER=int -DStringSunStyle -DATL_OS_Linux -DATL_ARCH_UNKNOWNx86 -DATL_CPUMHZ=2401 -DATL_AVXMAC -DATL_AVX -DATL_SSE3 -DATL_SSE2 -DATL_SSE1 -DATL_USE64BITS -DATL_GAS_x8664 -m64 -DATL_DYLIBS -DATL_NCPU=56 -O -fomit-frame-pointer -mavx -m64 -fPIC -DSREAL -DBIGNORK_MM -I./ \
              /data/user/eesen/tools/ATLAS/build/..//src/blas/gemm/ATL_gemm.c
ar r /data/user/eesen/tools/ATLAS/build/lib/libatlas.a ATL_sMBJBmm.o ATL_sIBNBmm.o ATL_sIBJBmm.o ATL_sgemm.o ATL_sGetNB.o ATL_sGetNCNB.o ATL_sgemmNN.o ATL_sgemmNT.o ATL_sgemmTN.o ATL_sgemmTT.o ATL_sNCmmIJK.o ATL_sNCmmJIK.o ATL_sNCmmIJK_c.o ATL_sNCmmJIK_c.o ATL_saliased_gemm.o ATL_sAgemmNN.o ATL_sAgemmNT.o ATL_sAgemmTN.o ATL_sAgemmTT.o ATL_smmJIK.o ATL_smmIJK.o ATL_smmJKI.o ATL_smmK.o ATL_smmBPP.o ATL_smmJITcp.o ATL_scol2blk_aX.o ATL_srow2blkT_aX.o ATL_scol2blk_a1.o ATL_srow2blkT_a1.o ATL_sputblk_bX.o ATL_sputblk_b1.o ATL_sputblk_bn1.o ATL_sputblk_b0.o
echo /data/user/eesen/tools/ATLAS/build/lib/libatlas.a
/data/user/eesen/tools/ATLAS/build/lib/libatlas.a
touch slib.grd
make[6]: Leaving directory `/data/user/eesen/tools/ATLAS/build/src/blas/gemm'
make[5]: Leaving directory `/data/user/eesen/tools/ATLAS/build/src/blas/gemm'
/usr/bin/x86_64-redhat-linux-gcc -DL2SIZE=4194304 -I/data/user/eesen/tools/ATLAS/build/include -I/data/user/eesen/tools/ATLAS/build/..//include -I/data/user/eesen/tools/ATLAS/build/..//include/contrib -DAdd_ -DF77_INTEGER=int -DStringSunStyle -DATL_OS_Linux -DATL_ARCH_UNKNOWNx86 -DATL_CPUMHZ=2401 -DATL_AVXMAC -DATL_AVX -DATL_SSE3 -DATL_SSE2 -DATL_SSE1 -DATL_USE64BITS -DATL_GAS_x8664 -m64 -DATL_DYLIBS -DATL_NCPU=56 -O -fomit-frame-pointer -mavx -m64 -fPIC -c -DSCPLX -DATL_JITcp -o csfindCE.o /data/user/eesen/tools/ATLAS/build/..//tune/blas/gemm/findCE.c
cd /data/user/eesen/tools/ATLAS/build/src/blas/gemm ; make ATL_csFindCE_mm.o typ=SCPLX
make[5]: Entering directory `/data/user/eesen/tools/ATLAS/build/src/blas/gemm'
/usr/bin/x86_64-redhat-linux-gcc -o ATL_csFindCE_mm.o -c -DL2SIZE=4194304 -I/data/user/eesen/tools/ATLAS/build/include -I/data/user/eesen/tools/ATLAS/build/..//include -I/data/user/eesen/tools/ATLAS/build/..//include/contrib -DAdd_ -DF77_INTEGER=int -DStringSunStyle -DATL_OS_Linux -DATL_ARCH_UNKNOWNx86 -DATL_CPUMHZ=2401 -DATL_AVXMAC -DATL_AVX -DATL_SSE3 -DATL_SSE2 -DATL_SSE1 -DATL_USE64BITS -DATL_GAS_x8664 -m64 -DATL_DYLIBS -DATL_NCPU=56 -O -fomit-frame-pointer -mavx -m64 -fPIC -DSCPLX -DFindingJITCPCE -I./ /data/user/eesen/tools/ATLAS/build/..//src/blas/gemm/ATL_gemm.c
make[5]: Leaving directory `/data/user/eesen/tools/ATLAS/build/src/blas/gemm'
/usr/bin/x86_64-redhat-linux-gcc -DL2SIZE=4194304 -I/data/user/eesen/tools/ATLAS/build/include -I/data/user/eesen/tools/ATLAS/build/..//include -I/data/user/eesen/tools/ATLAS/build/..//include/contrib -DAdd_ -DF77_INTEGER=int -DStringSunStyle -DATL_OS_Linux -DATL_ARCH_UNKNOWNx86 -DATL_CPUMHZ=2401 -DATL_AVXMAC -DATL_AVX -DATL_SSE3 -DATL_SSE2 -DATL_SSE1 -DATL_USE64BITS -DATL_GAS_x8664 -m64 -DATL_DYLIBS -DATL_NCPU=56 -O -fomit-frame-pointer -mavx -m64 -fPIC -o xcsfindCE csfindCE.o \
                   /data/user/eesen/tools/ATLAS/build/src/blas/gemm/ATL_csFindCE_mm.o /data/user/eesen/tools/ATLAS/build/lib/libatlas.a -lpthread -lm
/data/user/eesen/tools/ATLAS/build/bin/ATLrun.sh /data/user/eesen/tools/ATLAS/build/tune/blas/gemm xcsfindCE -f res/atlas_csNKB.h
TA TB      M      N      K    alpha       beta     CacheEdge      TIME   MFLOPS
== == ====== ====== ====== ===== ===== ===== ===== ========= ========= ========

 T  N    160   3040   6553   1.0   0.0   1.0   0.0         0     0.760 33551.36
 T  N    160   3040   6553   1.0   0.0   1.0   0.0        64    -2.000     0.00
 T  N    160   3040   6553   1.0   0.0   1.0   0.0       128    -2.000     0.00
 T  N    160   3040   6553   1.0   0.0   1.0   0.0       256     0.752 33908.29
 T  N    160   3040   6553   1.0   0.0   1.0   0.0       512     0.844 30212.13
 T  N    160   3040   6553   1.0   0.0   1.0   0.0      1024     0.780 32691.07
 T  N    160   3040   6553   1.0   0.0   1.0   0.0      2048     0.836 30501.24
 T  N    160   3040   6553   1.0   0.0   1.0   0.0      4096     0.736 34645.43
 T  N    160   3040   6553   1.0   0.0   1.0   0.0      8192     0.780 32691.07

Initial CE=4096KB, mflop=34645.43

 T  N    160   3040   6553   1.0   0.0   1.0   0.0      3072     0.784 32524.28
 T  N    160   3040   6553   1.0   0.0   1.0   0.0      6144     0.764 33375.70

Best CE=4096KB, mflop=34645.43
cp -f res/atlas_csNKB.h /data/user/eesen/tools/ATLAS/build/include/.
make[4]: Leaving directory `/data/user/eesen/tools/ATLAS/build/tune/blas/gemm'
make[3]: Leaving directory `/data/user/eesen/tools/ATLAS/build/tune/blas/gemm'
cp /data/user/eesen/tools/ATLAS/build/tune/blas/gemm/res/atlas_csNKB.h /data/user/eesen/tools/ATLAS/build/include/.
cp /data/user/eesen/tools/ATLAS/build/tune/blas/gemm/res/atlas_csNKB.h INSTALL_LOG/.
make[2]: Leaving directory `/data/user/eesen/tools/ATLAS/build/bin'
