
*******************************************************************************
*******************************************************************************
*******************************************************************************
*       BEGAN ATLAS3.10.0 INSTALL OF SECTION 2-1-7 ON 08/07/2019 AT 12:23     *
*******************************************************************************
*******************************************************************************
*******************************************************************************



make[2]: Entering directory `/data/user/eesen/tools/ATLAS/build/bin'
cd /data/user/eesen/tools/ATLAS/build/tune/blas/gemv ; make res/dMVNK.sum pre=d
make[3]: Entering directory `/data/user/eesen/tools/ATLAS/build/tune/blas/gemv'
/usr/bin/x86_64-redhat-linux-gcc -c -DL2SIZE=4194304 -I/data/user/eesen/tools/ATLAS/build/include -I/data/user/eesen/tools/ATLAS/build/..//include -I/data/user/eesen/tools/ATLAS/build/..//include/contrib -DAdd_ -DF77_INTEGER=int -DStringSunStyle -DATL_OS_Linux -DATL_ARCH_UNKNOWNx86 -DATL_CPUMHZ=2401 -DATL_AVXMAC -DATL_AVX -DATL_SSE3 -DATL_SSE2 -DATL_SSE1 -DATL_USE64BITS -DATL_GAS_x8664 -m64 -DATL_DYLIBS -DATL_NCPU=56 -O -fomit-frame-pointer -m64 -o mvnksearch.o /data/user/eesen/tools/ATLAS/build/..//tune/blas/gemv/mvnksearch.c
/usr/bin/x86_64-redhat-linux-gcc -DL2SIZE=4194304 -I/data/user/eesen/tools/ATLAS/build/include -I/data/user/eesen/tools/ATLAS/build/..//include -I/data/user/eesen/tools/ATLAS/build/..//include/contrib -DAdd_ -DF77_INTEGER=int -DStringSunStyle -DATL_OS_Linux -DATL_ARCH_UNKNOWNx86 -DATL_CPUMHZ=2401 -DATL_AVXMAC -DATL_AVX -DATL_SSE3 -DATL_SSE2 -DATL_SSE1 -DATL_USE64BITS -DATL_GAS_x8664 -m64 -DATL_DYLIBS -DATL_NCPU=56 -O -fomit-frame-pointer -m64 -o xmvnksearch mvnksearch.o
./xmvnksearch -p d
make[4]: Entering directory `/data/user/eesen/tools/ATLAS/build/tune/blas/gemv'
cd /data/user/eesen/tools/ATLAS/build/tune/sysinfo ; make res/L1CacheSize
make[5]: Entering directory `/data/user/eesen/tools/ATLAS/build/tune/sysinfo'
make[5]: `res/L1CacheSize' is up to date.
make[5]: Leaving directory `/data/user/eesen/tools/ATLAS/build/tune/sysinfo'
ln -s /data/user/eesen/tools/ATLAS/build/tune/sysinfo/res/L1CacheSize res/L1CacheSize
make[4]: Leaving directory `/data/user/eesen/tools/ATLAS/build/tune/blas/gemv'

      Read in L1 Cache size as = 32KB.

Cases read in:
ID=1 ROUT='ATL_gemvN_axpy.c' AUTH='R. Clint Whaley' TA='N' \
   rankR=0 CacheElts=0 SSE=0 alignA=0 alignY=0 alignX=0 minM=0 minN=0 NU=16  \
   MU=1 LDAMUL=0 PFTUNABLE=0 ALIGNX2A=0 ADDCFLAGS=0 GEMMBASED=0 AXPYBASED=1  \
   ALLALIGNXY=0 LDYTOP=0 FNU=0 X87=0 
ID=3 ROUT='ATL_gemvN_v6x8_vsx.c' AUTH='IBM' TA='N' \
   rankR=0 CacheElts=0 SSE=0 alignA=0 alignY=0 alignX=0 minM=0 minN=0 NU=8  \
   MU=12 LDAMUL=0 PFTUNABLE=0 ALIGNX2A=0 ADDCFLAGS=0 GEMMBASED=0 AXPYBASED=1  \
   ALLALIGNXY=0 LDYTOP=0 FNU=0 X87=0   CFLAGS='-O3 -mvsx'  COMP='gcc'

BEGIN BASIC KERNEL TESTS:
   Kernel ATL_gemvN_axpy.c(1) passes basic test
   NUKING bad kernel ATL_gemvN_v6x8_vsx.c(3), MU=12, NU=8
DONE BASIC KERNEL TESTS:


Surviving cases:
ID=1 ROUT='ATL_gemvN_axpy.c' AUTH='R. Clint Whaley' TA='N' \
   rankR=0 CacheElts=0 SSE=0 alignA=0 alignY=0 alignX=0 minM=0 minN=0 NU=16  \
   MU=1 LDAMUL=0 PFTUNABLE=0 ALIGNX2A=0 ADDCFLAGS=0 GEMMBASED=0 AXPYBASED=1  \
   ALLALIGNXY=0 LDYTOP=0 FNU=0 X87=0 
BEGIN NU/MU EXTRACT SEARCH, imf=1:

BEGIN BASIC KERNEL TESTS:
   Kernel dmvn_C.c(900000) passes basic test
   Kernel dmvn_C.c(900000) passes basic test
   Kernel dmvn_C.c(900000) passes basic test
   Kernel dmvn_C.c(900000) passes basic test
   Kernel dmvn_C.c(900000) passes basic test
   Kernel dmvn_C.c(900000) passes basic test
   Kernel dmvn_C.c(900000) passes basic test
   Kernel dmvn_C.c(900000) passes basic test
   Kernel dmvn_C.c(900000) passes basic test
   Kernel dmvn_C.c(900000) passes basic test
   Kernel dmvn_C.c(900000) passes basic test
   Kernel dmvn_C.c(900000) passes basic test
   Kernel dmvn_C.c(900000) passes basic test
   Kernel dmvn_C.c(900000) passes basic test
   Kernel dmvn_C.c(900000) passes basic test
   Kernel dmvn_C.c(900000) passes basic test
DONE BASIC KERNEL TESTS:

   900000:dmvn_C.c (M=2300, N=2000, lda=2303) gets 2300.57 MFLOPS
   900000:dmvn_C.c (M=2300, N=2000, lda=2303) gets 2300.57 MFLOPS
   900000:dmvn_C.c (M=2300, N=2000, lda=2303) gets 2300.57 MFLOPS
   900000:dmvn_C.c (M=2300, N=2000, lda=2303) gets 2300.57 MFLOPS
   900000:dmvn_C.c (M=2300, N=1992, lda=2303) gets 2291.38 MFLOPS
   900000:dmvn_C.c (M=2300, N=2000, lda=2303) gets 2300.57 MFLOPS
   900000:dmvn_C.c (M=2300, N=2000, lda=2303) gets 2300.57 MFLOPS
   900000:dmvn_C.c (M=2300, N=1992, lda=2303) gets 2291.38 MFLOPS
   900000:dmvn_C.c (M=2300, N=2000, lda=2303) gets 1150.29 MFLOPS
   900000:dmvn_C.c (M=2300, N=2000, lda=2303) gets 2300.57 MFLOPS
   900000:dmvn_C.c (M=2300, N=2000, lda=2303) gets 2300.57 MFLOPS
   900000:dmvn_C.c (M=2300, N=2000, lda=2303) gets 2300.57 MFLOPS
   900000:dmvn_C.c (M=2300, N=1992, lda=2303) gets 2291.38 MFLOPS
   900000:dmvn_C.c (M=2300, N=2000, lda=2303) gets 2300.57 MFLOPS
   900000:dmvn_C.c (M=2300, N=2000, lda=2303) gets 2300.57 MFLOPS
   900000:dmvn_C.c (M=2300, N=1992, lda=2303) gets 2291.38 MFLOPS
   mu=8, nu=1, mflop[1]=2300.57
   mu=8, nu=2, mflop[1]=2300.57
   mu=8, nu=4, mflop[1]=2300.57
   mu=8, nu=8, mflop[1]=2300.57
   mu=8, nu=12, mflop[1]=2291.38
   mu=8, nu=16, mflop[1]=2300.57
   mu=8, nu=20, mflop[1]=2300.57
   mu=8, nu=24, mflop[1]=2291.38
   mu=64, nu=1, mflop[1]=1150.29
   mu=56, nu=2, mflop[1]=2300.57
   mu=48, nu=4, mflop[1]=2300.57
   mu=40, nu=8, mflop[1]=2300.57
   mu=32, nu=12, mflop[1]=2291.38
   mu=24, nu=16, mflop[1]=2300.57
   mu=16, nu=20, mflop[1]=2300.57
   mu=16, nu=24, mflop[1]=2291.38
BEST GENERATED NU-TUNED KERNEL FOR imf=1: MU=8, NU=1, MF=2300.57

BEGIN MU EXTRACT SEARCH, imf=1
   NU=1, MU=8, mflop[1]=2300.57
   900000:dmvn_C.c (M=2300, N=2000, lda=2303) gets 2300.57 MFLOPS
   NU=1, MU=16, mflop[1]=2300.57
   900000:dmvn_C.c (M=2300, N=2000, lda=2303) gets 2300.57 MFLOPS
   NU=1, MU=1, mflop[1]=2300.57
   900000:dmvn_C.c (M=2300, N=2000, lda=2303) gets 2300.57 MFLOPS
   NU=1, MU=2, mflop[1]=2300.57
   900000:dmvn_C.c (M=2300, N=2000, lda=2303) gets 2300.57 MFLOPS
   NU=1, MU=4, mflop[1]=2300.57
BEST MU-TUNED GENERATED KERNEL FOR imf=1: NU=1, MU=8, MF=2300.57

BEGIN BASIC KERNEL TESTS:
   Kernel dmvn_C.c(900000) passes basic test
DONE BASIC KERNEL TESTS:

BEGIN NU/MU EXTRACT SEARCH, imf=1:

BEGIN BASIC KERNEL TESTS:
   Kernel dmvn_sse.c(900000) passes basic test
   Kernel dmvn_sse.c(900000) passes basic test
   Kernel dmvn_sse.c(900000) passes basic test
   Kernel dmvn_sse.c(900000) passes basic test
   Kernel dmvn_sse.c(900000) passes basic test
   Kernel dmvn_sse.c(900000) passes basic test
   Kernel dmvn_sse.c(900000) passes basic test
   Kernel dmvn_sse.c(900000) passes basic test
   Kernel dmvn_sse.c(900000) passes basic test
   Kernel dmvn_sse.c(900000) passes basic test
   Kernel dmvn_sse.c(900000) passes basic test
   Kernel dmvn_sse.c(900000) passes basic test
   Kernel dmvn_sse.c(900000) passes basic test
   Kernel dmvn_sse.c(900000) passes basic test
DONE BASIC KERNEL TESTS:

   900000:dmvn_sse.c (M=2300, N=2000, lda=2303) gets 2300.57 MFLOPS
   900000:dmvn_sse.c (M=2300, N=2000, lda=2303) gets 2300.57 MFLOPS
   900000:dmvn_sse.c (M=2300, N=2000, lda=2303) gets 2300.57 MFLOPS
   900000:dmvn_sse.c (M=2300, N=1998, lda=2303) gets 2298.28 MFLOPS
   900000:dmvn_sse.c (M=2300, N=2000, lda=2303) gets 2300.57 MFLOPS
   900000:dmvn_sse.c (M=2300, N=2000, lda=2303) gets 2300.57 MFLOPS
   900000:dmvn_sse.c (M=2300, N=1992, lda=2303) gets 2291.38 MFLOPS
   900000:dmvn_sse.c (M=2300, N=2000, lda=2303) gets 2300.57 MFLOPS
   900000:dmvn_sse.c (M=2300, N=2000, lda=2303) gets 2300.57 MFLOPS
   900000:dmvn_sse.c (M=2300, N=2000, lda=2303) gets 2300.57 MFLOPS
   900000:dmvn_sse.c (M=2300, N=1998, lda=2303) gets 2298.28 MFLOPS
   900000:dmvn_sse.c (M=2300, N=2000, lda=2303) gets 2300.57 MFLOPS
   900000:dmvn_sse.c (M=2300, N=2000, lda=2303) gets 2300.57 MFLOPS
   900000:dmvn_sse.c (M=2300, N=1992, lda=2303) gets 2291.38 MFLOPS
   mu=8, nu=1, mflop[1]=2300.57
   mu=8, nu=2, mflop[1]=2300.57
   mu=8, nu=4, mflop[1]=2300.57
   mu=8, nu=6, mflop[1]=2298.28
   mu=8, nu=8, mflop[1]=2300.57
   mu=8, nu=10, mflop[1]=2300.57
   mu=8, nu=12, mflop[1]=2291.38
   mu=56, nu=1, mflop[1]=2300.57
   mu=48, nu=2, mflop[1]=2300.57
   mu=40, nu=4, mflop[1]=2300.57
   mu=32, nu=6, mflop[1]=2298.28
   mu=24, nu=8, mflop[1]=2300.57
   mu=16, nu=10, mflop[1]=2300.57
   mu=16, nu=12, mflop[1]=2291.38
BEST GENERATED NU-TUNED KERNEL FOR imf=1: MU=8, NU=1, MF=2300.57

BEGIN MU EXTRACT SEARCH, imf=1
   NU=1, MU=8, mflop[1]=2300.57
   900000:dmvn_sse.c (M=2300, N=2000, lda=2303) gets 2300.57 MFLOPS
   NU=1, MU=16, mflop[1]=2300.57
BEST MU-TUNED GENERATED KERNEL FOR imf=1: NU=1, MU=8, MF=2300.57

BEGIN BASIC KERNEL TESTS:
   Kernel dmvn_sse.c(900000) passes basic test
DONE BASIC KERNEL TESTS:


BEGIN L1-BLOCKED TUNING
   900002:dmvn_sse.c (M=2300, N=2000, lda=2303) gets 2300.57 MFLOPS
   900001:dmvn_C.c (M=2300, N=2000, lda=2303) gets 2300.57 MFLOPS
   1:ATL_gemvN_axpy.c (M=2300, N=2000, lda=2303) gets 1150.29 MFLOPS

TUNING PREFETCH INST, imf=0, BASELINE MFLOP=2300.57

   OP  PREF    MU    NU         MFLOP
   ==  ====  ====  ====  ============
    A   DEF     8     1       2300.57
    A   nta     8     1       2300.57
    A    t0     8     1       2300.57
    A    t1     8     1       2300.57
    A    t2     8     1       2300.57

   OP  PREF    MU    NU         MFLOP
   ==  ====  ====  ====  ============
    X   DEF     8     1       2300.57
    X   nta     8     1       2300.57
    X    t0     8     1       2300.57
    X    t1     8     1       2300.57
    X    t2     8     1       2300.57

   OP  PREF    MU    NU         MFLOP
   ==  ====  ====  ====  ============
    Y   DEF     8     1       2300.57
    Y   nta     8     1       2300.57
    Y    t0     8     1       2300.57
    Y    t1     8     1       2300.57
    Y    t2     8     1       2300.57

BEST MFLOP[0]=2300.57 (0.00 percent improvement)
   cflags='-x assembler-with-cpp'

TUNING PREFETCH DISTANCE FOR OPERAND 'A', imf=0:
   OP  DIST    MU    NU         MFLOP
   ==  ====  ====  ====  ============
    A   DEF     8     1       2300.57
    A    64     8     1       2300.57
    A   256     8     1       2300.57
    A   192     8     1       2300.57
    A     0     8     1       2300.57
DEFAULT imf=0 ADISTANCE IS BEST (2300.57)

TUNING PREFETCH DISTANCE FOR OPERAND 'X', imf=0:
   OP  DIST    MU    NU         MFLOP
   ==  ====  ====  ====  ============
    X   DEF     8     1       2300.57
    X    64     8     1       2300.57
    X   256     8     1       2300.57
    X   192     8     1       2300.57
    X     0     8     1       2300.57
DEFAULT imf=0 XDISTANCE IS BEST (2300.57)

TUNING PREFETCH DISTANCE FOR OPERAND 'Y', imf=0:
   OP  DIST    MU    NU         MFLOP
   ==  ====  ====  ====  ============
    Y   DEF     8     1       2300.57
    Y    64     8     1       2300.57
    Y   256     8     1       2300.57
    Y   192     8     1       2300.57
    Y     0     8     1       2300.57
DEFAULT imf=0 YDISTANCE IS BEST (2300.57)

PREFETCH DISTANCE TUNING imf=0 improved from 2300.57 to 2300.57 (0.00 percent)
DONE L1-BLOCKED TUNING, CHOSE 'dmvn_sse.c' (2300.57)


CACHE TUNING FOR 900002:'dmvn_sse.c', MU=8 NU=1
------------------------------------------
     M       N     lda  percL1       mflop
======  ======  ======  ======  ==========
  2300    2000    2303      50    2300.57
  2300    2000    2303     100    2300.57
  2300    2000    2303      74    2300.57
  2300    2000    2303      62    2300.57
  2300    2000    2303      56    2300.57
  2300    2000    2303      52    2300.57
  2300    2000    2303      54    2300.57
  2300    2000    2303      58    2300.57
  2300    2000    2303      60    2300.57
  2300    2000    2303      68    2300.57
  2300    2000    2303      64    2300.57
  2300    2000    2303      66    2300.57
  2300    2000    2303      70    2300.57
  2300    2000    2303      72    2300.57
  2300    2000    2303      86    2300.57
  2300    2000    2303      80    2300.57
  2300    2000    2303      76    2300.57
  2300    2000    2303      78    2300.57
  2300    2000    2303      82    2300.57
  2300    2000    2303      84    2300.57
  2300    2000    2303      92    2300.57
  2300    2000    2303      88    2300.57
  2300    2000    2303      90    2300.57
  2300    2000    2303      96    2300.57
  2300    2000    2303      94    2300.57
  2300    2000    2303      98    2300.57

BEST CASE 50 percent of L1, MFLOP=2300.57


BEGIN L2-BLOCKED TUNING
   900002:dmvn_sse.c (M=2300, N=2000, lda=2303) gets 2300.57 MFLOPS
   900001:dmvn_C.c (M=2300, N=2000, lda=2303) gets 2300.57 MFLOPS
   1:ATL_gemvN_axpy.c (M=2300, N=2000, lda=2303) gets 2300.57 MFLOPS

TUNING PREFETCH INST, imf=1, BASELINE MFLOP=2300.57

   OP  PREF    MU    NU         MFLOP
   ==  ====  ====  ====  ============
    A   DEF     8     1       2300.57
    A   nta     8     1       2300.57
    A    t0     8     1       2300.57
    A    t1     8     1       2300.57
    A    t2     8     1       2300.57

   OP  PREF    MU    NU         MFLOP
   ==  ====  ====  ====  ============
    X   DEF     8     1       2300.57
    X   nta     8     1       2300.57
    X    t0     8     1       2300.57
    X    t1     8     1       2300.57
    X    t2     8     1       2300.57

   OP  PREF    MU    NU         MFLOP
   ==  ====  ====  ====  ============
    Y   DEF     8     1       2300.57
    Y   nta     8     1       2300.57
    Y    t0     8     1       2300.57
    Y    t1     8     1       2300.57
    Y    t2     8     1       2300.57

BEST MFLOP[1]=2300.57 (0.00 percent improvement)
   cflags='-x assembler-with-cpp'

TUNING PREFETCH DISTANCE FOR OPERAND 'A', imf=1:
   OP  DIST    MU    NU         MFLOP
   ==  ====  ====  ====  ============
    A   DEF     8     1       2300.57
    A    64     8     1       2300.57
    A   256     8     1       2300.57
    A   192     8     1       2300.57
    A     0     8     1       2300.57
DEFAULT imf=1 ADISTANCE IS BEST (2300.57)

TUNING PREFETCH DISTANCE FOR OPERAND 'X', imf=1:
   OP  DIST    MU    NU         MFLOP
   ==  ====  ====  ====  ============
    X   DEF     8     1       2300.57
    X    64     8     1       2300.57
    X   256     8     1       2300.57
    X   192     8     1       2300.57
    X     0     8     1       2300.57
DEFAULT imf=1 XDISTANCE IS BEST (2300.57)

TUNING PREFETCH DISTANCE FOR OPERAND 'Y', imf=1:
   OP  DIST    MU    NU         MFLOP
   ==  ====  ====  ====  ============
    Y   DEF     8     1       2300.57
    Y    64     8     1       2300.57
    Y   256     8     1       2300.57
    Y   192     8     1       2300.57
    Y     0     8     1       2300.57
DEFAULT imf=1 YDISTANCE IS BEST (2300.57)

PREFETCH DISTANCE TUNING imf=1 improved from 2300.57 to 2300.57 (0.00 percent)
DONE L2-BLOCKED TUNING, CHOSE 'dmvn_sse.c' (2300.57)


CACHE TUNING FOR 900002:'dmvn_sse.c', MU=8 NU=1
------------------------------------------
     M       N     lda  percL1       mflop
======  ======  ======  ======  ==========
  2300    2000    2303     150    2300.57
  2300    2000    2303     800    2300.57
  2300    2000    2303     450    2300.57
  2300    2000    2303     300    2300.57
  2300    2000    2303     200    2300.57
  2300    2000    2303     250    2300.57
  2300    2000    2303     350    2300.57
  2300    2000    2303     400    2300.57
  2300    2000    2303     600    2300.57
  2300    2000    2303     500    2300.57
  2300    2000    2303     550    2300.57
  2300    2000    2303     700    2300.57
  2300    2000    2303     650    2300.57
  2300    2000    2303     750    2300.57

BEST CASE 150 percent of L1, MFLOP=2300.57

BEST L1-blocked kernel:
ID=900002 ROUT='dmvn_sse.c' AUTH='R. Clint Whaley' TA='N' \
   rankR=0 CacheElts=2048 SSE=3 alignA=0 alignY=16 alignX=16 minM=8 minN=1  \
   NU=1 MU=8 LDAMUL=0 PFTUNABLE=1 ALIGNX2A=0 ADDCFLAGS=0 GEMMBASED=0 AXPYBASED=1  \
   ALLALIGNXY=0 LDYTOP=0 FNU=1 X87=0  \
   MFLOP=2.300575e+03,2.300575e+03  ASM=GAS_x8664  CFLAGS='-x assembler-with-cpp' \
     COMP='/usr/bin/x86_64-redhat-linux-gcc -O -fomit-frame-pointer -mavx -m64 -fPIC -m64 -fPIC'
BEST L2-blocked kernel:
ID=900002 ROUT='dmvn_sse.c' AUTH='R. Clint Whaley' TA='N' \
   rankR=0 CacheElts=6144 SSE=3 alignA=0 alignY=16 alignX=16 minM=8 minN=1  \
   NU=1 MU=8 LDAMUL=0 PFTUNABLE=1 ALIGNX2A=0 ADDCFLAGS=0 GEMMBASED=0 AXPYBASED=1  \
   ALLALIGNXY=0 LDYTOP=0 FNU=1 X87=0  \
   MFLOP=2.300575e+03,2.300575e+03  ASM=GAS_x8664  CFLAGS='-x assembler-with-cpp' \
     COMP='/usr/bin/x86_64-redhat-linux-gcc -O -fomit-frame-pointer -mavx -m64 -fPIC -m64 -fPIC'
BEGIN NU/MU EXTRACT SEARCH, imf=4:

BEGIN BASIC KERNEL TESTS:
   Kernel dmvn_C.c(900000) passes basic test
   Kernel dmvn_C.c(900000) passes basic test
   Kernel dmvn_C.c(900000) passes basic test
   Kernel dmvn_C.c(900000) passes basic test
   Kernel dmvn_C.c(900000) passes basic test
   Kernel dmvn_C.c(900000) passes basic test
   Kernel dmvn_C.c(900000) passes basic test
   Kernel dmvn_C.c(900000) passes basic test
   Kernel dmvn_C.c(900000) passes basic test
   Kernel dmvn_C.c(900000) passes basic test
   Kernel dmvn_C.c(900000) passes basic test
   Kernel dmvn_C.c(900000) passes basic test
   Kernel dmvn_C.c(900000) passes basic test
   Kernel dmvn_C.c(900000) passes basic test
   Kernel dmvn_C.c(900000) passes basic test
   Kernel dmvn_C.c(900000) passes basic test
DONE BASIC KERNEL TESTS:

   900000:dmvn_C.c (M=435, N=8, lda=441) gets 1623.20 MFLOPS
   900000:dmvn_C.c (M=435, N=8, lda=441) gets 3246.41 MFLOPS
   900000:dmvn_C.c (M=435, N=8, lda=441) gets 3246.41 MFLOPS
   900000:dmvn_C.c (M=435, N=8, lda=441) gets 3246.41 MFLOPS
   900000:dmvn_C.c (M=290, N=12, lda=294) gets 3248.00 MFLOPS
   900000:dmvn_C.c (M=217, N=16, lda=224) gets 3251.09 MFLOPS
   900000:dmvn_C.c (M=174, N=20, lda=182) gets 3245.97 MFLOPS
   900000:dmvn_C.c (M=145, N=24, lda=154) gets 3246.99 MFLOPS
   900000:dmvn_C.c (M=435, N=8, lda=441) gets 1623.20 MFLOPS
   900000:dmvn_C.c (M=435, N=8, lda=441) gets 1623.20 MFLOPS
   900000:dmvn_C.c (M=435, N=8, lda=441) gets 3246.41 MFLOPS
   900000:dmvn_C.c (M=435, N=8, lda=441) gets 1623.20 MFLOPS
   900000:dmvn_C.c (M=290, N=12, lda=294) gets 1624.00 MFLOPS
   900000:dmvn_C.c (M=217, N=16, lda=224) gets 3251.09 MFLOPS
   900000:dmvn_C.c (M=174, N=20, lda=182) gets 3245.97 MFLOPS
   900000:dmvn_C.c (M=145, N=24, lda=154) gets 3246.99 MFLOPS
   mu=8, nu=1, mflop[4]=1623.20
   mu=8, nu=2, mflop[4]=3246.41
   mu=8, nu=4, mflop[4]=3246.41
   mu=8, nu=8, mflop[4]=3246.41
   mu=8, nu=12, mflop[4]=3248.00
   mu=8, nu=16, mflop[4]=3251.09
   mu=8, nu=20, mflop[4]=3245.97
   mu=8, nu=24, mflop[4]=3246.99
   mu=64, nu=1, mflop[4]=1623.20
   mu=56, nu=2, mflop[4]=1623.20
   mu=48, nu=4, mflop[4]=3246.41
   mu=40, nu=8, mflop[4]=1623.20
   mu=32, nu=12, mflop[4]=1624.00
   mu=24, nu=16, mflop[4]=3251.09
   mu=16, nu=20, mflop[4]=3245.97
   mu=16, nu=24, mflop[4]=3246.99
BEST GENERATED NU-TUNED KERNEL FOR imf=4: MU=8, NU=16, MF=3251.09

BEGIN MU EXTRACT SEARCH, imf=4
   NU=16, MU=8, mflop[4]=3251.09
   900000:dmvn_C.c (M=217, N=16, lda=224) gets 3251.09 MFLOPS
   NU=16, MU=16, mflop[4]=3251.09
   900000:dmvn_C.c (M=217, N=16, lda=224) gets 3251.09 MFLOPS
   NU=16, MU=1, mflop[4]=3251.09
   900000:dmvn_C.c (M=217, N=16, lda=224) gets 3251.09 MFLOPS
   NU=16, MU=2, mflop[4]=3251.09
   900000:dmvn_C.c (M=217, N=16, lda=224) gets 3251.09 MFLOPS
   NU=16, MU=4, mflop[4]=3251.09
BEST MU-TUNED GENERATED KERNEL FOR imf=4: NU=16, MU=8, MF=3251.09

BEGIN BASIC KERNEL TESTS:
   Kernel dmvn_C.c(900000) passes basic test
DONE BASIC KERNEL TESTS:

BEGIN NU/MU EXTRACT SEARCH, imf=4:

BEGIN BASIC KERNEL TESTS:
   Kernel dmvn_sse.c(900000) passes basic test
   Kernel dmvn_sse.c(900000) passes basic test
   Kernel dmvn_sse.c(900000) passes basic test
   Kernel dmvn_sse.c(900000) passes basic test
   Kernel dmvn_sse.c(900000) passes basic test
   Kernel dmvn_sse.c(900000) passes basic test
   Kernel dmvn_sse.c(900000) passes basic test
   Kernel dmvn_sse.c(900000) passes basic test
   Kernel dmvn_sse.c(900000) passes basic test
   Kernel dmvn_sse.c(900000) passes basic test
   Kernel dmvn_sse.c(900000) passes basic test
   Kernel dmvn_sse.c(900000) passes basic test
   Kernel dmvn_sse.c(900000) passes basic test
   Kernel dmvn_sse.c(900000) passes basic test
DONE BASIC KERNEL TESTS:

   900000:dmvn_sse.c (M=435, N=8, lda=441) gets 4328.54 MFLOPS
   900000:dmvn_sse.c (M=435, N=8, lda=441) gets 6492.81 MFLOPS
   900000:dmvn_sse.c (M=435, N=8, lda=441) gets 6492.81 MFLOPS
   900000:dmvn_sse.c (M=290, N=12, lda=294) gets 6496.00 MFLOPS
   900000:dmvn_sse.c (M=435, N=8, lda=441) gets 6492.81 MFLOPS
   900000:dmvn_sse.c (M=348, N=10, lda=357) gets 6489.50 MFLOPS
   900000:dmvn_sse.c (M=290, N=12, lda=294) gets 6496.00 MFLOPS
   900000:dmvn_sse.c (M=435, N=8, lda=441) gets 3246.41 MFLOPS
   900000:dmvn_sse.c (M=435, N=8, lda=441) gets 6492.81 MFLOPS
   900000:dmvn_sse.c (M=435, N=8, lda=441) gets 6492.81 MFLOPS
   900000:dmvn_sse.c (M=290, N=12, lda=294) gets 6496.00 MFLOPS
   900000:dmvn_sse.c (M=435, N=8, lda=441) gets 6492.81 MFLOPS
   900000:dmvn_sse.c (M=348, N=10, lda=357) gets 6489.50 MFLOPS
   900000:dmvn_sse.c (M=290, N=12, lda=294) gets 6496.00 MFLOPS
   mu=8, nu=1, mflop[4]=4328.54
   mu=8, nu=2, mflop[4]=6492.81
   mu=8, nu=4, mflop[4]=6492.81
   mu=8, nu=6, mflop[4]=6496.00
   mu=8, nu=8, mflop[4]=6492.81
   mu=8, nu=10, mflop[4]=6489.50
   mu=8, nu=12, mflop[4]=6496.00
   mu=56, nu=1, mflop[4]=3246.41
   mu=48, nu=2, mflop[4]=6492.81
   mu=40, nu=4, mflop[4]=6492.81
   mu=32, nu=6, mflop[4]=6496.00
   mu=24, nu=8, mflop[4]=6492.81
   mu=16, nu=10, mflop[4]=6489.50
   mu=16, nu=12, mflop[4]=6496.00
BEST GENERATED NU-TUNED KERNEL FOR imf=4: MU=8, NU=6, MF=6496.00

BEGIN MU EXTRACT SEARCH, imf=4
   NU=6, MU=8, mflop[4]=6496.00
   900000:dmvn_sse.c (M=290, N=12, lda=294) gets 6496.00 MFLOPS
   NU=6, MU=16, mflop[4]=6496.00
BEST MU-TUNED GENERATED KERNEL FOR imf=4: NU=6, MU=8, MF=6496.00

BEGIN BASIC KERNEL TESTS:
   Kernel dmvn_sse.c(900000) passes basic test
DONE BASIC KERNEL TESTS:

BEGIN NU/MU EXTRACT SEARCH, imf=3:

BEGIN BASIC KERNEL TESTS:
   Kernel dmvn_C.c(900000) passes basic test
   Kernel dmvn_C.c(900000) passes basic test
   Kernel dmvn_C.c(900000) passes basic test
   Kernel dmvn_C.c(900000) passes basic test
   Kernel dmvn_C.c(900000) passes basic test
   Kernel dmvn_C.c(900000) passes basic test
   Kernel dmvn_C.c(900000) passes basic test
   Kernel dmvn_C.c(900000) passes basic test
   Kernel dmvn_C.c(900000) passes basic test
   Kernel dmvn_C.c(900000) passes basic test
   Kernel dmvn_C.c(900000) passes basic test
   Kernel dmvn_C.c(900000) passes basic test
   Kernel dmvn_C.c(900000) passes basic test
   Kernel dmvn_C.c(900000) passes basic test
   Kernel dmvn_C.c(900000) passes basic test
   Kernel dmvn_C.c(900000) passes basic test
DONE BASIC KERNEL TESTS:

   900000:dmvn_C.c (M=1024, N=16, lda=1029) gets 1622.02 MFLOPS
   900000:dmvn_C.c (M=1024, N=16, lda=1029) gets 2162.69 MFLOPS
   900000:dmvn_C.c (M=1024, N=16, lda=1029) gets 3244.03 MFLOPS
   900000:dmvn_C.c (M=1024, N=16, lda=1029) gets 3244.03 MFLOPS
   900000:dmvn_C.c (M=682, N=24, lda=686) gets 2183.31 MFLOPS
   900000:dmvn_C.c (M=1024, N=16, lda=1029) gets 3244.03 MFLOPS
   900000:dmvn_C.c (M=819, N=20, lda=826) gets 3257.16 MFLOPS
   900000:dmvn_C.c (M=682, N=24, lda=686) gets 3274.96 MFLOPS
   900000:dmvn_C.c (M=1024, N=16, lda=1029) gets 1622.02 MFLOPS
   900000:dmvn_C.c (M=1024, N=16, lda=1029) gets 1622.02 MFLOPS
   900000:dmvn_C.c (M=1024, N=16, lda=1029) gets 1622.02 MFLOPS
   900000:dmvn_C.c (M=1024, N=16, lda=1029) gets 1622.02 MFLOPS
   900000:dmvn_C.c (M=682, N=24, lda=686) gets 1637.48 MFLOPS
   900000:dmvn_C.c (M=1024, N=16, lda=1029) gets 1622.02 MFLOPS
   900000:dmvn_C.c (M=819, N=20, lda=826) gets 3257.16 MFLOPS
   900000:dmvn_C.c (M=682, N=24, lda=686) gets 1637.48 MFLOPS
   mu=8, nu=1, mflop[3]=1622.02
   mu=8, nu=2, mflop[3]=2162.69
   mu=8, nu=4, mflop[3]=3244.03
   mu=8, nu=8, mflop[3]=3244.03
   mu=8, nu=12, mflop[3]=2183.31
   mu=8, nu=16, mflop[3]=3244.03
   mu=8, nu=20, mflop[3]=3257.16
   mu=8, nu=24, mflop[3]=3274.96
   mu=64, nu=1, mflop[3]=1622.02
   mu=56, nu=2, mflop[3]=1622.02
   mu=48, nu=4, mflop[3]=1622.02
   mu=40, nu=8, mflop[3]=1622.02
   mu=32, nu=12, mflop[3]=1637.48
   mu=24, nu=16, mflop[3]=1622.02
   mu=16, nu=20, mflop[3]=3257.16
   mu=16, nu=24, mflop[3]=1637.48
BEST GENERATED NU-TUNED KERNEL FOR imf=3: MU=8, NU=24, MF=3274.96

BEGIN MU EXTRACT SEARCH, imf=3
   NU=24, MU=8, mflop[3]=3274.96
   900000:dmvn_C.c (M=682, N=24, lda=686) gets 1637.48 MFLOPS
   NU=24, MU=16, mflop[3]=1637.48
   900000:dmvn_C.c (M=682, N=24, lda=686) gets 3274.96 MFLOPS
   NU=24, MU=1, mflop[3]=3274.96
   900000:dmvn_C.c (M=682, N=24, lda=686) gets 3274.96 MFLOPS
   NU=24, MU=2, mflop[3]=3274.96
   900000:dmvn_C.c (M=682, N=24, lda=686) gets 3274.96 MFLOPS
   NU=24, MU=4, mflop[3]=3274.96
BEST MU-TUNED GENERATED KERNEL FOR imf=3: NU=24, MU=8, MF=3274.96

BEGIN BASIC KERNEL TESTS:
   Kernel dmvn_C.c(900000) passes basic test
DONE BASIC KERNEL TESTS:

BEGIN NU/MU EXTRACT SEARCH, imf=3:

BEGIN BASIC KERNEL TESTS:
   Kernel dmvn_sse.c(900000) passes basic test
   Kernel dmvn_sse.c(900000) passes basic test
   Kernel dmvn_sse.c(900000) passes basic test
   Kernel dmvn_sse.c(900000) passes basic test
   Kernel dmvn_sse.c(900000) passes basic test
   Kernel dmvn_sse.c(900000) passes basic test
   Kernel dmvn_sse.c(900000) passes basic test
   Kernel dmvn_sse.c(900000) passes basic test
   Kernel dmvn_sse.c(900000) passes basic test
   Kernel dmvn_sse.c(900000) passes basic test
   Kernel dmvn_sse.c(900000) passes basic test
   Kernel dmvn_sse.c(900000) passes basic test
   Kernel dmvn_sse.c(900000) passes basic test
   Kernel dmvn_sse.c(900000) passes basic test
DONE BASIC KERNEL TESTS:

   900000:dmvn_sse.c (M=1024, N=16, lda=1029) gets 6488.06 MFLOPS
   900000:dmvn_sse.c (M=1024, N=16, lda=1029) gets 6488.06 MFLOPS
   900000:dmvn_sse.c (M=1024, N=16, lda=1029) gets 6488.06 MFLOPS
   900000:dmvn_sse.c (M=910, N=18, lda=917) gets 6531.98 MFLOPS
   900000:dmvn_sse.c (M=1024, N=16, lda=1029) gets 6488.06 MFLOPS
   900000:dmvn_sse.c (M=819, N=20, lda=826) gets 6514.33 MFLOPS
   900000:dmvn_sse.c (M=682, N=24, lda=686) gets 3274.96 MFLOPS
   900000:dmvn_sse.c (M=1024, N=16, lda=1029) gets 6488.06 MFLOPS
   900000:dmvn_sse.c (M=1024, N=16, lda=1029) gets 4325.38 MFLOPS
   900000:dmvn_sse.c (M=1024, N=16, lda=1029) gets 3244.03 MFLOPS
   900000:dmvn_sse.c (M=910, N=18, lda=917) gets 6531.98 MFLOPS
   900000:dmvn_sse.c (M=1024, N=16, lda=1029) gets 4325.38 MFLOPS
   900000:dmvn_sse.c (M=819, N=20, lda=826) gets 3257.16 MFLOPS
   900000:dmvn_sse.c (M=682, N=24, lda=686) gets 3274.96 MFLOPS
   mu=8, nu=1, mflop[3]=6488.06
   mu=8, nu=2, mflop[3]=6488.06
   mu=8, nu=4, mflop[3]=6488.06
   mu=8, nu=6, mflop[3]=6531.98
   mu=8, nu=8, mflop[3]=6488.06
   mu=8, nu=10, mflop[3]=6514.33
   mu=8, nu=12, mflop[3]=3274.96
   mu=56, nu=1, mflop[3]=6488.06
   mu=48, nu=2, mflop[3]=4325.38
   mu=40, nu=4, mflop[3]=3244.03
   mu=32, nu=6, mflop[3]=6531.98
   mu=24, nu=8, mflop[3]=4325.38
   mu=16, nu=10, mflop[3]=3257.16
   mu=16, nu=12, mflop[3]=3274.96
BEST GENERATED NU-TUNED KERNEL FOR imf=3: MU=8, NU=6, MF=6531.98

BEGIN MU EXTRACT SEARCH, imf=3
   NU=6, MU=8, mflop[3]=6531.98
   900000:dmvn_sse.c (M=910, N=18, lda=917) gets 6531.98 MFLOPS
   NU=6, MU=16, mflop[3]=6531.98
BEST MU-TUNED GENERATED KERNEL FOR imf=3: NU=6, MU=8, MF=6531.98

BEGIN BASIC KERNEL TESTS:
   Kernel dmvn_sse.c(900000) passes basic test
DONE BASIC KERNEL TESTS:

   900007:dmvn_C.c (M=145, N=24, lda=154) gets 3246.99 MFLOPS
   900005:dmvn_sse.c (M=290, N=12, lda=294) gets 6496.00 MFLOPS
   900004:dmvn_C.c (M=217, N=16, lda=224) gets 3251.09 MFLOPS
   900002:dmvn_sse.c (M=435, N=8, lda=441) gets 6492.81 MFLOPS
   900001:dmvn_C.c (M=435, N=8, lda=441) gets 1623.20 MFLOPS
   1:ATL_gemvN_axpy.c (M=217, N=16, lda=224) gets 3251.09 MFLOPS

TUNING PREFETCH INST, imf=4, BASELINE MFLOP=6496.00

   OP  PREF    MU    NU         MFLOP
   ==  ====  ====  ====  ============
    A   DEF     8     6       6496.00
    A   nta     8     6       9660.06
    A    t0     8     6       9660.06
    A    t1     8     6       9660.06
    A    t2     8     6       9546.42

   OP  PREF    MU    NU         MFLOP
   ==  ====  ====  ====  ============
    X   DEF     8     6       9660.06
    X   nta     8     6       9660.06
    X    t0     8     6       9660.06
    X    t1     8     6       9546.42
    X    t2     8     6       9660.06

   OP  PREF    MU    NU         MFLOP
   ==  ====  ====  ====  ============
    Y   DEF     8     6       9660.06
    Y   nta     8     6       9660.06
    Y    t0     8     6       9660.06
    Y    t1     8     6       9660.06
    Y    t2     8     6       9660.06

BEST MFLOP[4]=9660.06 (48.71 percent improvement)
   cflags='-x assembler-with-cpp'

TUNING PREFETCH DISTANCE FOR OPERAND 'A', imf=4:
   OP  DIST    MU    NU         MFLOP
   ==  ====  ====  ====  ============
    A   DEF     8     6       9546.42
    A    64     8     6       9546.42
    A   256     8     6       9660.06
    A   512     8     6       9660.06
    A   320     8     6       9660.06
    A   384     8     6       9660.06
    A   448     8     6       9660.06
    A     0     8     6       9660.06
BEST imf=4 PFADIST=256 (9660.06)

TUNING PREFETCH DISTANCE FOR OPERAND 'X', imf=4:
   OP  DIST    MU    NU         MFLOP
   ==  ====  ====  ====  ============
    X   DEF     8     6       9660.06
    X    64     8     6       9660.06
    X   256     8     6       9660.06
    X   192     8     6       9546.42
    X     0     8     6       9660.06
DEFAULT imf=4 XDISTANCE IS BEST (9660.06)

TUNING PREFETCH DISTANCE FOR OPERAND 'Y', imf=4:
   OP  DIST    MU    NU         MFLOP
   ==  ====  ====  ====  ============
    Y   DEF     8     6       9660.06
    Y    64     8     6       9660.06
    Y   256     8     6       9660.06
    Y   192     8     6       9660.06
    Y     0     8     6       9546.42
DEFAULT imf=4 YDISTANCE IS BEST (9660.06)

PREFETCH DISTANCE TUNING imf=4 improved from 9660.06 to 9546.42 (-1.18 percent)
   900007:dmvn_C.c (M=682, N=24, lda=686) gets 3274.96 MFLOPS
   900005:dmvn_sse.c (M=910, N=18, lda=917) gets 6531.98 MFLOPS
   900004:dmvn_C.c (M=1024, N=16, lda=1029) gets 3244.03 MFLOPS
   900002:dmvn_sse.c (M=1024, N=16, lda=1029) gets 3244.03 MFLOPS
   900001:dmvn_C.c (M=1024, N=16, lda=1029) gets 1622.02 MFLOPS
   1:ATL_gemvN_axpy.c (M=1024, N=16, lda=1029) gets 3244.03 MFLOPS

TUNING PREFETCH INST, imf=3, BASELINE MFLOP=6531.98

   OP  PREF    MU    NU         MFLOP
   ==  ====  ====  ====  ============
    A   DEF     8     6       6531.98
    A   nta     8     6      10143.09
    A    t0     8     6      10143.09
    A    t1     8     6       9016.08
    A    t2     8     6       8114.47

   OP  PREF    MU    NU         MFLOP
   ==  ====  ====  ====  ============
    X   DEF     8     6      10143.09
    X   nta     8     6      10143.09
    X    t0     8     6      10143.09
    X    t1     8     6      10143.09
    X    t2     8     6      10143.09

   OP  PREF    MU    NU         MFLOP
   ==  ====  ====  ====  ============
    Y   DEF     8     6      10143.09
    Y   nta     8     6      10143.09
    Y    t0     8     6      10143.09
    Y    t1     8     6      10143.09
    Y    t2     8     6      10143.09

BEST MFLOP[3]=10143.09 (55.28 percent improvement)
   cflags='-x assembler-with-cpp'

TUNING PREFETCH DISTANCE FOR OPERAND 'A', imf=3:
   OP  DIST    MU    NU         MFLOP
   ==  ====  ====  ====  ============
    A   DEF     8     6      10143.09
    A    64     8     6      10143.09
    A   256     8     6      10143.09
    A   192     8     6      10143.09
    A     0     8     6       9016.08
DEFAULT imf=3 ADISTANCE IS BEST (10143.09)

TUNING PREFETCH DISTANCE FOR OPERAND 'X', imf=3:
   OP  DIST    MU    NU         MFLOP
   ==  ====  ====  ====  ============
    X   DEF     8     6      10143.09
    X    64     8     6      10143.09
    X   256     8     6      10143.09
    X   192     8     6      10143.09
    X     0     8     6      10143.09
DEFAULT imf=3 XDISTANCE IS BEST (10143.09)

TUNING PREFETCH DISTANCE FOR OPERAND 'Y', imf=3:
   OP  DIST    MU    NU         MFLOP
   ==  ====  ====  ====  ============
    Y   DEF     8     6      10143.09
    Y    64     8     6      10143.09
    Y   256     8     6      10143.09
    Y   192     8     6      10143.09
    Y     0     8     6      10143.09
DEFAULT imf=3 YDISTANCE IS BEST (10143.09)

PREFETCH DISTANCE TUNING imf=3 improved from 10143.09 to 10143.09 (0.00 percent)
   900007:dmvn_C.c (M=2300, N=1992, lda=2303) gets 2291.38 MFLOPS
   900005:dmvn_sse.c (M=2300, N=1998, lda=2303) gets 2298.28 MFLOPS
   900004:dmvn_C.c (M=2300, N=2000, lda=2303) gets 2300.57 MFLOPS
   900002:dmvn_sse.c (M=2300, N=2000, lda=2303) gets 2300.57 MFLOPS
   900001:dmvn_C.c (M=2300, N=2000, lda=2303) gets 2300.57 MFLOPS
   1:ATL_gemvN_axpy.c (M=2300, N=2000, lda=2303) gets 2300.57 MFLOPS

TUNING PREFETCH INST, imf=2, BASELINE MFLOP=2300.57

   OP  PREF    MU    NU         MFLOP
   ==  ====  ====  ====  ============
    A   DEF     8    16       2300.57
    A   nta     8    16       2300.57
    A    t0     8    16       2300.57
    A    t1     8    16       2300.57
    A    t2     8    16       2300.57

   OP  PREF    MU    NU         MFLOP
   ==  ====  ====  ====  ============
    X   DEF     8    16       2300.57
    X   nta     8    16       2300.57
    X    t0     8    16       2300.57
    X    t1     8    16       2300.57
    X    t2     8    16       2300.57

   OP  PREF    MU    NU         MFLOP
   ==  ====  ====  ====  ============
    Y   DEF     8    16       2300.57
    Y   nta     8    16       2300.57
    Y    t0     8    16       2300.57
    Y    t1     8    16       2300.57
    Y    t2     8    16       2300.57

BEST MFLOP[2]=2300.57 (0.00 percent improvement)
   cflags='-O -fomit-frame-pointer -mavx -m64 -fPIC'

TUNING PREFETCH DISTANCE FOR OPERAND 'A', imf=2:
   OP  DIST    MU    NU         MFLOP
   ==  ====  ====  ====  ============
    A   DEF     8    16       2300.57
    A    64     8    16       2300.57
    A   256     8    16       2300.57
    A   192     8    16       2300.57
    A     0     8    16       2300.57
DEFAULT imf=2 ADISTANCE IS BEST (2300.57)

TUNING PREFETCH DISTANCE FOR OPERAND 'X', imf=2:
   OP  DIST    MU    NU         MFLOP
   ==  ====  ====  ====  ============
    X   DEF     8    16       2300.57
    X    64     8    16       2300.57
    X   256     8    16       2300.57
    X   192     8    16       2300.57
    X     0     8    16       2300.57
DEFAULT imf=2 XDISTANCE IS BEST (2300.57)

TUNING PREFETCH DISTANCE FOR OPERAND 'Y', imf=2:
   OP  DIST    MU    NU         MFLOP
   ==  ====  ====  ====  ============
    Y   DEF     8    16       2300.57
    Y    64     8    16       2300.57
    Y   256     8    16       2300.57
    Y   192     8    16       2300.57
    Y     0     8    16       2300.57
DEFAULT imf=2 YDISTANCE IS BEST (2300.57)

PREFETCH DISTANCE TUNING imf=2 improved from 2300.57 to 2300.57 (0.00 percent)

Best out-of-cache kernel:
ID=900002 ROUT='dmvn_sse.c' AUTH='R. Clint Whaley' TA='N' \
   rankR=0 CacheElts=2048 SSE=3 alignA=0 alignY=16 alignX=16 minM=8 minN=1  \
   NU=1 MU=8 LDAMUL=0 PFTUNABLE=1 ALIGNX2A=0 ADDCFLAGS=0 GEMMBASED=0 AXPYBASED=1  \
   ALLALIGNXY=0 LDYTOP=0 FNU=1 X87=0  \
   MFLOP=2.300575e+03,2.300575e+03  ASM=GAS_x8664  CFLAGS='-x assembler-with-cpp' \
     COMP='/usr/bin/x86_64-redhat-linux-gcc -O -fomit-frame-pointer -mavx -m64 -fPIC -m64 -fPIC'

BEGIN RESTRICTED OUT-OF-CACHE TUNING
   900006:dmvn_sse.c (M=2300, N=1998, lda=2308) gets 2298.28 MFLOPS
   900003:dmvn_sse.c (M=2300, N=2000, lda=2308) gets 2300.57 MFLOPS

TUNING PREFETCH INST, imf=0, BASELINE MFLOP=2300.57

   OP  PREF    MU    NU         MFLOP
   ==  ====  ====  ====  ============
    A   DEF     8     1       2300.57
    A   nta     8     1       2300.57
    A    t0     8     1       2300.57
    A    t1     8     1       2300.57
    A    t2     8     1       2300.57

   OP  PREF    MU    NU         MFLOP
   ==  ====  ====  ====  ============
    X   DEF     8     1       2300.57
    X   nta     8     1       2300.57
    X    t0     8     1       2300.57
    X    t1     8     1       2300.57
    X    t2     8     1       2300.57

   OP  PREF    MU    NU         MFLOP
   ==  ====  ====  ====  ============
    Y   DEF     8     1       2300.57
    Y   nta     8     1       2300.57
    Y    t0     8     1       2300.57
    Y    t1     8     1       2300.57
    Y    t2     8     1       2300.57

BEST MFLOP[0]=2300.57 (0.00 percent improvement)
   cflags='-x assembler-with-cpp'

TUNING PREFETCH DISTANCE FOR OPERAND 'A', imf=0:
   OP  DIST    MU    NU         MFLOP
   ==  ====  ====  ====  ============
    A   DEF     8     1       2300.57
    A    64     8     1       2300.57
    A   256     8     1       2300.57
    A   192     8     1       2300.57
    A     0     8     1       2300.57
DEFAULT imf=0 ADISTANCE IS BEST (2300.57)

TUNING PREFETCH DISTANCE FOR OPERAND 'X', imf=0:
   OP  DIST    MU    NU         MFLOP
   ==  ====  ====  ====  ============
    X   DEF     8     1       2300.57
    X    64     8     1       2300.57
    X   256     8     1       2300.57
    X   192     8     1       2300.57
    X     0     8     1       2300.57
DEFAULT imf=0 XDISTANCE IS BEST (2300.57)

TUNING PREFETCH DISTANCE FOR OPERAND 'Y', imf=0:
   OP  DIST    MU    NU         MFLOP
   ==  ====  ====  ====  ============
    Y   DEF     8     1       2300.57
    Y    64     8     1       2300.57
    Y   256     8     1       2300.57
    Y   192     8     1       2300.57
    Y     0     8     1       2300.57
DEFAULT imf=0 YDISTANCE IS BEST (2300.57)

PREFETCH DISTANCE TUNING imf=0 improved from 2300.57 to 2300.57 (0.00 percent)
NO RESTRICTED OUT-OF-CACHE KERNEL USED.

BEGIN RESTRICTED L1-BLOCKED TUNING
   900006:dmvn_sse.c (M=2300, N=1998, lda=2308) gets 2298.28 MFLOPS
   900003:dmvn_sse.c (M=2300, N=2000, lda=2308) gets 2300.57 MFLOPS

TUNING PREFETCH INST, imf=0, BASELINE MFLOP=2300.57

   OP  PREF    MU    NU         MFLOP
   ==  ====  ====  ====  ============
    A   DEF     8     1       2300.57
    A   nta     8     1       2300.57
    A    t0     8     1       2300.57
    A    t1     8     1       2300.57
    A    t2     8     1       2300.57

   OP  PREF    MU    NU         MFLOP
   ==  ====  ====  ====  ============
    X   DEF     8     1       2300.57
    X   nta     8     1       2300.57
    X    t0     8     1       2300.57
    X    t1     8     1       2300.57
    X    t2     8     1       2300.57

   OP  PREF    MU    NU         MFLOP
   ==  ====  ====  ====  ============
    Y   DEF     8     1       2300.57
    Y   nta     8     1       2300.57
    Y    t0     8     1       2300.57
    Y    t1     8     1       2300.57
    Y    t2     8     1       2300.57

BEST MFLOP[0]=2300.57 (0.00 percent improvement)
   cflags='-x assembler-with-cpp'

TUNING PREFETCH DISTANCE FOR OPERAND 'A', imf=0:
   OP  DIST    MU    NU         MFLOP
   ==  ====  ====  ====  ============
    A   DEF     8     1       2300.57
    A    64     8     1       2300.57
    A   256     8     1       2300.57
    A   192     8     1       2300.57
    A     0     8     1       2300.57
DEFAULT imf=0 ADISTANCE IS BEST (2300.57)

TUNING PREFETCH DISTANCE FOR OPERAND 'X', imf=0:
   OP  DIST    MU    NU         MFLOP
   ==  ====  ====  ====  ============
    X   DEF     8     1       2300.57
    X    64     8     1       2300.57
    X   256     8     1       2300.57
    X   192     8     1       2300.57
    X     0     8     1       2300.57
DEFAULT imf=0 XDISTANCE IS BEST (2300.57)

TUNING PREFETCH DISTANCE FOR OPERAND 'Y', imf=0:
   OP  DIST    MU    NU         MFLOP
   ==  ====  ====  ====  ============
    Y   DEF     8     1       2300.57
    Y    64     8     1       2300.57
    Y   256     8     1       2300.57
    Y   192     8     1       2300.57
    Y     0     8     1       2300.57
DEFAULT imf=0 YDISTANCE IS BEST (2300.57)

PREFETCH DISTANCE TUNING imf=0 improved from 2300.57 to 2300.57 (0.00 percent)
NO RESTRICTED L1-BLOCKED KERNEL USED.

BEGIN RESTRICTED in-L1 TUNING
   900006:dmvn_sse.c (M=290, N=12, lda=298) gets 6496.00 MFLOPS
   900003:dmvn_sse.c (M=435, N=8, lda=444) gets 4328.54 MFLOPS

TUNING PREFETCH INST, imf=4, BASELINE MFLOP=6496.00

   OP  PREF    MU    NU         MFLOP
   ==  ====  ====  ====  ============
    A   DEF     8     6       6496.00
    A   nta     8     6      10143.07
    A    t0     8     6      10143.07
    A    t1     8     6      10017.84
    A    t2     8     6      10017.84

   OP  PREF    MU    NU         MFLOP
   ==  ====  ====  ====  ============
    X   DEF     8     6      10143.07
    X   nta     8     6      10143.07
    X    t0     8     6      10017.84
    X    t1     8     6      10143.07
    X    t2     8     6      10143.07

   OP  PREF    MU    NU         MFLOP
   ==  ====  ====  ====  ============
    Y   DEF     8     6      10143.07
    Y   nta     8     6      10143.07
    Y    t0     8     6      10017.84
    Y    t1     8     6      10143.07
    Y    t2     8     6      10143.07

BEST MFLOP[4]=10143.07 (56.14 percent improvement)
   cflags='-x assembler-with-cpp -DPFIX=prefetchnta -DPFIY=prefetchnta'

TUNING PREFETCH DISTANCE FOR OPERAND 'A', imf=4:
   OP  DIST    MU    NU         MFLOP
   ==  ====  ====  ====  ============
    A   DEF     8     6      10143.07
    A    64     8     6      10143.07
    A   256     8     6      10143.07
    A   192     8     6      10143.07
    A     0     8     6      10017.84
DEFAULT imf=4 ADISTANCE IS BEST (10143.07)

TUNING PREFETCH DISTANCE FOR OPERAND 'X', imf=4:
   OP  DIST    MU    NU         MFLOP
   ==  ====  ====  ====  ============
    X   DEF     8     6      10143.07
    X    64     8     6      10143.07
    X   256     8     6      10143.07
    X   192     8     6      10143.07
    X     0     8     6      10143.07
DEFAULT imf=4 XDISTANCE IS BEST (10143.07)

TUNING PREFETCH DISTANCE FOR OPERAND 'Y', imf=4:
   OP  DIST    MU    NU         MFLOP
   ==  ====  ====  ====  ============
    Y   DEF     8     6      10143.07
    Y    64     8     6      10143.07
    Y   256     8     6      10143.07
    Y   192     8     6      10143.07
    Y     0     8     6      10017.84
DEFAULT imf=4 YDISTANCE IS BEST (10143.07)

PREFETCH DISTANCE TUNING imf=4 improved from 10143.07 to 10143.07 (0.00 percent)
KERNEL CHOSEN:
ID=900006 ROUT='dmvn_sse.c' AUTH='R. Clint Whaley' TA='N' \
   rankR=1 CacheElts=2048 SSE=3 alignA=16 alignY=16 alignX=16 minM=8 minN=6  \
   NU=6 MU=8 LDAMUL=16 PFTUNABLE=1 ALIGNX2A=0 ADDCFLAGS=0 GEMMBASED=0 AXPYBASED=1  \
   ALLALIGNXY=0 LDYTOP=0 FNU=1 X87=0  \
   MFLOP=2.298275e+03,0.000000e+00,0.000000e+00,0.000000e+00,1.014307e+04 \
     ASM=GAS_x8664 \
     CFLAGS='-x assembler-with-cpp -DPFIX=prefetchnta -DPFIY=prefetchnta' \
     COMP='/usr/bin/x86_64-redhat-linux-gcc -O -fomit-frame-pointer -mavx -m64 -fPIC -m64 -fPIC'
DONE RESTRICTED in-L1 TUNING.

BEGIN RESTRICTED in-L2 TUNING
   900006:dmvn_sse.c (M=910, N=18, lda=918) gets 6531.98 MFLOPS
   900003:dmvn_sse.c (M=1024, N=16, lda=1032) gets 4325.38 MFLOPS

TUNING PREFETCH INST, imf=3, BASELINE MFLOP=6531.98

   OP  PREF    MU    NU         MFLOP
   ==  ====  ====  ====  ============
    A   DEF     8     6       6531.98
    A   nta     8     6      10143.09
    A    t0     8     6      10143.09
    A    t1     8     6       9016.08
    A    t2     8     6       9016.08

   OP  PREF    MU    NU         MFLOP
   ==  ====  ====  ====  ============
    X   DEF     8     6      10143.09
    X   nta     8     6      10143.09
    X    t0     8     6      10143.09
    X    t1     8     6      10143.09
    X    t2     8     6      10143.09

   OP  PREF    MU    NU         MFLOP
   ==  ====  ====  ====  ============
    Y   DEF     8     6      10143.09
    Y   nta     8     6      10143.09
    Y    t0     8     6      10143.09
    Y    t1     8     6      10143.09
    Y    t2     8     6      10143.09

BEST MFLOP[3]=10143.09 (55.28 percent improvement)
   cflags='-x assembler-with-cpp -DPFIA=prefetchnta'

TUNING PREFETCH DISTANCE FOR OPERAND 'A', imf=3:
   OP  DIST    MU    NU         MFLOP
   ==  ====  ====  ====  ============
    A   DEF     8     6      10143.09
    A    64     8     6      10143.09
    A   256     8     6      10143.09
    A   192     8     6      10143.09
    A     0     8     6      10143.09
DEFAULT imf=3 ADISTANCE IS BEST (10143.09)

TUNING PREFETCH DISTANCE FOR OPERAND 'X', imf=3:
   OP  DIST    MU    NU         MFLOP
   ==  ====  ====  ====  ============
    X   DEF     8     6      10143.09
    X    64     8     6      10143.09
    X   256     8     6      10143.09
    X   192     8     6      10143.09
    X     0     8     6      10143.09
DEFAULT imf=3 XDISTANCE IS BEST (10143.09)

TUNING PREFETCH DISTANCE FOR OPERAND 'Y', imf=3:
   OP  DIST    MU    NU         MFLOP
   ==  ====  ====  ====  ============
    Y   DEF     8     6      10143.09
    Y    64     8     6      10143.09
    Y   256     8     6      10143.09
    Y   192     8     6      10143.09
    Y     0     8     6      10143.09
DEFAULT imf=3 YDISTANCE IS BEST (10143.09)

PREFETCH DISTANCE TUNING imf=3 improved from 10143.09 to 10143.09 (0.00 percent)
NO RESTRICTED in-L2 KERNEL USED.
make dmvninstall
make[4]: Entering directory `/data/user/eesen/tools/ATLAS/build/tune/blas/gemv'
cp: cannot stat '/data/user/eesen/tools/ATLAS/build/bin/xccobj.exe': No such file or directory
make[4]: [xccobj] Error 1 (ignored)
mkdir dmvnoutd
rm -f dmvnoutd/*
if [ -s "/data/user/eesen/tools/ATLAS/build/src/blas/gemv/Make_dmvn" ]; then \
           cd  /data/user/eesen/tools/ATLAS/build/src/blas/gemv ; make -f Make_dmvn killall ; \
           rm -f /data/user/eesen/tools/ATLAS/build/src/blas/gemv/Make_dmvn ; \
        fi
./xmvnhgen -p d -F res/dMVNK.sum -d dmvnoutd
make[5]: Entering directory `/data/user/eesen/tools/ATLAS/build/tune/blas/gemv'
/data/user/eesen/tools/ATLAS/build/bin/xextract -b /data/user/eesen/tools/ATLAS/build/..//tune/blas/gemv/atlas-l2g.base order=clmajor \
                           rout=mvn_sse nu=1 type=DREAL -def MU 1 \
                            -o EXTDIR/dmvn_sse.c
make[5]: Leaving directory `/data/user/eesen/tools/ATLAS/build/tune/blas/gemv'
make[5]: Entering directory `/data/user/eesen/tools/ATLAS/build/tune/blas/gemv'
/data/user/eesen/tools/ATLAS/build/bin/xextract -b /data/user/eesen/tools/ATLAS/build/..//tune/blas/gemv/atlas-l2g.base order=clmajor \
                           rout=mvn_sse nu=6 type=DREAL -def MU 1 \
                            -o EXTDIR/dmvn_sse.c
make[5]: Leaving directory `/data/user/eesen/tools/ATLAS/build/tune/blas/gemv'
make[5]: Entering directory `/data/user/eesen/tools/ATLAS/build/tune/blas/gemv'
/data/user/eesen/tools/ATLAS/build/bin/xextract -b /data/user/eesen/tools/ATLAS/build/..//tune/blas/gemv/atlas-l2g.base order=clmajor \
                           rout=mvn_sse nu=6 type=DREAL -def MU 1 \
                           -def ALIGNED 1 -o EXTDIR/dmvn_sse.c
make[5]: Leaving directory `/data/user/eesen/tools/ATLAS/build/tune/blas/gemv'
cp -f dmvnoutd/Make_dmvn /data/user/eesen/tools/ATLAS/build/src/blas/gemv/.
cp dmvnoutd/*.c /data/user/eesen/tools/ATLAS/build/src/blas/gemv/.
cp -f dmvnoutd/*.h /data/user/eesen/tools/ATLAS/build/include/.
if [ -s "xccobj.exe" ] ; then \
   cp -f xccobj.exe /data/user/eesen/tools/ATLAS/build/src/blas/gemv/. ; \
elif [ -s "xccobj" ]; then \
           cp -f xccobj /data/user/eesen/tools/ATLAS/build/src/blas/gemv/. ; \
        fi
touch /data/user/eesen/tools/ATLAS/build/..//include/atlas_mv.h
rm -f dmvnoutd/* ; rmdir dmvnoutd
make[4]: Leaving directory `/data/user/eesen/tools/ATLAS/build/tune/blas/gemv'
make[3]: Leaving directory `/data/user/eesen/tools/ATLAS/build/tune/blas/gemv'
cp /data/user/eesen/tools/ATLAS/build/tune/blas/gemv/res/dMVNK.sum INSTALL_LOG/.
make[2]: Leaving directory `/data/user/eesen/tools/ATLAS/build/bin'

*******************************************************************************
*******************************************************************************
*******************************************************************************
*      FINISHED ATLAS3.10.0 INSTALL OF SECTION 2-1-7 ON 08/07/2019 AT 12:31   *
*******************************************************************************
*******************************************************************************
*******************************************************************************



