
*******************************************************************************
*******************************************************************************
*******************************************************************************
*       BEGAN ATLAS3.10.0 INSTALL OF SECTION 5-1-1 ON 08/07/2019 AT 19:38     *
*******************************************************************************
*******************************************************************************
*******************************************************************************



make[2]: Entering directory `/data/user/eesen/tools/ATLAS/build/bin'
cd /data/user/eesen/tools/ATLAS/build/src/auxil ; make lib
make[3]: Entering directory `/data/user/eesen/tools/ATLAS/build/src/auxil'
make[3]: Nothing to be done for `lib'.
make[3]: Leaving directory `/data/user/eesen/tools/ATLAS/build/src/auxil'
cd /data/user/eesen/tools/ATLAS/build/src/blas/gemm ; make lib
make[3]: Entering directory `/data/user/eesen/tools/ATLAS/build/src/blas/gemm'
make auxillib dcleanuplib dusergemm
make[4]: Entering directory `/data/user/eesen/tools/ATLAS/build/src/blas/gemm'
cd /data/user/eesen/tools/ATLAS/build/src/auxil ; make lib
make[5]: Entering directory `/data/user/eesen/tools/ATLAS/build/src/auxil'
make[5]: Nothing to be done for `lib'.
make[5]: Leaving directory `/data/user/eesen/tools/ATLAS/build/src/auxil'
cd KERNEL ; make -f dMakefile dlib
make[5]: Entering directory `/data/user/eesen/tools/ATLAS/build/src/blas/gemm/KERNEL'
make[5]: Nothing to be done for `dlib'.
make[5]: Leaving directory `/data/user/eesen/tools/ATLAS/build/src/blas/gemm/KERNEL'
make[4]: Nothing to be done for `dusergemm'.
make[4]: Leaving directory `/data/user/eesen/tools/ATLAS/build/src/blas/gemm'
make -j 56 dlib.grd
make[4]: Entering directory `/data/user/eesen/tools/ATLAS/build/src/blas/gemm'
make[4]: `dlib.grd' is up to date.
make[4]: Leaving directory `/data/user/eesen/tools/ATLAS/build/src/blas/gemm'
make auxillib scleanuplib susergemm
make[4]: Entering directory `/data/user/eesen/tools/ATLAS/build/src/blas/gemm'
cd /data/user/eesen/tools/ATLAS/build/src/auxil ; make lib
make[5]: Entering directory `/data/user/eesen/tools/ATLAS/build/src/auxil'
make[5]: Nothing to be done for `lib'.
make[5]: Leaving directory `/data/user/eesen/tools/ATLAS/build/src/auxil'
cd KERNEL ; make -f sMakefile slib
make[5]: Entering directory `/data/user/eesen/tools/ATLAS/build/src/blas/gemm/KERNEL'
make[5]: Nothing to be done for `slib'.
make[5]: Leaving directory `/data/user/eesen/tools/ATLAS/build/src/blas/gemm/KERNEL'
make[4]: Nothing to be done for `susergemm'.
make[4]: Leaving directory `/data/user/eesen/tools/ATLAS/build/src/blas/gemm'
make -j 56 slib.grd
make[4]: Entering directory `/data/user/eesen/tools/ATLAS/build/src/blas/gemm'
make[4]: `slib.grd' is up to date.
make[4]: Leaving directory `/data/user/eesen/tools/ATLAS/build/src/blas/gemm'
make auxillib zcleanuplib zusergemm
make[4]: Entering directory `/data/user/eesen/tools/ATLAS/build/src/blas/gemm'
cd /data/user/eesen/tools/ATLAS/build/src/auxil ; make lib
make[5]: Entering directory `/data/user/eesen/tools/ATLAS/build/src/auxil'
make[5]: Nothing to be done for `lib'.
make[5]: Leaving directory `/data/user/eesen/tools/ATLAS/build/src/auxil'
cd KERNEL ; make -f zMakefile zlib
make[5]: Entering directory `/data/user/eesen/tools/ATLAS/build/src/blas/gemm/KERNEL'
make[5]: Nothing to be done for `zlib'.
make[5]: Leaving directory `/data/user/eesen/tools/ATLAS/build/src/blas/gemm/KERNEL'
make[4]: Nothing to be done for `zusergemm'.
make[4]: Leaving directory `/data/user/eesen/tools/ATLAS/build/src/blas/gemm'
make -j 56 zlib.grd
make[4]: Entering directory `/data/user/eesen/tools/ATLAS/build/src/blas/gemm'
make[4]: `zlib.grd' is up to date.
make[4]: Leaving directory `/data/user/eesen/tools/ATLAS/build/src/blas/gemm'
make auxillib ccleanuplib cusergemm
make[4]: Entering directory `/data/user/eesen/tools/ATLAS/build/src/blas/gemm'
cd /data/user/eesen/tools/ATLAS/build/src/auxil ; make lib
make[5]: Entering directory `/data/user/eesen/tools/ATLAS/build/src/auxil'
make[5]: Nothing to be done for `lib'.
make[5]: Leaving directory `/data/user/eesen/tools/ATLAS/build/src/auxil'
cd KERNEL ; make -f cMakefile clib
make[5]: Entering directory `/data/user/eesen/tools/ATLAS/build/src/blas/gemm/KERNEL'
make[5]: Nothing to be done for `clib'.
make[5]: Leaving directory `/data/user/eesen/tools/ATLAS/build/src/blas/gemm/KERNEL'
make[4]: Nothing to be done for `cusergemm'.
make[4]: Leaving directory `/data/user/eesen/tools/ATLAS/build/src/blas/gemm'
make -j 56 clib.grd
make[4]: Entering directory `/data/user/eesen/tools/ATLAS/build/src/blas/gemm'
make[4]: `clib.grd' is up to date.
make[4]: Leaving directory `/data/user/eesen/tools/ATLAS/build/src/blas/gemm'
make[3]: Leaving directory `/data/user/eesen/tools/ATLAS/build/src/blas/gemm'
cd /data/user/eesen/tools/ATLAS/build/src/blas/gemv ; make lib
make[3]: Entering directory `/data/user/eesen/tools/ATLAS/build/src/blas/gemv'
make -j 56 -f Make_smvt slib
make[4]: Entering directory `/data/user/eesen/tools/ATLAS/build/src/blas/gemv'
make[4]: Nothing to be done for `slib'.
make[4]: Leaving directory `/data/user/eesen/tools/ATLAS/build/src/blas/gemv'
make -j 56 -f Make_smvn slib
make[4]: Entering directory `/data/user/eesen/tools/ATLAS/build/src/blas/gemv'
make[4]: Nothing to be done for `slib'.
make[4]: Leaving directory `/data/user/eesen/tools/ATLAS/build/src/blas/gemv'
make -j 56 slib.grd
make[4]: Entering directory `/data/user/eesen/tools/ATLAS/build/src/blas/gemv'
make[4]: `slib.grd' is up to date.
make[4]: Leaving directory `/data/user/eesen/tools/ATLAS/build/src/blas/gemv'
make -j 56 -f Make_dmvt dlib
make[4]: Entering directory `/data/user/eesen/tools/ATLAS/build/src/blas/gemv'
make[4]: Nothing to be done for `dlib'.
make[4]: Leaving directory `/data/user/eesen/tools/ATLAS/build/src/blas/gemv'
make -j 56 -f Make_dmvn dlib
make[4]: Entering directory `/data/user/eesen/tools/ATLAS/build/src/blas/gemv'
make[4]: Nothing to be done for `dlib'.
make[4]: Leaving directory `/data/user/eesen/tools/ATLAS/build/src/blas/gemv'
make -j 56 dlib.grd
make[4]: Entering directory `/data/user/eesen/tools/ATLAS/build/src/blas/gemv'
make[4]: `dlib.grd' is up to date.
make[4]: Leaving directory `/data/user/eesen/tools/ATLAS/build/src/blas/gemv'
make -j 56 -f Make_cmvt clib
make[4]: Entering directory `/data/user/eesen/tools/ATLAS/build/src/blas/gemv'
make[4]: Nothing to be done for `clib'.
make[4]: Leaving directory `/data/user/eesen/tools/ATLAS/build/src/blas/gemv'
make -j 56 -f Make_cmvn clib
make[4]: Entering directory `/data/user/eesen/tools/ATLAS/build/src/blas/gemv'
make[4]: Nothing to be done for `clib'.
make[4]: Leaving directory `/data/user/eesen/tools/ATLAS/build/src/blas/gemv'
make -j 56 clib.grd
make[4]: Entering directory `/data/user/eesen/tools/ATLAS/build/src/blas/gemv'
make[4]: `clib.grd' is up to date.
make[4]: Leaving directory `/data/user/eesen/tools/ATLAS/build/src/blas/gemv'
make -j 56 -f Make_zmvt zlib
make[4]: Entering directory `/data/user/eesen/tools/ATLAS/build/src/blas/gemv'
make[4]: Nothing to be done for `zlib'.
make[4]: Leaving directory `/data/user/eesen/tools/ATLAS/build/src/blas/gemv'
make -j 56 -f Make_zmvn zlib
make[4]: Entering directory `/data/user/eesen/tools/ATLAS/build/src/blas/gemv'
make[4]: Nothing to be done for `zlib'.
make[4]: Leaving directory `/data/user/eesen/tools/ATLAS/build/src/blas/gemv'
make -j 56 zlib.grd
make[4]: Entering directory `/data/user/eesen/tools/ATLAS/build/src/blas/gemv'
make[4]: `zlib.grd' is up to date.
make[4]: Leaving directory `/data/user/eesen/tools/ATLAS/build/src/blas/gemv'
make[3]: Leaving directory `/data/user/eesen/tools/ATLAS/build/src/blas/gemv'
cd /data/user/eesen/tools/ATLAS/build/src/blas/ger ; make lib
make[3]: Entering directory `/data/user/eesen/tools/ATLAS/build/src/blas/ger'
make -j 56 slib.grd
make[4]: Entering directory `/data/user/eesen/tools/ATLAS/build/src/blas/ger'
make[4]: `slib.grd' is up to date.
make[4]: Leaving directory `/data/user/eesen/tools/ATLAS/build/src/blas/ger'
make -j 56 -f Make_sr1 lib
make[4]: Entering directory `/data/user/eesen/tools/ATLAS/build/src/blas/ger'
make[4]: Nothing to be done for `lib'.
make[4]: Leaving directory `/data/user/eesen/tools/ATLAS/build/src/blas/ger'
make -j 56 -f Make_sr2 lib
make[4]: Entering directory `/data/user/eesen/tools/ATLAS/build/src/blas/ger'
make[4]: Nothing to be done for `lib'.
make[4]: Leaving directory `/data/user/eesen/tools/ATLAS/build/src/blas/ger'
make -j 56 dlib.grd
make[4]: Entering directory `/data/user/eesen/tools/ATLAS/build/src/blas/ger'
make[4]: `dlib.grd' is up to date.
make[4]: Leaving directory `/data/user/eesen/tools/ATLAS/build/src/blas/ger'
make -j 56 -f Make_dr1 lib
make[4]: Entering directory `/data/user/eesen/tools/ATLAS/build/src/blas/ger'
make[4]: Nothing to be done for `lib'.
make[4]: Leaving directory `/data/user/eesen/tools/ATLAS/build/src/blas/ger'
make -j 56 -f Make_dr2 lib
make[4]: Entering directory `/data/user/eesen/tools/ATLAS/build/src/blas/ger'
make[4]: Nothing to be done for `lib'.
make[4]: Leaving directory `/data/user/eesen/tools/ATLAS/build/src/blas/ger'
make -j 56 clib.grd
make[4]: Entering directory `/data/user/eesen/tools/ATLAS/build/src/blas/ger'
make[4]: `clib.grd' is up to date.
make[4]: Leaving directory `/data/user/eesen/tools/ATLAS/build/src/blas/ger'
make -j 56 -f Make_cr1 lib
make[4]: Entering directory `/data/user/eesen/tools/ATLAS/build/src/blas/ger'
make[4]: Nothing to be done for `lib'.
make[4]: Leaving directory `/data/user/eesen/tools/ATLAS/build/src/blas/ger'
make -j 56 -f Make_cr2 lib
make[4]: Entering directory `/data/user/eesen/tools/ATLAS/build/src/blas/ger'
make[4]: Nothing to be done for `lib'.
make[4]: Leaving directory `/data/user/eesen/tools/ATLAS/build/src/blas/ger'
make -j 56 zlib.grd
make[4]: Entering directory `/data/user/eesen/tools/ATLAS/build/src/blas/ger'
make[4]: `zlib.grd' is up to date.
make[4]: Leaving directory `/data/user/eesen/tools/ATLAS/build/src/blas/ger'
make -j 56 -f Make_zr1 lib
make[4]: Entering directory `/data/user/eesen/tools/ATLAS/build/src/blas/ger'
make[4]: Nothing to be done for `lib'.
make[4]: Leaving directory `/data/user/eesen/tools/ATLAS/build/src/blas/ger'
make -j 56 -f Make_zr2 lib
make[4]: Entering directory `/data/user/eesen/tools/ATLAS/build/src/blas/ger'
make[4]: Nothing to be done for `lib'.
make[4]: Leaving directory `/data/user/eesen/tools/ATLAS/build/src/blas/ger'
make[3]: Leaving directory `/data/user/eesen/tools/ATLAS/build/src/blas/ger'
cd /data/user/eesen/tools/ATLAS/build/src/blas/level1 ; make lib
make[3]: Entering directory `/data/user/eesen/tools/ATLAS/build/src/blas/level1'
make dgen
make[4]: Entering directory `/data/user/eesen/tools/ATLAS/build/src/blas/level1'
make Make_drot
make[5]: Entering directory `/data/user/eesen/tools/ATLAS/build/src/blas/level1'
make[5]: `Make_drot' is up to date.
make[5]: Leaving directory `/data/user/eesen/tools/ATLAS/build/src/blas/level1'
make -f Make_drot lib
make[5]: Entering directory `/data/user/eesen/tools/ATLAS/build/src/blas/level1'
make[5]: Nothing to be done for `lib'.
make[5]: Leaving directory `/data/user/eesen/tools/ATLAS/build/src/blas/level1'
make Make_daxpby
make[5]: Entering directory `/data/user/eesen/tools/ATLAS/build/src/blas/level1'
make[5]: `Make_daxpby' is up to date.
make[5]: Leaving directory `/data/user/eesen/tools/ATLAS/build/src/blas/level1'
make -f Make_daxpby lib
make[5]: Entering directory `/data/user/eesen/tools/ATLAS/build/src/blas/level1'
make[5]: Nothing to be done for `lib'.
make[5]: Leaving directory `/data/user/eesen/tools/ATLAS/build/src/blas/level1'
make Make_dcpsc
make[5]: Entering directory `/data/user/eesen/tools/ATLAS/build/src/blas/level1'
make[5]: `Make_dcpsc' is up to date.
make[5]: Leaving directory `/data/user/eesen/tools/ATLAS/build/src/blas/level1'
make -f Make_dcpsc lib
make[5]: Entering directory `/data/user/eesen/tools/ATLAS/build/src/blas/level1'
make[5]: Nothing to be done for `lib'.
make[5]: Leaving directory `/data/user/eesen/tools/ATLAS/build/src/blas/level1'
make Make_dset
make[5]: Entering directory `/data/user/eesen/tools/ATLAS/build/src/blas/level1'
make[5]: `Make_dset' is up to date.
make[5]: Leaving directory `/data/user/eesen/tools/ATLAS/build/src/blas/level1'
make -f Make_dset lib
make[5]: Entering directory `/data/user/eesen/tools/ATLAS/build/src/blas/level1'
make[5]: Nothing to be done for `lib'.
make[5]: Leaving directory `/data/user/eesen/tools/ATLAS/build/src/blas/level1'
make Make_dnrm2
make[5]: Entering directory `/data/user/eesen/tools/ATLAS/build/src/blas/level1'
make[5]: `Make_dnrm2' is up to date.
make[5]: Leaving directory `/data/user/eesen/tools/ATLAS/build/src/blas/level1'
make -f Make_dnrm2 lib
make[5]: Entering directory `/data/user/eesen/tools/ATLAS/build/src/blas/level1'
make[5]: Nothing to be done for `lib'.
make[5]: Leaving directory `/data/user/eesen/tools/ATLAS/build/src/blas/level1'
make Make_dasum
make[5]: Entering directory `/data/user/eesen/tools/ATLAS/build/src/blas/level1'
make[5]: `Make_dasum' is up to date.
make[5]: Leaving directory `/data/user/eesen/tools/ATLAS/build/src/blas/level1'
make -f Make_dasum lib
make[5]: Entering directory `/data/user/eesen/tools/ATLAS/build/src/blas/level1'
make[5]: Nothing to be done for `lib'.
make[5]: Leaving directory `/data/user/eesen/tools/ATLAS/build/src/blas/level1'
make Make_ddot
make[5]: Entering directory `/data/user/eesen/tools/ATLAS/build/src/blas/level1'
make[5]: `Make_ddot' is up to date.
make[5]: Leaving directory `/data/user/eesen/tools/ATLAS/build/src/blas/level1'
make -f Make_ddot lib
make[5]: Entering directory `/data/user/eesen/tools/ATLAS/build/src/blas/level1'
make[5]: Nothing to be done for `lib'.
make[5]: Leaving directory `/data/user/eesen/tools/ATLAS/build/src/blas/level1'
make Make_dswap
make[5]: Entering directory `/data/user/eesen/tools/ATLAS/build/src/blas/level1'
make[5]: `Make_dswap' is up to date.
make[5]: Leaving directory `/data/user/eesen/tools/ATLAS/build/src/blas/level1'
make -f Make_dswap lib
make[5]: Entering directory `/data/user/eesen/tools/ATLAS/build/src/blas/level1'
make[5]: Nothing to be done for `lib'.
make[5]: Leaving directory `/data/user/eesen/tools/ATLAS/build/src/blas/level1'
make Make_dscal
make[5]: Entering directory `/data/user/eesen/tools/ATLAS/build/src/blas/level1'
make[5]: `Make_dscal' is up to date.
make[5]: Leaving directory `/data/user/eesen/tools/ATLAS/build/src/blas/level1'
make -f Make_dscal lib
make[5]: Entering directory `/data/user/eesen/tools/ATLAS/build/src/blas/level1'
make[5]: Nothing to be done for `lib'.
make[5]: Leaving directory `/data/user/eesen/tools/ATLAS/build/src/blas/level1'
make Make_dcopy
make[5]: Entering directory `/data/user/eesen/tools/ATLAS/build/src/blas/level1'
make[5]: `Make_dcopy' is up to date.
make[5]: Leaving directory `/data/user/eesen/tools/ATLAS/build/src/blas/level1'
make -f Make_dcopy lib
make[5]: Entering directory `/data/user/eesen/tools/ATLAS/build/src/blas/level1'
make[5]: Nothing to be done for `lib'.
make[5]: Leaving directory `/data/user/eesen/tools/ATLAS/build/src/blas/level1'
make Make_daxpy
make[5]: Entering directory `/data/user/eesen/tools/ATLAS/build/src/blas/level1'
make[5]: `Make_daxpy' is up to date.
make[5]: Leaving directory `/data/user/eesen/tools/ATLAS/build/src/blas/level1'
make -f Make_daxpy lib
make[5]: Entering directory `/data/user/eesen/tools/ATLAS/build/src/blas/level1'
make[5]: Nothing to be done for `lib'.
make[5]: Leaving directory `/data/user/eesen/tools/ATLAS/build/src/blas/level1'
make Make_diamax
make[5]: Entering directory `/data/user/eesen/tools/ATLAS/build/src/blas/level1'
make[5]: `Make_diamax' is up to date.
make[5]: Leaving directory `/data/user/eesen/tools/ATLAS/build/src/blas/level1'
make -f Make_diamax lib
make[5]: Entering directory `/data/user/eesen/tools/ATLAS/build/src/blas/level1'
make[5]: Nothing to be done for `lib'.
make[5]: Leaving directory `/data/user/eesen/tools/ATLAS/build/src/blas/level1'
make[4]: Leaving directory `/data/user/eesen/tools/ATLAS/build/src/blas/level1'
make -j 56 dlib.grd
make[4]: Entering directory `/data/user/eesen/tools/ATLAS/build/src/blas/level1'
make[4]: `dlib.grd' is up to date.
make[4]: Leaving directory `/data/user/eesen/tools/ATLAS/build/src/blas/level1'
make sgen
make[4]: Entering directory `/data/user/eesen/tools/ATLAS/build/src/blas/level1'
make Make_srot
make[5]: Entering directory `/data/user/eesen/tools/ATLAS/build/src/blas/level1'
make[5]: `Make_srot' is up to date.
make[5]: Leaving directory `/data/user/eesen/tools/ATLAS/build/src/blas/level1'
make -f Make_srot lib
make[5]: Entering directory `/data/user/eesen/tools/ATLAS/build/src/blas/level1'
make[5]: Nothing to be done for `lib'.
make[5]: Leaving directory `/data/user/eesen/tools/ATLAS/build/src/blas/level1'
make Make_saxpby
make[5]: Entering directory `/data/user/eesen/tools/ATLAS/build/src/blas/level1'
make[5]: `Make_saxpby' is up to date.
make[5]: Leaving directory `/data/user/eesen/tools/ATLAS/build/src/blas/level1'
make -f Make_saxpby lib
make[5]: Entering directory `/data/user/eesen/tools/ATLAS/build/src/blas/level1'
make[5]: Nothing to be done for `lib'.
make[5]: Leaving directory `/data/user/eesen/tools/ATLAS/build/src/blas/level1'
make Make_scpsc
make[5]: Entering directory `/data/user/eesen/tools/ATLAS/build/src/blas/level1'
make[5]: `Make_scpsc' is up to date.
make[5]: Leaving directory `/data/user/eesen/tools/ATLAS/build/src/blas/level1'
make -f Make_scpsc lib
make[5]: Entering directory `/data/user/eesen/tools/ATLAS/build/src/blas/level1'
make[5]: Nothing to be done for `lib'.
make[5]: Leaving directory `/data/user/eesen/tools/ATLAS/build/src/blas/level1'
make Make_sset
make[5]: Entering directory `/data/user/eesen/tools/ATLAS/build/src/blas/level1'
make[5]: `Make_sset' is up to date.
make[5]: Leaving directory `/data/user/eesen/tools/ATLAS/build/src/blas/level1'
make -f Make_sset lib
make[5]: Entering directory `/data/user/eesen/tools/ATLAS/build/src/blas/level1'
make[5]: Nothing to be done for `lib'.
make[5]: Leaving directory `/data/user/eesen/tools/ATLAS/build/src/blas/level1'
make Make_snrm2
make[5]: Entering directory `/data/user/eesen/tools/ATLAS/build/src/blas/level1'
make[5]: `Make_snrm2' is up to date.
make[5]: Leaving directory `/data/user/eesen/tools/ATLAS/build/src/blas/level1'
make -f Make_snrm2 lib
make[5]: Entering directory `/data/user/eesen/tools/ATLAS/build/src/blas/level1'
make[5]: Nothing to be done for `lib'.
make[5]: Leaving directory `/data/user/eesen/tools/ATLAS/build/src/blas/level1'
make Make_sasum
make[5]: Entering directory `/data/user/eesen/tools/ATLAS/build/src/blas/level1'
make[5]: `Make_sasum' is up to date.
make[5]: Leaving directory `/data/user/eesen/tools/ATLAS/build/src/blas/level1'
make -f Make_sasum lib
make[5]: Entering directory `/data/user/eesen/tools/ATLAS/build/src/blas/level1'
make[5]: Nothing to be done for `lib'.
make[5]: Leaving directory `/data/user/eesen/tools/ATLAS/build/src/blas/level1'
make Make_sdot
make[5]: Entering directory `/data/user/eesen/tools/ATLAS/build/src/blas/level1'
make[5]: `Make_sdot' is up to date.
make[5]: Leaving directory `/data/user/eesen/tools/ATLAS/build/src/blas/level1'
make -f Make_sdot lib
make[5]: Entering directory `/data/user/eesen/tools/ATLAS/build/src/blas/level1'
make[5]: Nothing to be done for `lib'.
make[5]: Leaving directory `/data/user/eesen/tools/ATLAS/build/src/blas/level1'
make Make_sswap
make[5]: Entering directory `/data/user/eesen/tools/ATLAS/build/src/blas/level1'
make[5]: `Make_sswap' is up to date.
make[5]: Leaving directory `/data/user/eesen/tools/ATLAS/build/src/blas/level1'
make -f Make_sswap lib
make[5]: Entering directory `/data/user/eesen/tools/ATLAS/build/src/blas/level1'
make[5]: Nothing to be done for `lib'.
make[5]: Leaving directory `/data/user/eesen/tools/ATLAS/build/src/blas/level1'
make Make_sscal
make[5]: Entering directory `/data/user/eesen/tools/ATLAS/build/src/blas/level1'
make[5]: `Make_sscal' is up to date.
make[5]: Leaving directory `/data/user/eesen/tools/ATLAS/build/src/blas/level1'
make -f Make_sscal lib
make[5]: Entering directory `/data/user/eesen/tools/ATLAS/build/src/blas/level1'
make[5]: Nothing to be done for `lib'.
make[5]: Leaving directory `/data/user/eesen/tools/ATLAS/build/src/blas/level1'
make Make_scopy
make[5]: Entering directory `/data/user/eesen/tools/ATLAS/build/src/blas/level1'
make[5]: `Make_scopy' is up to date.
make[5]: Leaving directory `/data/user/eesen/tools/ATLAS/build/src/blas/level1'
make -f Make_scopy lib
make[5]: Entering directory `/data/user/eesen/tools/ATLAS/build/src/blas/level1'
make[5]: Nothing to be done for `lib'.
make[5]: Leaving directory `/data/user/eesen/tools/ATLAS/build/src/blas/level1'
make Make_saxpy
make[5]: Entering directory `/data/user/eesen/tools/ATLAS/build/src/blas/level1'
make[5]: `Make_saxpy' is up to date.
make[5]: Leaving directory `/data/user/eesen/tools/ATLAS/build/src/blas/level1'
make -f Make_saxpy lib
make[5]: Entering directory `/data/user/eesen/tools/ATLAS/build/src/blas/level1'
make[5]: Nothing to be done for `lib'.
make[5]: Leaving directory `/data/user/eesen/tools/ATLAS/build/src/blas/level1'
make Make_siamax
make[5]: Entering directory `/data/user/eesen/tools/ATLAS/build/src/blas/level1'
make[5]: `Make_siamax' is up to date.
make[5]: Leaving directory `/data/user/eesen/tools/ATLAS/build/src/blas/level1'
make -f Make_siamax lib
make[5]: Entering directory `/data/user/eesen/tools/ATLAS/build/src/blas/level1'
make[5]: Nothing to be done for `lib'.
make[5]: Leaving directory `/data/user/eesen/tools/ATLAS/build/src/blas/level1'
make[4]: Leaving directory `/data/user/eesen/tools/ATLAS/build/src/blas/level1'
make -j 56 slib.grd
make[4]: Entering directory `/data/user/eesen/tools/ATLAS/build/src/blas/level1'
make[4]: `slib.grd' is up to date.
make[4]: Leaving directory `/data/user/eesen/tools/ATLAS/build/src/blas/level1'
make zgen
make[4]: Entering directory `/data/user/eesen/tools/ATLAS/build/src/blas/level1'
make Make_zrot
make[5]: Entering directory `/data/user/eesen/tools/ATLAS/build/src/blas/level1'
make[5]: `Make_zrot' is up to date.
make[5]: Leaving directory `/data/user/eesen/tools/ATLAS/build/src/blas/level1'
make -f Make_zrot lib
make[5]: Entering directory `/data/user/eesen/tools/ATLAS/build/src/blas/level1'
make[5]: Nothing to be done for `lib'.
make[5]: Leaving directory `/data/user/eesen/tools/ATLAS/build/src/blas/level1'
make Make_zaxpby
make[5]: Entering directory `/data/user/eesen/tools/ATLAS/build/src/blas/level1'
make[5]: `Make_zaxpby' is up to date.
make[5]: Leaving directory `/data/user/eesen/tools/ATLAS/build/src/blas/level1'
make -f Make_zaxpby lib
make[5]: Entering directory `/data/user/eesen/tools/ATLAS/build/src/blas/level1'
make[5]: Nothing to be done for `lib'.
make[5]: Leaving directory `/data/user/eesen/tools/ATLAS/build/src/blas/level1'
make Make_zcpsc
make[5]: Entering directory `/data/user/eesen/tools/ATLAS/build/src/blas/level1'
make[5]: `Make_zcpsc' is up to date.
make[5]: Leaving directory `/data/user/eesen/tools/ATLAS/build/src/blas/level1'
make -f Make_zcpsc lib
make[5]: Entering directory `/data/user/eesen/tools/ATLAS/build/src/blas/level1'
make[5]: Nothing to be done for `lib'.
make[5]: Leaving directory `/data/user/eesen/tools/ATLAS/build/src/blas/level1'
make Make_zset
make[5]: Entering directory `/data/user/eesen/tools/ATLAS/build/src/blas/level1'
make[5]: `Make_zset' is up to date.
make[5]: Leaving directory `/data/user/eesen/tools/ATLAS/build/src/blas/level1'
make -f Make_zset lib
make[5]: Entering directory `/data/user/eesen/tools/ATLAS/build/src/blas/level1'
make[5]: Nothing to be done for `lib'.
make[5]: Leaving directory `/data/user/eesen/tools/ATLAS/build/src/blas/level1'
make Make_znrm2
make[5]: Entering directory `/data/user/eesen/tools/ATLAS/build/src/blas/level1'
make[5]: `Make_znrm2' is up to date.
make[5]: Leaving directory `/data/user/eesen/tools/ATLAS/build/src/blas/level1'
make -f Make_znrm2 lib
make[5]: Entering directory `/data/user/eesen/tools/ATLAS/build/src/blas/level1'
make[5]: Nothing to be done for `lib'.
make[5]: Leaving directory `/data/user/eesen/tools/ATLAS/build/src/blas/level1'
make Make_zasum
make[5]: Entering directory `/data/user/eesen/tools/ATLAS/build/src/blas/level1'
make[5]: `Make_zasum' is up to date.
make[5]: Leaving directory `/data/user/eesen/tools/ATLAS/build/src/blas/level1'
make -f Make_zasum lib
make[5]: Entering directory `/data/user/eesen/tools/ATLAS/build/src/blas/level1'
make[5]: Nothing to be done for `lib'.
make[5]: Leaving directory `/data/user/eesen/tools/ATLAS/build/src/blas/level1'
make Make_zdot
make[5]: Entering directory `/data/user/eesen/tools/ATLAS/build/src/blas/level1'
make[5]: `Make_zdot' is up to date.
make[5]: Leaving directory `/data/user/eesen/tools/ATLAS/build/src/blas/level1'
make -f Make_zdot lib
make[5]: Entering directory `/data/user/eesen/tools/ATLAS/build/src/blas/level1'
make[5]: Nothing to be done for `lib'.
make[5]: Leaving directory `/data/user/eesen/tools/ATLAS/build/src/blas/level1'
make Make_zswap
make[5]: Entering directory `/data/user/eesen/tools/ATLAS/build/src/blas/level1'
make[5]: `Make_zswap' is up to date.
make[5]: Leaving directory `/data/user/eesen/tools/ATLAS/build/src/blas/level1'
make -f Make_zswap lib
make[5]: Entering directory `/data/user/eesen/tools/ATLAS/build/src/blas/level1'
make[5]: Nothing to be done for `lib'.
make[5]: Leaving directory `/data/user/eesen/tools/ATLAS/build/src/blas/level1'
make Make_zscal
make[5]: Entering directory `/data/user/eesen/tools/ATLAS/build/src/blas/level1'
make[5]: `Make_zscal' is up to date.
make[5]: Leaving directory `/data/user/eesen/tools/ATLAS/build/src/blas/level1'
make -f Make_zscal lib
make[5]: Entering directory `/data/user/eesen/tools/ATLAS/build/src/blas/level1'
make[5]: Nothing to be done for `lib'.
make[5]: Leaving directory `/data/user/eesen/tools/ATLAS/build/src/blas/level1'
make Make_zcopy
make[5]: Entering directory `/data/user/eesen/tools/ATLAS/build/src/blas/level1'
make[5]: `Make_zcopy' is up to date.
make[5]: Leaving directory `/data/user/eesen/tools/ATLAS/build/src/blas/level1'
make -f Make_zcopy lib
make[5]: Entering directory `/data/user/eesen/tools/ATLAS/build/src/blas/level1'
make[5]: Nothing to be done for `lib'.
make[5]: Leaving directory `/data/user/eesen/tools/ATLAS/build/src/blas/level1'
make Make_zaxpy
make[5]: Entering directory `/data/user/eesen/tools/ATLAS/build/src/blas/level1'
make[5]: `Make_zaxpy' is up to date.
make[5]: Leaving directory `/data/user/eesen/tools/ATLAS/build/src/blas/level1'
make -f Make_zaxpy lib
make[5]: Entering directory `/data/user/eesen/tools/ATLAS/build/src/blas/level1'
make[5]: Nothing to be done for `lib'.
make[5]: Leaving directory `/data/user/eesen/tools/ATLAS/build/src/blas/level1'
make Make_ziamax
make[5]: Entering directory `/data/user/eesen/tools/ATLAS/build/src/blas/level1'
make[5]: `Make_ziamax' is up to date.
make[5]: Leaving directory `/data/user/eesen/tools/ATLAS/build/src/blas/level1'
make -f Make_ziamax lib
make[5]: Entering directory `/data/user/eesen/tools/ATLAS/build/src/blas/level1'
make[5]: Nothing to be done for `lib'.
make[5]: Leaving directory `/data/user/eesen/tools/ATLAS/build/src/blas/level1'
make Make_zdotc
make[5]: Entering directory `/data/user/eesen/tools/ATLAS/build/src/blas/level1'
make[5]: `Make_zdotc' is up to date.
make[5]: Leaving directory `/data/user/eesen/tools/ATLAS/build/src/blas/level1'
make -f Make_zdotc lib
make[5]: Entering directory `/data/user/eesen/tools/ATLAS/build/src/blas/level1'
make[5]: Nothing to be done for `lib'.
make[5]: Leaving directory `/data/user/eesen/tools/ATLAS/build/src/blas/level1'
make[4]: Leaving directory `/data/user/eesen/tools/ATLAS/build/src/blas/level1'
make -j 56 zlib.grd
make[4]: Entering directory `/data/user/eesen/tools/ATLAS/build/src/blas/level1'
make[4]: `zlib.grd' is up to date.
make[4]: Leaving directory `/data/user/eesen/tools/ATLAS/build/src/blas/level1'
make cgen
make[4]: Entering directory `/data/user/eesen/tools/ATLAS/build/src/blas/level1'
make Make_crot
make[5]: Entering directory `/data/user/eesen/tools/ATLAS/build/src/blas/level1'
make[5]: `Make_crot' is up to date.
make[5]: Leaving directory `/data/user/eesen/tools/ATLAS/build/src/blas/level1'
make -f Make_crot lib
make[5]: Entering directory `/data/user/eesen/tools/ATLAS/build/src/blas/level1'
make[5]: Nothing to be done for `lib'.
make[5]: Leaving directory `/data/user/eesen/tools/ATLAS/build/src/blas/level1'
make Make_caxpby
make[5]: Entering directory `/data/user/eesen/tools/ATLAS/build/src/blas/level1'
make[5]: `Make_caxpby' is up to date.
make[5]: Leaving directory `/data/user/eesen/tools/ATLAS/build/src/blas/level1'
make -f Make_caxpby lib
make[5]: Entering directory `/data/user/eesen/tools/ATLAS/build/src/blas/level1'
make[5]: Nothing to be done for `lib'.
make[5]: Leaving directory `/data/user/eesen/tools/ATLAS/build/src/blas/level1'
make Make_ccpsc
make[5]: Entering directory `/data/user/eesen/tools/ATLAS/build/src/blas/level1'
make[5]: `Make_ccpsc' is up to date.
make[5]: Leaving directory `/data/user/eesen/tools/ATLAS/build/src/blas/level1'
make -f Make_ccpsc lib
make[5]: Entering directory `/data/user/eesen/tools/ATLAS/build/src/blas/level1'
make[5]: Nothing to be done for `lib'.
make[5]: Leaving directory `/data/user/eesen/tools/ATLAS/build/src/blas/level1'
make Make_cset
make[5]: Entering directory `/data/user/eesen/tools/ATLAS/build/src/blas/level1'
make[5]: `Make_cset' is up to date.
make[5]: Leaving directory `/data/user/eesen/tools/ATLAS/build/src/blas/level1'
make -f Make_cset lib
make[5]: Entering directory `/data/user/eesen/tools/ATLAS/build/src/blas/level1'
make[5]: Nothing to be done for `lib'.
make[5]: Leaving directory `/data/user/eesen/tools/ATLAS/build/src/blas/level1'
make Make_cnrm2
make[5]: Entering directory `/data/user/eesen/tools/ATLAS/build/src/blas/level1'
make[5]: `Make_cnrm2' is up to date.
make[5]: Leaving directory `/data/user/eesen/tools/ATLAS/build/src/blas/level1'
make -f Make_cnrm2 lib
make[5]: Entering directory `/data/user/eesen/tools/ATLAS/build/src/blas/level1'
make[5]: Nothing to be done for `lib'.
make[5]: Leaving directory `/data/user/eesen/tools/ATLAS/build/src/blas/level1'
make Make_casum
make[5]: Entering directory `/data/user/eesen/tools/ATLAS/build/src/blas/level1'
make[5]: `Make_casum' is up to date.
make[5]: Leaving directory `/data/user/eesen/tools/ATLAS/build/src/blas/level1'
make -f Make_casum lib
make[5]: Entering directory `/data/user/eesen/tools/ATLAS/build/src/blas/level1'
make[5]: Nothing to be done for `lib'.
make[5]: Leaving directory `/data/user/eesen/tools/ATLAS/build/src/blas/level1'
make Make_cdot
make[5]: Entering directory `/data/user/eesen/tools/ATLAS/build/src/blas/level1'
make[5]: `Make_cdot' is up to date.
make[5]: Leaving directory `/data/user/eesen/tools/ATLAS/build/src/blas/level1'
make -f Make_cdot lib
make[5]: Entering directory `/data/user/eesen/tools/ATLAS/build/src/blas/level1'
make[5]: Nothing to be done for `lib'.
make[5]: Leaving directory `/data/user/eesen/tools/ATLAS/build/src/blas/level1'
make Make_cswap
make[5]: Entering directory `/data/user/eesen/tools/ATLAS/build/src/blas/level1'
make[5]: `Make_cswap' is up to date.
make[5]: Leaving directory `/data/user/eesen/tools/ATLAS/build/src/blas/level1'
make -f Make_cswap lib
make[5]: Entering directory `/data/user/eesen/tools/ATLAS/build/src/blas/level1'
make[5]: Nothing to be done for `lib'.
make[5]: Leaving directory `/data/user/eesen/tools/ATLAS/build/src/blas/level1'
make Make_cscal
make[5]: Entering directory `/data/user/eesen/tools/ATLAS/build/src/blas/level1'
make[5]: `Make_cscal' is up to date.
make[5]: Leaving directory `/data/user/eesen/tools/ATLAS/build/src/blas/level1'
make -f Make_cscal lib
make[5]: Entering directory `/data/user/eesen/tools/ATLAS/build/src/blas/level1'
make[5]: Nothing to be done for `lib'.
make[5]: Leaving directory `/data/user/eesen/tools/ATLAS/build/src/blas/level1'
make Make_ccopy
make[5]: Entering directory `/data/user/eesen/tools/ATLAS/build/src/blas/level1'
make[5]: `Make_ccopy' is up to date.
make[5]: Leaving directory `/data/user/eesen/tools/ATLAS/build/src/blas/level1'
make -f Make_ccopy lib
make[5]: Entering directory `/data/user/eesen/tools/ATLAS/build/src/blas/level1'
make[5]: Nothing to be done for `lib'.
make[5]: Leaving directory `/data/user/eesen/tools/ATLAS/build/src/blas/level1'
make Make_caxpy
make[5]: Entering directory `/data/user/eesen/tools/ATLAS/build/src/blas/level1'
make[5]: `Make_caxpy' is up to date.
make[5]: Leaving directory `/data/user/eesen/tools/ATLAS/build/src/blas/level1'
make -f Make_caxpy lib
make[5]: Entering directory `/data/user/eesen/tools/ATLAS/build/src/blas/level1'
make[5]: Nothing to be done for `lib'.
make[5]: Leaving directory `/data/user/eesen/tools/ATLAS/build/src/blas/level1'
make Make_ciamax
make[5]: Entering directory `/data/user/eesen/tools/ATLAS/build/src/blas/level1'
make[5]: `Make_ciamax' is up to date.
make[5]: Leaving directory `/data/user/eesen/tools/ATLAS/build/src/blas/level1'
make -f Make_ciamax lib
make[5]: Entering directory `/data/user/eesen/tools/ATLAS/build/src/blas/level1'
make[5]: Nothing to be done for `lib'.
make[5]: Leaving directory `/data/user/eesen/tools/ATLAS/build/src/blas/level1'
make Make_cdotc
make[5]: Entering directory `/data/user/eesen/tools/ATLAS/build/src/blas/level1'
make[5]: `Make_cdotc' is up to date.
make[5]: Leaving directory `/data/user/eesen/tools/ATLAS/build/src/blas/level1'
make -f Make_cdotc lib
make[5]: Entering directory `/data/user/eesen/tools/ATLAS/build/src/blas/level1'
make[5]: Nothing to be done for `lib'.
make[5]: Leaving directory `/data/user/eesen/tools/ATLAS/build/src/blas/level1'
make[4]: Leaving directory `/data/user/eesen/tools/ATLAS/build/src/blas/level1'
make -j 56 clib.grd
make[4]: Entering directory `/data/user/eesen/tools/ATLAS/build/src/blas/level1'
make[4]: `clib.grd' is up to date.
make[4]: Leaving directory `/data/user/eesen/tools/ATLAS/build/src/blas/level1'
make[3]: Leaving directory `/data/user/eesen/tools/ATLAS/build/src/blas/level1'
cd /data/user/eesen/tools/ATLAS/build/src/blas/level2 ; make lib
make[3]: Entering directory `/data/user/eesen/tools/ATLAS/build/src/blas/level2'
make[3]: Nothing to be done for `lib'.
make[3]: Leaving directory `/data/user/eesen/tools/ATLAS/build/src/blas/level2'
cd /data/user/eesen/tools/ATLAS/build/src/blas/level3 ; make lib
make[3]: Entering directory `/data/user/eesen/tools/ATLAS/build/src/blas/level3'
( cd kernel; make slib )
make[4]: Entering directory `/data/user/eesen/tools/ATLAS/build/src/blas/level3/kernel'
make -j 56 slib.grd
make[5]: Entering directory `/data/user/eesen/tools/ATLAS/build/src/blas/level3/kernel'
make[5]: `slib.grd' is up to date.
make[5]: Leaving directory `/data/user/eesen/tools/ATLAS/build/src/blas/level3/kernel'
make sl3ref
make[5]: Entering directory `/data/user/eesen/tools/ATLAS/build/src/blas/level3/kernel'
cd /data/user/eesen/tools/ATLAS/build/src/blas/reference/level3 ; make slib
make[6]: Entering directory `/data/user/eesen/tools/ATLAS/build/src/blas/reference/level3'
make[6]: Nothing to be done for `slib'.
make[6]: Leaving directory `/data/user/eesen/tools/ATLAS/build/src/blas/reference/level3'
make[5]: Leaving directory `/data/user/eesen/tools/ATLAS/build/src/blas/level3/kernel'
make[4]: Leaving directory `/data/user/eesen/tools/ATLAS/build/src/blas/level3/kernel'
( cd rblas;  make slib )
make[4]: Entering directory `/data/user/eesen/tools/ATLAS/build/src/blas/level3/rblas'
make[4]: Nothing to be done for `slib'.
make[4]: Leaving directory `/data/user/eesen/tools/ATLAS/build/src/blas/level3/rblas'
cd ../pklevel3 ; make slib
make[4]: Entering directory `/data/user/eesen/tools/ATLAS/build/src/blas/pklevel3'
cd gpmm ; make slib
make[5]: Entering directory `/data/user/eesen/tools/ATLAS/build/src/blas/pklevel3/gpmm'
make -j 56 slib.grd
make[6]: Entering directory `/data/user/eesen/tools/ATLAS/build/src/blas/pklevel3/gpmm'
make[6]: `slib.grd' is up to date.
make[6]: Leaving directory `/data/user/eesen/tools/ATLAS/build/src/blas/pklevel3/gpmm'
make[5]: Leaving directory `/data/user/eesen/tools/ATLAS/build/src/blas/pklevel3/gpmm'
cd sprk ; make slib
make[5]: Entering directory `/data/user/eesen/tools/ATLAS/build/src/blas/pklevel3/sprk'
make -j 56 slib.grd
make[6]: Entering directory `/data/user/eesen/tools/ATLAS/build/src/blas/pklevel3/sprk'
make[6]: `slib.grd' is up to date.
make[6]: Leaving directory `/data/user/eesen/tools/ATLAS/build/src/blas/pklevel3/sprk'
make[5]: Leaving directory `/data/user/eesen/tools/ATLAS/build/src/blas/pklevel3/sprk'
make[4]: Leaving directory `/data/user/eesen/tools/ATLAS/build/src/blas/pklevel3'
make -j 56 sblas3.grd
make[4]: Entering directory `/data/user/eesen/tools/ATLAS/build/src/blas/level3'
make[4]: `sblas3.grd' is up to date.
make[4]: Leaving directory `/data/user/eesen/tools/ATLAS/build/src/blas/level3'
( cd kernel; make dlib )
make[4]: Entering directory `/data/user/eesen/tools/ATLAS/build/src/blas/level3/kernel'
make -j 56 dlib.grd
make[5]: Entering directory `/data/user/eesen/tools/ATLAS/build/src/blas/level3/kernel'
make[5]: `dlib.grd' is up to date.
make[5]: Leaving directory `/data/user/eesen/tools/ATLAS/build/src/blas/level3/kernel'
make dl3ref
make[5]: Entering directory `/data/user/eesen/tools/ATLAS/build/src/blas/level3/kernel'
cd /data/user/eesen/tools/ATLAS/build/src/blas/reference/level3 ; make dlib
make[6]: Entering directory `/data/user/eesen/tools/ATLAS/build/src/blas/reference/level3'
make[6]: Nothing to be done for `dlib'.
make[6]: Leaving directory `/data/user/eesen/tools/ATLAS/build/src/blas/reference/level3'
make[5]: Leaving directory `/data/user/eesen/tools/ATLAS/build/src/blas/level3/kernel'
make[4]: Leaving directory `/data/user/eesen/tools/ATLAS/build/src/blas/level3/kernel'
( cd rblas;  make dlib )
make[4]: Entering directory `/data/user/eesen/tools/ATLAS/build/src/blas/level3/rblas'
make[4]: Nothing to be done for `dlib'.
make[4]: Leaving directory `/data/user/eesen/tools/ATLAS/build/src/blas/level3/rblas'
cd ../pklevel3 ; make dlib
make[4]: Entering directory `/data/user/eesen/tools/ATLAS/build/src/blas/pklevel3'
cd gpmm ; make dlib
make[5]: Entering directory `/data/user/eesen/tools/ATLAS/build/src/blas/pklevel3/gpmm'
make -j 56 dlib.grd
make[6]: Entering directory `/data/user/eesen/tools/ATLAS/build/src/blas/pklevel3/gpmm'
make[6]: `dlib.grd' is up to date.
make[6]: Leaving directory `/data/user/eesen/tools/ATLAS/build/src/blas/pklevel3/gpmm'
make[5]: Leaving directory `/data/user/eesen/tools/ATLAS/build/src/blas/pklevel3/gpmm'
cd sprk ; make dlib
make[5]: Entering directory `/data/user/eesen/tools/ATLAS/build/src/blas/pklevel3/sprk'
make -j 56 dlib.grd
make[6]: Entering directory `/data/user/eesen/tools/ATLAS/build/src/blas/pklevel3/sprk'
make[6]: `dlib.grd' is up to date.
make[6]: Leaving directory `/data/user/eesen/tools/ATLAS/build/src/blas/pklevel3/sprk'
make[5]: Leaving directory `/data/user/eesen/tools/ATLAS/build/src/blas/pklevel3/sprk'
make[4]: Leaving directory `/data/user/eesen/tools/ATLAS/build/src/blas/pklevel3'
make -j 56 dblas3.grd
make[4]: Entering directory `/data/user/eesen/tools/ATLAS/build/src/blas/level3'
make[4]: `dblas3.grd' is up to date.
make[4]: Leaving directory `/data/user/eesen/tools/ATLAS/build/src/blas/level3'
( cd kernel; make clib )
make[4]: Entering directory `/data/user/eesen/tools/ATLAS/build/src/blas/level3/kernel'
make -j 56 clib.grd
make[5]: Entering directory `/data/user/eesen/tools/ATLAS/build/src/blas/level3/kernel'
make[5]: `clib.grd' is up to date.
make[5]: Leaving directory `/data/user/eesen/tools/ATLAS/build/src/blas/level3/kernel'
make cl3ref
make[5]: Entering directory `/data/user/eesen/tools/ATLAS/build/src/blas/level3/kernel'
cd /data/user/eesen/tools/ATLAS/build/src/blas/reference/level3 ; make clib
make[6]: Entering directory `/data/user/eesen/tools/ATLAS/build/src/blas/reference/level3'
make[6]: Nothing to be done for `clib'.
make[6]: Leaving directory `/data/user/eesen/tools/ATLAS/build/src/blas/reference/level3'
make[5]: Leaving directory `/data/user/eesen/tools/ATLAS/build/src/blas/level3/kernel'
make[4]: Leaving directory `/data/user/eesen/tools/ATLAS/build/src/blas/level3/kernel'
( cd rblas;  make clib )
make[4]: Entering directory `/data/user/eesen/tools/ATLAS/build/src/blas/level3/rblas'
make[4]: Nothing to be done for `clib'.
make[4]: Leaving directory `/data/user/eesen/tools/ATLAS/build/src/blas/level3/rblas'
cd ../pklevel3 ; make clib
make[4]: Entering directory `/data/user/eesen/tools/ATLAS/build/src/blas/pklevel3'
cd gpmm ; make clib
make[5]: Entering directory `/data/user/eesen/tools/ATLAS/build/src/blas/pklevel3/gpmm'
make -j 56 clib.grd
make[6]: Entering directory `/data/user/eesen/tools/ATLAS/build/src/blas/pklevel3/gpmm'
make[6]: `clib.grd' is up to date.
make[6]: Leaving directory `/data/user/eesen/tools/ATLAS/build/src/blas/pklevel3/gpmm'
make[5]: Leaving directory `/data/user/eesen/tools/ATLAS/build/src/blas/pklevel3/gpmm'
cd sprk ; make clib
make[5]: Entering directory `/data/user/eesen/tools/ATLAS/build/src/blas/pklevel3/sprk'
make -j 56 clib.grd
make[6]: Entering directory `/data/user/eesen/tools/ATLAS/build/src/blas/pklevel3/sprk'
make[6]: `clib.grd' is up to date.
make[6]: Leaving directory `/data/user/eesen/tools/ATLAS/build/src/blas/pklevel3/sprk'
make[5]: Leaving directory `/data/user/eesen/tools/ATLAS/build/src/blas/pklevel3/sprk'
make[4]: Leaving directory `/data/user/eesen/tools/ATLAS/build/src/blas/pklevel3'
make -j 56 cblas3.grd
make[4]: Entering directory `/data/user/eesen/tools/ATLAS/build/src/blas/level3'
make[4]: `cblas3.grd' is up to date.
make[4]: Leaving directory `/data/user/eesen/tools/ATLAS/build/src/blas/level3'
( cd kernel; make zlib )
make[4]: Entering directory `/data/user/eesen/tools/ATLAS/build/src/blas/level3/kernel'
make -j 56 zlib.grd
make[5]: Entering directory `/data/user/eesen/tools/ATLAS/build/src/blas/level3/kernel'
make[5]: `zlib.grd' is up to date.
make[5]: Leaving directory `/data/user/eesen/tools/ATLAS/build/src/blas/level3/kernel'
make zl3ref
make[5]: Entering directory `/data/user/eesen/tools/ATLAS/build/src/blas/level3/kernel'
cd /data/user/eesen/tools/ATLAS/build/src/blas/reference/level3 ; make zlib
make[6]: Entering directory `/data/user/eesen/tools/ATLAS/build/src/blas/reference/level3'
make[6]: Nothing to be done for `zlib'.
make[6]: Leaving directory `/data/user/eesen/tools/ATLAS/build/src/blas/reference/level3'
make[5]: Leaving directory `/data/user/eesen/tools/ATLAS/build/src/blas/level3/kernel'
make[4]: Leaving directory `/data/user/eesen/tools/ATLAS/build/src/blas/level3/kernel'
( cd rblas;  make zlib )
make[4]: Entering directory `/data/user/eesen/tools/ATLAS/build/src/blas/level3/rblas'
make[4]: Nothing to be done for `zlib'.
make[4]: Leaving directory `/data/user/eesen/tools/ATLAS/build/src/blas/level3/rblas'
cd ../pklevel3 ; make zlib
make[4]: Entering directory `/data/user/eesen/tools/ATLAS/build/src/blas/pklevel3'
cd gpmm ; make zlib
make[5]: Entering directory `/data/user/eesen/tools/ATLAS/build/src/blas/pklevel3/gpmm'
make -j 56 zlib.grd
make[6]: Entering directory `/data/user/eesen/tools/ATLAS/build/src/blas/pklevel3/gpmm'
make[6]: `zlib.grd' is up to date.
make[6]: Leaving directory `/data/user/eesen/tools/ATLAS/build/src/blas/pklevel3/gpmm'
make[5]: Leaving directory `/data/user/eesen/tools/ATLAS/build/src/blas/pklevel3/gpmm'
cd sprk ; make zlib
make[5]: Entering directory `/data/user/eesen/tools/ATLAS/build/src/blas/pklevel3/sprk'
make -j 56 zlib.grd
make[6]: Entering directory `/data/user/eesen/tools/ATLAS/build/src/blas/pklevel3/sprk'
make[6]: `zlib.grd' is up to date.
make[6]: Leaving directory `/data/user/eesen/tools/ATLAS/build/src/blas/pklevel3/sprk'
make[5]: Leaving directory `/data/user/eesen/tools/ATLAS/build/src/blas/pklevel3/sprk'
make[4]: Leaving directory `/data/user/eesen/tools/ATLAS/build/src/blas/pklevel3'
make -j 56 zblas3.grd
make[4]: Entering directory `/data/user/eesen/tools/ATLAS/build/src/blas/level3'
make[4]: `zblas3.grd' is up to date.
make[4]: Leaving directory `/data/user/eesen/tools/ATLAS/build/src/blas/level3'
make[3]: Leaving directory `/data/user/eesen/tools/ATLAS/build/src/blas/level3'
cd /data/user/eesen/tools/ATLAS/build/src/blas/pklevel3 ; make lib
make[3]: Entering directory `/data/user/eesen/tools/ATLAS/build/src/blas/pklevel3'
cd gpmm ; make dlib
make[4]: Entering directory `/data/user/eesen/tools/ATLAS/build/src/blas/pklevel3/gpmm'
make -j 56 dlib.grd
make[5]: Entering directory `/data/user/eesen/tools/ATLAS/build/src/blas/pklevel3/gpmm'
make[5]: `dlib.grd' is up to date.
make[5]: Leaving directory `/data/user/eesen/tools/ATLAS/build/src/blas/pklevel3/gpmm'
make[4]: Leaving directory `/data/user/eesen/tools/ATLAS/build/src/blas/pklevel3/gpmm'
cd sprk ; make dlib
make[4]: Entering directory `/data/user/eesen/tools/ATLAS/build/src/blas/pklevel3/sprk'
make -j 56 dlib.grd
make[5]: Entering directory `/data/user/eesen/tools/ATLAS/build/src/blas/pklevel3/sprk'
make[5]: `dlib.grd' is up to date.
make[5]: Leaving directory `/data/user/eesen/tools/ATLAS/build/src/blas/pklevel3/sprk'
make[4]: Leaving directory `/data/user/eesen/tools/ATLAS/build/src/blas/pklevel3/sprk'
cd gpmm ; make slib
make[4]: Entering directory `/data/user/eesen/tools/ATLAS/build/src/blas/pklevel3/gpmm'
make -j 56 slib.grd
make[5]: Entering directory `/data/user/eesen/tools/ATLAS/build/src/blas/pklevel3/gpmm'
make[5]: `slib.grd' is up to date.
make[5]: Leaving directory `/data/user/eesen/tools/ATLAS/build/src/blas/pklevel3/gpmm'
make[4]: Leaving directory `/data/user/eesen/tools/ATLAS/build/src/blas/pklevel3/gpmm'
cd sprk ; make slib
make[4]: Entering directory `/data/user/eesen/tools/ATLAS/build/src/blas/pklevel3/sprk'
make -j 56 slib.grd
make[5]: Entering directory `/data/user/eesen/tools/ATLAS/build/src/blas/pklevel3/sprk'
make[5]: `slib.grd' is up to date.
make[5]: Leaving directory `/data/user/eesen/tools/ATLAS/build/src/blas/pklevel3/sprk'
make[4]: Leaving directory `/data/user/eesen/tools/ATLAS/build/src/blas/pklevel3/sprk'
cd gpmm ; make zlib
make[4]: Entering directory `/data/user/eesen/tools/ATLAS/build/src/blas/pklevel3/gpmm'
make -j 56 zlib.grd
make[5]: Entering directory `/data/user/eesen/tools/ATLAS/build/src/blas/pklevel3/gpmm'
make[5]: `zlib.grd' is up to date.
make[5]: Leaving directory `/data/user/eesen/tools/ATLAS/build/src/blas/pklevel3/gpmm'
make[4]: Leaving directory `/data/user/eesen/tools/ATLAS/build/src/blas/pklevel3/gpmm'
cd sprk ; make zlib
make[4]: Entering directory `/data/user/eesen/tools/ATLAS/build/src/blas/pklevel3/sprk'
make -j 56 zlib.grd
make[5]: Entering directory `/data/user/eesen/tools/ATLAS/build/src/blas/pklevel3/sprk'
make[5]: `zlib.grd' is up to date.
make[5]: Leaving directory `/data/user/eesen/tools/ATLAS/build/src/blas/pklevel3/sprk'
make[4]: Leaving directory `/data/user/eesen/tools/ATLAS/build/src/blas/pklevel3/sprk'
cd gpmm ; make clib
make[4]: Entering directory `/data/user/eesen/tools/ATLAS/build/src/blas/pklevel3/gpmm'
make -j 56 clib.grd
make[5]: Entering directory `/data/user/eesen/tools/ATLAS/build/src/blas/pklevel3/gpmm'
make[5]: `clib.grd' is up to date.
make[5]: Leaving directory `/data/user/eesen/tools/ATLAS/build/src/blas/pklevel3/gpmm'
make[4]: Leaving directory `/data/user/eesen/tools/ATLAS/build/src/blas/pklevel3/gpmm'
cd sprk ; make clib
make[4]: Entering directory `/data/user/eesen/tools/ATLAS/build/src/blas/pklevel3/sprk'
make -j 56 clib.grd
make[5]: Entering directory `/data/user/eesen/tools/ATLAS/build/src/blas/pklevel3/sprk'
make[5]: `clib.grd' is up to date.
make[5]: Leaving directory `/data/user/eesen/tools/ATLAS/build/src/blas/pklevel3/sprk'
make[4]: Leaving directory `/data/user/eesen/tools/ATLAS/build/src/blas/pklevel3/sprk'
make[3]: Leaving directory `/data/user/eesen/tools/ATLAS/build/src/blas/pklevel3'
cd /data/user/eesen/tools/ATLAS/build/src/blas/f77reference ; make lib
make[3]: Entering directory `/data/user/eesen/tools/ATLAS/build/src/blas/f77reference'
ar r /data/user/eesen/tools/ATLAS/build/lib/libf77refblas.a dcabs1.o dzasum.o dznrm2.o izamax.o zaxpy.o zcopy.o zdotc.o zdotu.o zdrot.o zdscal.o zgbmv.o zgemm.o zgemv.o zgerc.o zgeru.o zhbmv.o zhemm.o zhemv.o zher.o zher2.o zher2k.o zherk.o zhpmv.o zhpr.o zhpr2.o zrotg.o zscal.o zswap.o zsymm.o zsyr2k.o zsyrk.o ztbmv.o ztbsv.o ztpmv.o ztpsv.o ztrmm.o ztrmv.o ztrsm.o ztrsv.o
echo /data/user/eesen/tools/ATLAS/build/lib/libf77refblas.a
/data/user/eesen/tools/ATLAS/build/lib/libf77refblas.a
ar r /data/user/eesen/tools/ATLAS/build/lib/libf77refblas.a caxpy.o ccopy.o cdotc.o cdotu.o cgbmv.o cgemm.o cgemv.o cgerc.o cgeru.o chbmv.o chemm.o chemv.o cher.o cher2.o cher2k.o cherk.o chpmv.o chpr.o chpr2.o crotg.o cscal.o csrot.o csscal.o cswap.o csymm.o csyr2k.o csyrk.o ctbmv.o ctbsv.o ctpmv.o ctpsv.o ctrmm.o ctrmv.o ctrsm.o ctrsv.o icamax.o scabs1.o scasum.o scnrm2.o
echo /data/user/eesen/tools/ATLAS/build/lib/libf77refblas.a
/data/user/eesen/tools/ATLAS/build/lib/libf77refblas.a
ar r /data/user/eesen/tools/ATLAS/build/lib/libf77refblas.a dasum.o daxpy.o dcopy.o ddot.o dgbmv.o dgemm.o dgemv.o dger.o dnrm2.o drot.o drotg.o drotm.o drotmg.o dsbmv.o dscal.o dsdot.o dspmv.o dspr.o dspr2.o dswap.o dsymm.o dsymv.o dsyr.o dsyr2.o dsyr2k.o dsyrk.o dtbmv.o dtbsv.o dtpmv.o dtpsv.o dtrmm.o dtrmv.o dtrsm.o dtrsv.o idamax.o
echo /data/user/eesen/tools/ATLAS/build/lib/libf77refblas.a
/data/user/eesen/tools/ATLAS/build/lib/libf77refblas.a
ar r /data/user/eesen/tools/ATLAS/build/lib/libf77refblas.a isamax.o sasum.o saxpy.o scopy.o sdot.o sdsdot.o sgbmv.o sgemm.o sgemv.o sger.o snrm2.o srot.o srotg.o srotm.o srotmg.o ssbmv.o sscal.o sspmv.o sspr.o sspr2.o sswap.o ssymm.o ssymv.o ssyr.o ssyr2.o ssyr2k.o ssyrk.o stbmv.o stbsv.o stpmv.o stpsv.o strmm.o strmv.o strsm.o strsv.o
echo /data/user/eesen/tools/ATLAS/build/lib/libf77refblas.a
/data/user/eesen/tools/ATLAS/build/lib/libf77refblas.a
ar r /data/user/eesen/tools/ATLAS/build/lib/libf77refblas.a lsame.o xerbla.o
echo /data/user/eesen/tools/ATLAS/build/lib/libf77refblas.a
/data/user/eesen/tools/ATLAS/build/lib/libf77refblas.a
make[3]: Leaving directory `/data/user/eesen/tools/ATLAS/build/src/blas/f77reference'
cd /data/user/eesen/tools/ATLAS/build/src/blas/reference/level3 ; make lib
make[3]: Entering directory `/data/user/eesen/tools/ATLAS/build/src/blas/reference/level3'
make[3]: Nothing to be done for `lib'.
make[3]: Leaving directory `/data/user/eesen/tools/ATLAS/build/src/blas/reference/level3'
cd /data/user/eesen/tools/ATLAS/build/src/lapack ; make lib
make[3]: Entering directory `/data/user/eesen/tools/ATLAS/build/src/lapack'
make -j 56 dlib.grd
make[4]: Entering directory `/data/user/eesen/tools/ATLAS/build/src/lapack'
ar r /data/user/eesen/tools/ATLAS/build/lib/liblapack.a ATL_dgelq2.o ATL_dgelqf.o ATL_dgelqr.o ATL_dgels.o ATL_dgeql2.o ATL_dgeqlf.o ATL_dgeqlr.o ATL_dgeqr2.o ATL_dgeqrf.o ATL_dgeqrr.o ATL_dgerq2.o ATL_dgerqf.o ATL_dgerqr.o ATL_dgetf2.o ATL_dgetrf.o ATL_dgetrfC.o ATL_dgetrfR.o ATL_dgetri.o ATL_dgetriC.o ATL_dgetriR.o ATL_dgetrs.o ATL_dlamch.o ATL_dlapy2.o ATL_dlarf.o ATL_dlarfb.o ATL_dlarfg.o ATL_dlarft.o ATL_dlascl.o ATL_dlaswp.o ATL_dlauum.o ATL_dlauumCL.o ATL_dlauumCU.o ATL_dlauumRL.o ATL_dlauumRU.o ATL_dormlq.o ATL_dormql.o ATL_dormqr.o ATL_dormrq.o ATL_dpotrf.o ATL_dpotrfL.o ATL_dpotrfU.o ATL_dpotrs.o ATL_dtrtri.o ATL_dtrtriCL.o ATL_dtrtriCU.o ATL_dtrtriRL.o ATL_dtrtriRU.o ATL_dtrtrs.o ATL_ilaenv.o
echo /data/user/eesen/tools/ATLAS/build/lib/liblapack.a
/data/user/eesen/tools/ATLAS/build/lib/liblapack.a
touch dlib.grd
make[4]: Leaving directory `/data/user/eesen/tools/ATLAS/build/src/lapack'
make -j 56 slib.grd
make[4]: Entering directory `/data/user/eesen/tools/ATLAS/build/src/lapack'
ar r /data/user/eesen/tools/ATLAS/build/lib/liblapack.a ATL_ilaenv.o ATL_sgelq2.o ATL_sgelqf.o ATL_sgelqr.o ATL_sgels.o ATL_sgeql2.o ATL_sgeqlf.o ATL_sgeqlr.o ATL_sgeqr2.o ATL_sgeqrf.o ATL_sgeqrr.o ATL_sgerq2.o ATL_sgerqf.o ATL_sgerqr.o ATL_sgetf2.o ATL_sgetrf.o ATL_sgetrfC.o ATL_sgetrfR.o ATL_sgetri.o ATL_sgetriC.o ATL_sgetriR.o ATL_sgetrs.o ATL_slamch.o ATL_slapy2.o ATL_slarf.o ATL_slarfb.o ATL_slarfg.o ATL_slarft.o ATL_slascl.o ATL_slaswp.o ATL_slauum.o ATL_slauumCL.o ATL_slauumCU.o ATL_slauumRL.o ATL_slauumRU.o ATL_sormlq.o ATL_sormql.o ATL_sormqr.o ATL_sormrq.o ATL_spotrf.o ATL_spotrfL.o ATL_spotrfU.o ATL_spotrs.o ATL_strtri.o ATL_strtriCL.o ATL_strtriCU.o ATL_strtriRL.o ATL_strtriRU.o ATL_strtrs.o
echo /data/user/eesen/tools/ATLAS/build/lib/liblapack.a
/data/user/eesen/tools/ATLAS/build/lib/liblapack.a
touch slib.grd
make[4]: Leaving directory `/data/user/eesen/tools/ATLAS/build/src/lapack'
make -j 56 zlib.grd
make[4]: Entering directory `/data/user/eesen/tools/ATLAS/build/src/lapack'
ar r /data/user/eesen/tools/ATLAS/build/lib/liblapack.a ATL_ilaenv.o ATL_zgelq2.o ATL_zgelqf.o ATL_zgelqr.o ATL_zgels.o ATL_zgeql2.o ATL_zgeqlf.o ATL_zgeqlr.o ATL_zgeqr2.o ATL_zgeqrf.o ATL_zgeqrr.o ATL_zgerq2.o ATL_zgerqf.o ATL_zgerqr.o ATL_zgetf2.o ATL_zgetrf.o ATL_zgetrfC.o ATL_zgetrfR.o ATL_zgetri.o ATL_zgetriC.o ATL_zgetriR.o ATL_zgetrs.o ATL_zlacgv.o ATL_zladiv.o ATL_zlapy2.o ATL_zlapy3.o ATL_zlarf.o ATL_zlarfb.o ATL_zlarfg.o ATL_zlarft.o ATL_zlascl.o ATL_zlaswp.o ATL_zlauum.o ATL_zlauumCL.o ATL_zlauumCU.o ATL_zlauumRL.o ATL_zlauumRU.o ATL_zormlq.o ATL_zormql.o ATL_zormqr.o ATL_zormrq.o ATL_zpotrf.o ATL_zpotrfL.o ATL_zpotrfRL.o ATL_zpotrfRU.o ATL_zpotrfU.o ATL_zpotrs.o ATL_ztrtri.o ATL_ztrtriCL.o ATL_ztrtriCU.o ATL_ztrtriRL.o ATL_ztrtriRU.o ATL_ztrtrs.o
echo /data/user/eesen/tools/ATLAS/build/lib/liblapack.a
/data/user/eesen/tools/ATLAS/build/lib/liblapack.a
touch zlib.grd
make[4]: Leaving directory `/data/user/eesen/tools/ATLAS/build/src/lapack'
make -j 56 clib.grd
make[4]: Entering directory `/data/user/eesen/tools/ATLAS/build/src/lapack'
make[4]: `clib.grd' is up to date.
make[4]: Leaving directory `/data/user/eesen/tools/ATLAS/build/src/lapack'
make[3]: Leaving directory `/data/user/eesen/tools/ATLAS/build/src/lapack'
cd /data/user/eesen/tools/ATLAS/build/interfaces/blas/C/src ; make all
make[3]: Entering directory `/data/user/eesen/tools/ATLAS/build/interfaces/blas/C/src'
make -j 56 dlvl3.grd
make[4]: Entering directory `/data/user/eesen/tools/ATLAS/build/interfaces/blas/C/src'
make[4]: `dlvl3.grd' is up to date.
make[4]: Leaving directory `/data/user/eesen/tools/ATLAS/build/interfaces/blas/C/src'
make -j 56 dlvl2.grd
make[4]: Entering directory `/data/user/eesen/tools/ATLAS/build/interfaces/blas/C/src'
make[4]: `dlvl2.grd' is up to date.
make[4]: Leaving directory `/data/user/eesen/tools/ATLAS/build/interfaces/blas/C/src'
make -j 56 dlvl1.grd
make[4]: Entering directory `/data/user/eesen/tools/ATLAS/build/interfaces/blas/C/src'
make[4]: `dlvl1.grd' is up to date.
make[4]: Leaving directory `/data/user/eesen/tools/ATLAS/build/interfaces/blas/C/src'
make -j 56 slvl3.grd
make[4]: Entering directory `/data/user/eesen/tools/ATLAS/build/interfaces/blas/C/src'
make[4]: `slvl3.grd' is up to date.
make[4]: Leaving directory `/data/user/eesen/tools/ATLAS/build/interfaces/blas/C/src'
make -j 56 slvl2.grd
make[4]: Entering directory `/data/user/eesen/tools/ATLAS/build/interfaces/blas/C/src'
make[4]: `slvl2.grd' is up to date.
make[4]: Leaving directory `/data/user/eesen/tools/ATLAS/build/interfaces/blas/C/src'
make -j 56 slvl1.grd
make[4]: Entering directory `/data/user/eesen/tools/ATLAS/build/interfaces/blas/C/src'
make[4]: `slvl1.grd' is up to date.
make[4]: Leaving directory `/data/user/eesen/tools/ATLAS/build/interfaces/blas/C/src'
make -j 56 zlvl3.grd
make[4]: Entering directory `/data/user/eesen/tools/ATLAS/build/interfaces/blas/C/src'
make[4]: `zlvl3.grd' is up to date.
make[4]: Leaving directory `/data/user/eesen/tools/ATLAS/build/interfaces/blas/C/src'
make -j 56 zlvl2.grd
make[4]: Entering directory `/data/user/eesen/tools/ATLAS/build/interfaces/blas/C/src'
make[4]: `zlvl2.grd' is up to date.
make[4]: Leaving directory `/data/user/eesen/tools/ATLAS/build/interfaces/blas/C/src'
make -j 56 zlvl1.grd
make[4]: Entering directory `/data/user/eesen/tools/ATLAS/build/interfaces/blas/C/src'
make[4]: `zlvl1.grd' is up to date.
make[4]: Leaving directory `/data/user/eesen/tools/ATLAS/build/interfaces/blas/C/src'
make -j 56 clvl3.grd
make[4]: Entering directory `/data/user/eesen/tools/ATLAS/build/interfaces/blas/C/src'
make[4]: `clvl3.grd' is up to date.
make[4]: Leaving directory `/data/user/eesen/tools/ATLAS/build/interfaces/blas/C/src'
make -j 56 clvl2.grd
make[4]: Entering directory `/data/user/eesen/tools/ATLAS/build/interfaces/blas/C/src'
make[4]: `clvl2.grd' is up to date.
make[4]: Leaving directory `/data/user/eesen/tools/ATLAS/build/interfaces/blas/C/src'
make -j 56 clvl1.grd
make[4]: Entering directory `/data/user/eesen/tools/ATLAS/build/interfaces/blas/C/src'
make[4]: `clvl1.grd' is up to date.
make[4]: Leaving directory `/data/user/eesen/tools/ATLAS/build/interfaces/blas/C/src'
make[3]: Leaving directory `/data/user/eesen/tools/ATLAS/build/interfaces/blas/C/src'
cd /data/user/eesen/tools/ATLAS/build/interfaces/blas/F77/src ; make lib
make[3]: Entering directory `/data/user/eesen/tools/ATLAS/build/interfaces/blas/F77/src'
make -j 56 slvl1.grd
make[4]: Entering directory `/data/user/eesen/tools/ATLAS/build/interfaces/blas/F77/src'
make[4]: `slvl1.grd' is up to date.
make[4]: Leaving directory `/data/user/eesen/tools/ATLAS/build/interfaces/blas/F77/src'
make -j 56 slvl2.grd
make[4]: Entering directory `/data/user/eesen/tools/ATLAS/build/interfaces/blas/F77/src'
make[4]: `slvl2.grd' is up to date.
make[4]: Leaving directory `/data/user/eesen/tools/ATLAS/build/interfaces/blas/F77/src'
make -j 56 slvl3.grd
make[4]: Entering directory `/data/user/eesen/tools/ATLAS/build/interfaces/blas/F77/src'
make[4]: `slvl3.grd' is up to date.
make[4]: Leaving directory `/data/user/eesen/tools/ATLAS/build/interfaces/blas/F77/src'
make -j 56 dlvl1.grd
make[4]: Entering directory `/data/user/eesen/tools/ATLAS/build/interfaces/blas/F77/src'
make[4]: `dlvl1.grd' is up to date.
make[4]: Leaving directory `/data/user/eesen/tools/ATLAS/build/interfaces/blas/F77/src'
make -j 56 dlvl2.grd
make[4]: Entering directory `/data/user/eesen/tools/ATLAS/build/interfaces/blas/F77/src'
make[4]: `dlvl2.grd' is up to date.
make[4]: Leaving directory `/data/user/eesen/tools/ATLAS/build/interfaces/blas/F77/src'
make -j 56 dlvl3.grd
make[4]: Entering directory `/data/user/eesen/tools/ATLAS/build/interfaces/blas/F77/src'
make[4]: `dlvl3.grd' is up to date.
make[4]: Leaving directory `/data/user/eesen/tools/ATLAS/build/interfaces/blas/F77/src'
make -j 56 clvl1.grd
make[4]: Entering directory `/data/user/eesen/tools/ATLAS/build/interfaces/blas/F77/src'
make[4]: `clvl1.grd' is up to date.
make[4]: Leaving directory `/data/user/eesen/tools/ATLAS/build/interfaces/blas/F77/src'
make -j 56 clvl2.grd
make[4]: Entering directory `/data/user/eesen/tools/ATLAS/build/interfaces/blas/F77/src'
make[4]: `clvl2.grd' is up to date.
make[4]: Leaving directory `/data/user/eesen/tools/ATLAS/build/interfaces/blas/F77/src'
make -j 56 clvl3.grd
make[4]: Entering directory `/data/user/eesen/tools/ATLAS/build/interfaces/blas/F77/src'
make[4]: `clvl3.grd' is up to date.
make[4]: Leaving directory `/data/user/eesen/tools/ATLAS/build/interfaces/blas/F77/src'
make -j 56 zlvl1.grd
make[4]: Entering directory `/data/user/eesen/tools/ATLAS/build/interfaces/blas/F77/src'
make[4]: `zlvl1.grd' is up to date.
make[4]: Leaving directory `/data/user/eesen/tools/ATLAS/build/interfaces/blas/F77/src'
make -j 56 zlvl2.grd
make[4]: Entering directory `/data/user/eesen/tools/ATLAS/build/interfaces/blas/F77/src'
make[4]: `zlvl2.grd' is up to date.
make[4]: Leaving directory `/data/user/eesen/tools/ATLAS/build/interfaces/blas/F77/src'
make -j 56 zlvl3.grd
make[4]: Entering directory `/data/user/eesen/tools/ATLAS/build/interfaces/blas/F77/src'
make[4]: `zlvl3.grd' is up to date.
make[4]: Leaving directory `/data/user/eesen/tools/ATLAS/build/interfaces/blas/F77/src'
make[3]: Leaving directory `/data/user/eesen/tools/ATLAS/build/interfaces/blas/F77/src'
cd /data/user/eesen/tools/ATLAS/build/interfaces/lapack/C/src ; make lib
make[3]: Entering directory `/data/user/eesen/tools/ATLAS/build/interfaces/lapack/C/src'
make -j 56 dlib.grd
make[4]: Entering directory `/data/user/eesen/tools/ATLAS/build/interfaces/lapack/C/src'
make[4]: `dlib.grd' is up to date.
make[4]: Leaving directory `/data/user/eesen/tools/ATLAS/build/interfaces/lapack/C/src'
make -j 56 slib.grd
make[4]: Entering directory `/data/user/eesen/tools/ATLAS/build/interfaces/lapack/C/src'
make[4]: `slib.grd' is up to date.
make[4]: Leaving directory `/data/user/eesen/tools/ATLAS/build/interfaces/lapack/C/src'
make -j 56 zlib.grd
make[4]: Entering directory `/data/user/eesen/tools/ATLAS/build/interfaces/lapack/C/src'
make[4]: `zlib.grd' is up to date.
make[4]: Leaving directory `/data/user/eesen/tools/ATLAS/build/interfaces/lapack/C/src'
make -j 56 clib.grd
make[4]: Entering directory `/data/user/eesen/tools/ATLAS/build/interfaces/lapack/C/src'
make[4]: `clib.grd' is up to date.
make[4]: Leaving directory `/data/user/eesen/tools/ATLAS/build/interfaces/lapack/C/src'
make -j 56 ilib.grd
make[4]: Entering directory `/data/user/eesen/tools/ATLAS/build/interfaces/lapack/C/src'
make[4]: `ilib.grd' is up to date.
make[4]: Leaving directory `/data/user/eesen/tools/ATLAS/build/interfaces/lapack/C/src'
make[3]: Leaving directory `/data/user/eesen/tools/ATLAS/build/interfaces/lapack/C/src'
cd /data/user/eesen/tools/ATLAS/build/interfaces/lapack/F77/src ; make lib
make[3]: Entering directory `/data/user/eesen/tools/ATLAS/build/interfaces/lapack/F77/src'
make[3]: Nothing to be done for `lib'.
make[3]: Leaving directory `/data/user/eesen/tools/ATLAS/build/interfaces/lapack/F77/src'
if [ -d "/data/user/eesen/tools/ATLAS/build/src/lapack/reference" ]; then \
   cd /data/user/eesen/tools/ATLAS/build/interfaces/lapack/C2F/src ; make lib ; \
        fi
cd /data/user/eesen/tools/ATLAS/build/src/auxil/ ; make ptlib
make[3]: Entering directory `/data/user/eesen/tools/ATLAS/build/src/auxil'
make[3]: Nothing to be done for `ptlib'.
make[3]: Leaving directory `/data/user/eesen/tools/ATLAS/build/src/auxil'
cd /data/user/eesen/tools/ATLAS/build/src/blas/gemm ; make lib
make[3]: Entering directory `/data/user/eesen/tools/ATLAS/build/src/blas/gemm'
make auxillib dcleanuplib dusergemm
make[4]: Entering directory `/data/user/eesen/tools/ATLAS/build/src/blas/gemm'
cd /data/user/eesen/tools/ATLAS/build/src/auxil ; make lib
make[5]: Entering directory `/data/user/eesen/tools/ATLAS/build/src/auxil'
make[5]: Nothing to be done for `lib'.
make[5]: Leaving directory `/data/user/eesen/tools/ATLAS/build/src/auxil'
cd KERNEL ; make -f dMakefile dlib
make[5]: Entering directory `/data/user/eesen/tools/ATLAS/build/src/blas/gemm/KERNEL'
make[5]: Nothing to be done for `dlib'.
make[5]: Leaving directory `/data/user/eesen/tools/ATLAS/build/src/blas/gemm/KERNEL'
make[4]: Nothing to be done for `dusergemm'.
make[4]: Leaving directory `/data/user/eesen/tools/ATLAS/build/src/blas/gemm'
make -j 56 dlib.grd
make[4]: Entering directory `/data/user/eesen/tools/ATLAS/build/src/blas/gemm'
make[4]: `dlib.grd' is up to date.
make[4]: Leaving directory `/data/user/eesen/tools/ATLAS/build/src/blas/gemm'
make auxillib scleanuplib susergemm
make[4]: Entering directory `/data/user/eesen/tools/ATLAS/build/src/blas/gemm'
cd /data/user/eesen/tools/ATLAS/build/src/auxil ; make lib
make[5]: Entering directory `/data/user/eesen/tools/ATLAS/build/src/auxil'
make[5]: Nothing to be done for `lib'.
make[5]: Leaving directory `/data/user/eesen/tools/ATLAS/build/src/auxil'
cd KERNEL ; make -f sMakefile slib
make[5]: Entering directory `/data/user/eesen/tools/ATLAS/build/src/blas/gemm/KERNEL'
make[5]: Nothing to be done for `slib'.
make[5]: Leaving directory `/data/user/eesen/tools/ATLAS/build/src/blas/gemm/KERNEL'
make[4]: Nothing to be done for `susergemm'.
make[4]: Leaving directory `/data/user/eesen/tools/ATLAS/build/src/blas/gemm'
make -j 56 slib.grd
make[4]: Entering directory `/data/user/eesen/tools/ATLAS/build/src/blas/gemm'
make[4]: `slib.grd' is up to date.
make[4]: Leaving directory `/data/user/eesen/tools/ATLAS/build/src/blas/gemm'
make auxillib zcleanuplib zusergemm
make[4]: Entering directory `/data/user/eesen/tools/ATLAS/build/src/blas/gemm'
cd /data/user/eesen/tools/ATLAS/build/src/auxil ; make lib
make[5]: Entering directory `/data/user/eesen/tools/ATLAS/build/src/auxil'
make[5]: Nothing to be done for `lib'.
make[5]: Leaving directory `/data/user/eesen/tools/ATLAS/build/src/auxil'
cd KERNEL ; make -f zMakefile zlib
make[5]: Entering directory `/data/user/eesen/tools/ATLAS/build/src/blas/gemm/KERNEL'
make[5]: Nothing to be done for `zlib'.
make[5]: Leaving directory `/data/user/eesen/tools/ATLAS/build/src/blas/gemm/KERNEL'
make[4]: Nothing to be done for `zusergemm'.
make[4]: Leaving directory `/data/user/eesen/tools/ATLAS/build/src/blas/gemm'
make -j 56 zlib.grd
make[4]: Entering directory `/data/user/eesen/tools/ATLAS/build/src/blas/gemm'
make[4]: `zlib.grd' is up to date.
make[4]: Leaving directory `/data/user/eesen/tools/ATLAS/build/src/blas/gemm'
make auxillib ccleanuplib cusergemm
make[4]: Entering directory `/data/user/eesen/tools/ATLAS/build/src/blas/gemm'
cd /data/user/eesen/tools/ATLAS/build/src/auxil ; make lib
make[5]: Entering directory `/data/user/eesen/tools/ATLAS/build/src/auxil'
make[5]: Nothing to be done for `lib'.
make[5]: Leaving directory `/data/user/eesen/tools/ATLAS/build/src/auxil'
cd KERNEL ; make -f cMakefile clib
make[5]: Entering directory `/data/user/eesen/tools/ATLAS/build/src/blas/gemm/KERNEL'
make[5]: Nothing to be done for `clib'.
make[5]: Leaving directory `/data/user/eesen/tools/ATLAS/build/src/blas/gemm/KERNEL'
make[4]: Nothing to be done for `cusergemm'.
make[4]: Leaving directory `/data/user/eesen/tools/ATLAS/build/src/blas/gemm'
make -j 56 clib.grd
make[4]: Entering directory `/data/user/eesen/tools/ATLAS/build/src/blas/gemm'
make[4]: `clib.grd' is up to date.
make[4]: Leaving directory `/data/user/eesen/tools/ATLAS/build/src/blas/gemm'
make[3]: Leaving directory `/data/user/eesen/tools/ATLAS/build/src/blas/gemm'
cd /data/user/eesen/tools/ATLAS/build/src/threads/ ; make lib
make[3]: Entering directory `/data/user/eesen/tools/ATLAS/build/src/threads'
cd blas/level3 ; make dlib
make[4]: Entering directory `/data/user/eesen/tools/ATLAS/build/src/threads/blas/level3'
make[4]: Nothing to be done for `dlib'.
make[4]: Leaving directory `/data/user/eesen/tools/ATLAS/build/src/threads/blas/level3'
cd /data/user/eesen/tools/ATLAS/build/src/blas/gemm ; make dtlib
make[4]: Entering directory `/data/user/eesen/tools/ATLAS/build/src/blas/gemm'
make[4]: Nothing to be done for `dtlib'.
make[4]: Leaving directory `/data/user/eesen/tools/ATLAS/build/src/blas/gemm'
cd blas/level3 ; make zlib
make[4]: Entering directory `/data/user/eesen/tools/ATLAS/build/src/threads/blas/level3'
make[4]: Nothing to be done for `zlib'.
make[4]: Leaving directory `/data/user/eesen/tools/ATLAS/build/src/threads/blas/level3'
cd /data/user/eesen/tools/ATLAS/build/src/blas/gemm ; make ztlib
make[4]: Entering directory `/data/user/eesen/tools/ATLAS/build/src/blas/gemm'
make[4]: Nothing to be done for `ztlib'.
make[4]: Leaving directory `/data/user/eesen/tools/ATLAS/build/src/blas/gemm'
cd blas/level3 ; make clib
make[4]: Entering directory `/data/user/eesen/tools/ATLAS/build/src/threads/blas/level3'
make[4]: Nothing to be done for `clib'.
make[4]: Leaving directory `/data/user/eesen/tools/ATLAS/build/src/threads/blas/level3'
cd /data/user/eesen/tools/ATLAS/build/src/blas/gemm ; make ctlib
make[4]: Entering directory `/data/user/eesen/tools/ATLAS/build/src/blas/gemm'
make[4]: Nothing to be done for `ctlib'.
make[4]: Leaving directory `/data/user/eesen/tools/ATLAS/build/src/blas/gemm'
cd blas/level3 ; make slib
make[4]: Entering directory `/data/user/eesen/tools/ATLAS/build/src/threads/blas/level3'
make[4]: Nothing to be done for `slib'.
make[4]: Leaving directory `/data/user/eesen/tools/ATLAS/build/src/threads/blas/level3'
cd /data/user/eesen/tools/ATLAS/build/src/blas/gemm ; make stlib
make[4]: Entering directory `/data/user/eesen/tools/ATLAS/build/src/blas/gemm'
make[4]: Nothing to be done for `stlib'.
make[4]: Leaving directory `/data/user/eesen/tools/ATLAS/build/src/blas/gemm'
cd blas/level2 ; make dlib
make[4]: Entering directory `/data/user/eesen/tools/ATLAS/build/src/threads/blas/level2'
make[4]: Nothing to be done for `dlib'.
make[4]: Leaving directory `/data/user/eesen/tools/ATLAS/build/src/threads/blas/level2'
cd blas/level2 ; make zlib
make[4]: Entering directory `/data/user/eesen/tools/ATLAS/build/src/threads/blas/level2'
make[4]: Nothing to be done for `zlib'.
make[4]: Leaving directory `/data/user/eesen/tools/ATLAS/build/src/threads/blas/level2'
cd blas/level2 ; make clib
make[4]: Entering directory `/data/user/eesen/tools/ATLAS/build/src/threads/blas/level2'
make[4]: Nothing to be done for `clib'.
make[4]: Leaving directory `/data/user/eesen/tools/ATLAS/build/src/threads/blas/level2'
cd blas/level2 ; make slib
make[4]: Entering directory `/data/user/eesen/tools/ATLAS/build/src/threads/blas/level2'
make[4]: Nothing to be done for `slib'.
make[4]: Leaving directory `/data/user/eesen/tools/ATLAS/build/src/threads/blas/level2'
make[3]: Leaving directory `/data/user/eesen/tools/ATLAS/build/src/threads'
cd /data/user/eesen/tools/ATLAS/build/interfaces/blas/C/src/ ; make ptlib
make[3]: Entering directory `/data/user/eesen/tools/ATLAS/build/interfaces/blas/C/src'
make -j 56 dptlvl3.grd
make[4]: Entering directory `/data/user/eesen/tools/ATLAS/build/interfaces/blas/C/src'
make[4]: `dptlvl3.grd' is up to date.
make[4]: Leaving directory `/data/user/eesen/tools/ATLAS/build/interfaces/blas/C/src'
make -j 56 dptlvl2.grd
make[4]: Entering directory `/data/user/eesen/tools/ATLAS/build/interfaces/blas/C/src'
make[4]: `dptlvl2.grd' is up to date.
make[4]: Leaving directory `/data/user/eesen/tools/ATLAS/build/interfaces/blas/C/src'
make -j 56 dptlvl1.grd
make[4]: Entering directory `/data/user/eesen/tools/ATLAS/build/interfaces/blas/C/src'
make[4]: `dptlvl1.grd' is up to date.
make[4]: Leaving directory `/data/user/eesen/tools/ATLAS/build/interfaces/blas/C/src'
make -j 56 sptlvl3.grd
make[4]: Entering directory `/data/user/eesen/tools/ATLAS/build/interfaces/blas/C/src'
make[4]: `sptlvl3.grd' is up to date.
make[4]: Leaving directory `/data/user/eesen/tools/ATLAS/build/interfaces/blas/C/src'
make -j 56 sptlvl2.grd
make[4]: Entering directory `/data/user/eesen/tools/ATLAS/build/interfaces/blas/C/src'
make[4]: `sptlvl2.grd' is up to date.
make[4]: Leaving directory `/data/user/eesen/tools/ATLAS/build/interfaces/blas/C/src'
make -j 56 sptlvl1.grd
make[4]: Entering directory `/data/user/eesen/tools/ATLAS/build/interfaces/blas/C/src'
make[4]: `sptlvl1.grd' is up to date.
make[4]: Leaving directory `/data/user/eesen/tools/ATLAS/build/interfaces/blas/C/src'
make -j 56 zptlvl3.grd
make[4]: Entering directory `/data/user/eesen/tools/ATLAS/build/interfaces/blas/C/src'
make[4]: `zptlvl3.grd' is up to date.
make[4]: Leaving directory `/data/user/eesen/tools/ATLAS/build/interfaces/blas/C/src'
make -j 56 zptlvl2.grd
make[4]: Entering directory `/data/user/eesen/tools/ATLAS/build/interfaces/blas/C/src'
make[4]: `zptlvl2.grd' is up to date.
make[4]: Leaving directory `/data/user/eesen/tools/ATLAS/build/interfaces/blas/C/src'
make -j 56 zptlvl1.grd
make[4]: Entering directory `/data/user/eesen/tools/ATLAS/build/interfaces/blas/C/src'
make[4]: `zptlvl1.grd' is up to date.
make[4]: Leaving directory `/data/user/eesen/tools/ATLAS/build/interfaces/blas/C/src'
make -j 56 cptlvl3.grd
make[4]: Entering directory `/data/user/eesen/tools/ATLAS/build/interfaces/blas/C/src'
make[4]: `cptlvl3.grd' is up to date.
make[4]: Leaving directory `/data/user/eesen/tools/ATLAS/build/interfaces/blas/C/src'
make -j 56 cptlvl2.grd
make[4]: Entering directory `/data/user/eesen/tools/ATLAS/build/interfaces/blas/C/src'
make[4]: `cptlvl2.grd' is up to date.
make[4]: Leaving directory `/data/user/eesen/tools/ATLAS/build/interfaces/blas/C/src'
make -j 56 cptlvl1.grd
make[4]: Entering directory `/data/user/eesen/tools/ATLAS/build/interfaces/blas/C/src'
make[4]: `cptlvl1.grd' is up to date.
make[4]: Leaving directory `/data/user/eesen/tools/ATLAS/build/interfaces/blas/C/src'
make[3]: Leaving directory `/data/user/eesen/tools/ATLAS/build/interfaces/blas/C/src'
cd /data/user/eesen/tools/ATLAS/build/interfaces/blas/F77/src/ ; make ptlib
make[3]: Entering directory `/data/user/eesen/tools/ATLAS/build/interfaces/blas/F77/src'
make -j 56 sptlvl1.grd
make[4]: Entering directory `/data/user/eesen/tools/ATLAS/build/interfaces/blas/F77/src'
make[4]: `sptlvl1.grd' is up to date.
make[4]: Leaving directory `/data/user/eesen/tools/ATLAS/build/interfaces/blas/F77/src'
make -j 56 sptlvl2.grd
make[4]: Entering directory `/data/user/eesen/tools/ATLAS/build/interfaces/blas/F77/src'
make[4]: `sptlvl2.grd' is up to date.
make[4]: Leaving directory `/data/user/eesen/tools/ATLAS/build/interfaces/blas/F77/src'
make -j 56 sptlvl3.grd
make[4]: Entering directory `/data/user/eesen/tools/ATLAS/build/interfaces/blas/F77/src'
make[4]: `sptlvl3.grd' is up to date.
make[4]: Leaving directory `/data/user/eesen/tools/ATLAS/build/interfaces/blas/F77/src'
make -j 56 dptlvl1.grd
make[4]: Entering directory `/data/user/eesen/tools/ATLAS/build/interfaces/blas/F77/src'
make[4]: `dptlvl1.grd' is up to date.
make[4]: Leaving directory `/data/user/eesen/tools/ATLAS/build/interfaces/blas/F77/src'
make -j 56 dptlvl2.grd
make[4]: Entering directory `/data/user/eesen/tools/ATLAS/build/interfaces/blas/F77/src'
make[4]: `dptlvl2.grd' is up to date.
make[4]: Leaving directory `/data/user/eesen/tools/ATLAS/build/interfaces/blas/F77/src'
make -j 56 dptlvl3.grd
make[4]: Entering directory `/data/user/eesen/tools/ATLAS/build/interfaces/blas/F77/src'
make[4]: `dptlvl3.grd' is up to date.
make[4]: Leaving directory `/data/user/eesen/tools/ATLAS/build/interfaces/blas/F77/src'
make -j 56 cptlvl1.grd
make[4]: Entering directory `/data/user/eesen/tools/ATLAS/build/interfaces/blas/F77/src'
make[4]: `cptlvl1.grd' is up to date.
make[4]: Leaving directory `/data/user/eesen/tools/ATLAS/build/interfaces/blas/F77/src'
make -j 56 cptlvl2.grd
make[4]: Entering directory `/data/user/eesen/tools/ATLAS/build/interfaces/blas/F77/src'
make[4]: `cptlvl2.grd' is up to date.
make[4]: Leaving directory `/data/user/eesen/tools/ATLAS/build/interfaces/blas/F77/src'
make -j 56 cptlvl3.grd
make[4]: Entering directory `/data/user/eesen/tools/ATLAS/build/interfaces/blas/F77/src'
make[4]: `cptlvl3.grd' is up to date.
make[4]: Leaving directory `/data/user/eesen/tools/ATLAS/build/interfaces/blas/F77/src'
make -j 56 zptlvl1.grd
make[4]: Entering directory `/data/user/eesen/tools/ATLAS/build/interfaces/blas/F77/src'
make[4]: `zptlvl1.grd' is up to date.
make[4]: Leaving directory `/data/user/eesen/tools/ATLAS/build/interfaces/blas/F77/src'
make -j 56 zptlvl2.grd
make[4]: Entering directory `/data/user/eesen/tools/ATLAS/build/interfaces/blas/F77/src'
make[4]: `zptlvl2.grd' is up to date.
make[4]: Leaving directory `/data/user/eesen/tools/ATLAS/build/interfaces/blas/F77/src'
make -j 56 zptlvl3.grd
make[4]: Entering directory `/data/user/eesen/tools/ATLAS/build/interfaces/blas/F77/src'
make[4]: `zptlvl3.grd' is up to date.
make[4]: Leaving directory `/data/user/eesen/tools/ATLAS/build/interfaces/blas/F77/src'
make[3]: Leaving directory `/data/user/eesen/tools/ATLAS/build/interfaces/blas/F77/src'
cd /data/user/eesen/tools/ATLAS/build/src/lapack ; make ptlib
make[3]: Entering directory `/data/user/eesen/tools/ATLAS/build/src/lapack'
make -j 56 dtlib.grd
make[4]: Entering directory `/data/user/eesen/tools/ATLAS/build/src/lapack'
/usr/bin/x86_64-redhat-linux-gcc -O -fomit-frame-pointer -mavx -m64 -fPIC -DL2SIZE=4194304 -I/data/user/eesen/tools/ATLAS/build/include -I/data/user/eesen/tools/ATLAS/build/..//include -I/data/user/eesen/tools/ATLAS/build/..//include/contrib -DAdd_ -DF77_INTEGER=int -DStringSunStyle -DATL_OS_Linux -DATL_ARCH_UNKNOWNx86 -DATL_CPUMHZ=2401 -DATL_AVXMAC -DATL_AVX -DATL_SSE3 -DATL_SSE2 -DATL_SSE1 -DATL_USE64BITS -DATL_GAS_x8664 -m64 -DATL_DYLIBS -DATL_NCPU=56 -c -o ATL_itlaenv.o -DATL_USEPTHREADS \
               /data/user/eesen/tools/ATLAS/build/..//src/lapack/ATL_ilaenv.c
ar r /data/user/eesen/tools/ATLAS/build/lib/libptlapack.a ATL_dgelq2.o ATL_dgeql2.o ATL_dgeqr2.o ATL_dgerq2.o ATL_dgetf2.o ATL_dgetrfR.o ATL_dgetri.o ATL_dgetriC.o ATL_dgetriR.o ATL_dgetrs.o ATL_dlamch.o ATL_dlapy2.o ATL_dlarf.o ATL_dlarfb.o ATL_dlarfg.o ATL_dlarft.o ATL_dlascl.o ATL_dlaswp.o ATL_dlauum.o ATL_dlauumCL.o ATL_dlauumCU.o ATL_dlauumRL.o ATL_dlauumRU.o ATL_dormlq.o ATL_dormql.o ATL_dormqr.o ATL_dormrq.o ATL_dpotrf.o ATL_dpotrfL.o ATL_dpotrfU.o ATL_dpotrs.o ATL_dtgelqf.o ATL_dtgelqr.o ATL_dtgels.o ATL_dtgeqlf.o ATL_dtgeqlr.o ATL_dtgeqrf.o ATL_dtgeqrr.o ATL_dtgerqf.o ATL_dtgerqr.o ATL_dtgetrf.o ATL_dtgetrfC.o ATL_dtrtri.o ATL_dtrtriCL.o ATL_dtrtriCU.o ATL_dtrtriRL.o ATL_dtrtriRU.o ATL_dtrtrs.o ATL_itlaenv.o
echo /data/user/eesen/tools/ATLAS/build/lib/libptlapack.a
/data/user/eesen/tools/ATLAS/build/lib/libptlapack.a
touch dtlib.grd
make[4]: Leaving directory `/data/user/eesen/tools/ATLAS/build/src/lapack'
cd /data/user/eesen/tools/ATLAS/build/src/threads/lapack ; make -j 56 dtlib
make[4]: Entering directory `/data/user/eesen/tools/ATLAS/build/src/threads/lapack'
make[4]: Nothing to be done for `dtlib'.
make[4]: Leaving directory `/data/user/eesen/tools/ATLAS/build/src/threads/lapack'
make -j 56 stlib.grd
make[4]: Entering directory `/data/user/eesen/tools/ATLAS/build/src/lapack'
ar r /data/user/eesen/tools/ATLAS/build/lib/libptlapack.a ATL_itlaenv.o ATL_sgelq2.o ATL_sgeql2.o ATL_sgeqr2.o ATL_sgerq2.o ATL_sgetf2.o ATL_sgetrfR.o ATL_sgetri.o ATL_sgetriC.o ATL_sgetriR.o ATL_sgetrs.o ATL_slamch.o ATL_slapy2.o ATL_slarf.o ATL_slarfb.o ATL_slarfg.o ATL_slarft.o ATL_slascl.o ATL_slaswp.o ATL_slauum.o ATL_slauumCL.o ATL_slauumCU.o ATL_slauumRL.o ATL_slauumRU.o ATL_sormlq.o ATL_sormql.o ATL_sormqr.o ATL_sormrq.o ATL_spotrf.o ATL_spotrfL.o ATL_spotrfU.o ATL_spotrs.o ATL_stgelqf.o ATL_stgelqr.o ATL_stgels.o ATL_stgeqlf.o ATL_stgeqlr.o ATL_stgeqrf.o ATL_stgeqrr.o ATL_stgerqf.o ATL_stgerqr.o ATL_stgetrf.o ATL_stgetrfC.o ATL_strtri.o ATL_strtriCL.o ATL_strtriCU.o ATL_strtriRL.o ATL_strtriRU.o ATL_strtrs.o
echo /data/user/eesen/tools/ATLAS/build/lib/libptlapack.a
/data/user/eesen/tools/ATLAS/build/lib/libptlapack.a
touch stlib.grd
make[4]: Leaving directory `/data/user/eesen/tools/ATLAS/build/src/lapack'
cd /data/user/eesen/tools/ATLAS/build/src/threads/lapack ; make -j 56 stlib
make[4]: Entering directory `/data/user/eesen/tools/ATLAS/build/src/threads/lapack'
make[4]: Nothing to be done for `stlib'.
make[4]: Leaving directory `/data/user/eesen/tools/ATLAS/build/src/threads/lapack'
make -j 56 ztlib.grd
make[4]: Entering directory `/data/user/eesen/tools/ATLAS/build/src/lapack'
ar r /data/user/eesen/tools/ATLAS/build/lib/libptlapack.a ATL_itlaenv.o ATL_zgelq2.o ATL_zgeql2.o ATL_zgeqr2.o ATL_zgerq2.o ATL_zgetf2.o ATL_zgetrfR.o ATL_zgetri.o ATL_zgetriC.o ATL_zgetriR.o ATL_zgetrs.o ATL_zlacgv.o ATL_zladiv.o ATL_zlapy2.o ATL_zlapy3.o ATL_zlarf.o ATL_zlarfb.o ATL_zlarfg.o ATL_zlarft.o ATL_zlascl.o ATL_zlaswp.o ATL_zlauum.o ATL_zlauumCL.o ATL_zlauumCU.o ATL_zlauumRL.o ATL_zlauumRU.o ATL_zormlq.o ATL_zormql.o ATL_zormqr.o ATL_zormrq.o ATL_zpotrf.o ATL_zpotrfL.o ATL_zpotrfRL.o ATL_zpotrfRU.o ATL_zpotrfU.o ATL_zpotrs.o ATL_ztgelqf.o ATL_ztgelqr.o ATL_ztgels.o ATL_ztgeqlf.o ATL_ztgeqlr.o ATL_ztgeqrf.o ATL_ztgeqrr.o ATL_ztgerqf.o ATL_ztgerqr.o ATL_ztgetrf.o ATL_ztgetrfC.o ATL_ztrtri.o ATL_ztrtriCL.o ATL_ztrtriCU.o ATL_ztrtriRL.o ATL_ztrtriRU.o ATL_ztrtrs.o
echo /data/user/eesen/tools/ATLAS/build/lib/libptlapack.a
/data/user/eesen/tools/ATLAS/build/lib/libptlapack.a
touch ztlib.grd
make[4]: Leaving directory `/data/user/eesen/tools/ATLAS/build/src/lapack'
cd /data/user/eesen/tools/ATLAS/build/src/threads/lapack ; make -j 56 ztlib
make[4]: Entering directory `/data/user/eesen/tools/ATLAS/build/src/threads/lapack'
make[4]: Nothing to be done for `ztlib'.
make[4]: Leaving directory `/data/user/eesen/tools/ATLAS/build/src/threads/lapack'
make -j 56 ctlib.grd
make[4]: Entering directory `/data/user/eesen/tools/ATLAS/build/src/lapack'
ar r /data/user/eesen/tools/ATLAS/build/lib/libptlapack.a ATL_cgelq2.o ATL_cgeql2.o ATL_cgeqr2.o ATL_cgerq2.o ATL_cgetf2.o ATL_cgetrfR.o ATL_cgetri.o ATL_cgetriC.o ATL_cgetriR.o ATL_cgetrs.o ATL_clacgv.o ATL_cladiv.o ATL_clapy2.o ATL_clapy3.o ATL_clarf.o ATL_clarfb.o ATL_clarfg.o ATL_clarft.o ATL_clascl.o ATL_claswp.o ATL_clauum.o ATL_clauumCL.o ATL_clauumCU.o ATL_clauumRL.o ATL_clauumRU.o ATL_cormlq.o ATL_cormql.o ATL_cormqr.o ATL_cormrq.o ATL_cpotrf.o ATL_cpotrfL.o ATL_cpotrfRL.o ATL_cpotrfRU.o ATL_cpotrfU.o ATL_cpotrs.o ATL_ctgelqf.o ATL_ctgelqr.o ATL_ctgels.o ATL_ctgeqlf.o ATL_ctgeqlr.o ATL_ctgeqrf.o ATL_ctgeqrr.o ATL_ctgerqf.o ATL_ctgerqr.o ATL_ctgetrf.o ATL_ctgetrfC.o ATL_ctrtri.o ATL_ctrtriCL.o ATL_ctrtriCU.o ATL_ctrtriRL.o ATL_ctrtriRU.o ATL_ctrtrs.o ATL_itlaenv.o
echo /data/user/eesen/tools/ATLAS/build/lib/libptlapack.a
/data/user/eesen/tools/ATLAS/build/lib/libptlapack.a
touch ctlib.grd
make[4]: Leaving directory `/data/user/eesen/tools/ATLAS/build/src/lapack'
cd /data/user/eesen/tools/ATLAS/build/src/threads/lapack ; make -j 56 ctlib
make[4]: Entering directory `/data/user/eesen/tools/ATLAS/build/src/threads/lapack'
make[4]: Nothing to be done for `ctlib'.
make[4]: Leaving directory `/data/user/eesen/tools/ATLAS/build/src/threads/lapack'
make[3]: Leaving directory `/data/user/eesen/tools/ATLAS/build/src/lapack'
make[2]: Leaving directory `/data/user/eesen/tools/ATLAS/build/bin'

*******************************************************************************
*******************************************************************************
*******************************************************************************
*      FINISHED ATLAS3.10.0 INSTALL OF SECTION 5-1-1 ON 08/07/2019 AT 19:38   *
*******************************************************************************
*******************************************************************************
*******************************************************************************



