
*******************************************************************************
*******************************************************************************
*******************************************************************************
*       BEGAN ATLAS3.10.0 INSTALL OF SECTION 2-3-7 ON 08/07/2019 AT 14:24     *
*******************************************************************************
*******************************************************************************
*******************************************************************************



make[2]: Entering directory `/data/user/eesen/tools/ATLAS/build/bin'
cd /data/user/eesen/tools/ATLAS/build/tune/blas/gemv ; make res/zMVTK.sum pre=z
make[3]: Entering directory `/data/user/eesen/tools/ATLAS/build/tune/blas/gemv'
./xmvtksearch -p z

      Read in L1 Cache size as = 32KB.

Cases read in:
ID=1 ROUT='ATL_cgemvT_dot.c' AUTH='R. Clint Whaley' TA='T' \
   rankR=0 CacheElts=0 SSE=0 alignA=0 alignY=0 alignX=0 minM=0 minN=0 NU=1  \
   MU=16 LDAMUL=0 PFTUNABLE=0 ALIGNX2A=0 ADDCFLAGS=0 GEMMBASED=0 AXPYBASED=0  \
   ALLALIGNXY=0 LDYTOP=0 FNU=0 X87=0 

BEGIN BASIC KERNEL TESTS:
   Kernel ATL_cgemvT_dot.c(1) passes basic test
DONE BASIC KERNEL TESTS:


Surviving cases:
ID=1 ROUT='ATL_cgemvT_dot.c' AUTH='R. Clint Whaley' TA='T' \
   rankR=0 CacheElts=0 SSE=0 alignA=0 alignY=0 alignX=0 minM=0 minN=0 NU=1  \
   MU=16 LDAMUL=0 PFTUNABLE=0 ALIGNX2A=0 ADDCFLAGS=0 GEMMBASED=0 AXPYBASED=0  \
   ALLALIGNXY=0 LDYTOP=0 FNU=0 X87=0 
BEGIN NU/MU EXTRACT SEARCH, imf=1:

BEGIN BASIC KERNEL TESTS:
   Kernel zmvt_C.c(900000) passes basic test
   Kernel zmvt_C.c(900000) passes basic test
   Kernel zmvt_C.c(900000) passes basic test
   Kernel zmvt_C.c(900000) passes basic test
   Kernel zmvt_C.c(900000) passes basic test
   Kernel zmvt_C.c(900000) passes basic test
   Kernel zmvt_C.c(900000) passes basic test
   Kernel zmvt_C.c(900000) passes basic test
   Kernel zmvt_C.c(900000) passes basic test
   Kernel zmvt_C.c(900000) passes basic test
   Kernel zmvt_C.c(900000) passes basic test
   Kernel zmvt_C.c(900000) passes basic test
DONE BASIC KERNEL TESTS:

   900000:zmvt_C.c (M=2300, N=1000, lda=2303) gets 4603.45 MFLOPS
   900000:zmvt_C.c (M=2300, N=1000, lda=2303) gets 4603.45 MFLOPS
   900000:zmvt_C.c (M=2300, N=1000, lda=2303) gets 4603.45 MFLOPS
   900000:zmvt_C.c (M=2300, N=1000, lda=2303) gets 4603.45 MFLOPS
   900000:zmvt_C.c (M=2300, N=996, lda=2303) gets 2292.53 MFLOPS
   900000:zmvt_C.c (M=2300, N=992, lda=2303) gets 2283.32 MFLOPS
   900000:zmvt_C.c (M=2300, N=1000, lda=2303) gets 2301.72 MFLOPS
   900000:zmvt_C.c (M=2300, N=1000, lda=2303) gets 4603.45 MFLOPS
   900000:zmvt_C.c (M=2300, N=1000, lda=2303) gets 4603.45 MFLOPS
   900000:zmvt_C.c (M=2300, N=1000, lda=2303) gets 2301.72 MFLOPS
   900000:zmvt_C.c (M=2300, N=996, lda=2303) gets 2292.53 MFLOPS
   900000:zmvt_C.c (M=2300, N=992, lda=2303) gets 2283.32 MFLOPS
   mu=4, nu=1, mflop[1]=4603.45
   mu=4, nu=2, mflop[1]=4603.45
   mu=4, nu=4, mflop[1]=4603.45
   mu=4, nu=8, mflop[1]=4603.45
   mu=4, nu=12, mflop[1]=2292.53
   mu=4, nu=16, mflop[1]=2283.32
   mu=28, nu=1, mflop[1]=2301.72
   mu=24, nu=2, mflop[1]=4603.45
   mu=20, nu=4, mflop[1]=4603.45
   mu=16, nu=8, mflop[1]=2301.72
   mu=12, nu=12, mflop[1]=2292.53
   mu=8, nu=16, mflop[1]=2283.32
BEST GENERATED NU-TUNED KERNEL FOR imf=1: MU=4, NU=1, MF=4603.45

BEGIN MU EXTRACT SEARCH, imf=1
   NU=1, MU=4, mflop[1]=4603.45
   900000:zmvt_C.c (M=2300, N=1000, lda=2303) gets 4603.45 MFLOPS
   NU=1, MU=8, mflop[1]=4603.45
   900000:zmvt_C.c (M=2300, N=1000, lda=2303) gets 4603.45 MFLOPS
   NU=1, MU=1, mflop[1]=4603.45
   900000:zmvt_C.c (M=2300, N=1000, lda=2303) gets 4603.45 MFLOPS
   NU=1, MU=2, mflop[1]=4603.45
BEST MU-TUNED GENERATED KERNEL FOR imf=1: NU=1, MU=4, MF=4603.45

BEGIN BASIC KERNEL TESTS:
   Kernel zmvt_C.c(900000) passes basic test
DONE BASIC KERNEL TESTS:

BEGIN NU/MU EXTRACT SEARCH, imf=1:

BEGIN BASIC KERNEL TESTS:
   Kernel zmvt_sse.c(900000) passes basic test
   Kernel zmvt_sse.c(900000) passes basic test
   Kernel zmvt_sse.c(900000) passes basic test
   Kernel zmvt_sse.c(900000) passes basic test
   Kernel zmvt_sse.c(900000) passes basic test
   Kernel zmvt_sse.c(900000) passes basic test
   Kernel zmvt_sse.c(900000) passes basic test
   Kernel zmvt_sse.c(900000) passes basic test
   Kernel zmvt_sse.c(900000) passes basic test
   Kernel zmvt_sse.c(900000) passes basic test
   Kernel zmvt_sse.c(900000) passes basic test
   Kernel zmvt_sse.c(900000) passes basic test
DONE BASIC KERNEL TESTS:

   900000:zmvt_sse.c (M=2300, N=1000, lda=2303) gets 4603.45 MFLOPS
   900000:zmvt_sse.c (M=2300, N=1000, lda=2303) gets 4603.45 MFLOPS
   900000:zmvt_sse.c (M=2300, N=999, lda=2303) gets 4598.85 MFLOPS
   900000:zmvt_sse.c (M=2300, N=1000, lda=2303) gets 4603.45 MFLOPS
   900000:zmvt_sse.c (M=2300, N=1000, lda=2303) gets 4603.45 MFLOPS
   900000:zmvt_sse.c (M=2300, N=996, lda=2303) gets 4585.05 MFLOPS
   900000:zmvt_sse.c (M=2300, N=1000, lda=2303) gets 4603.45 MFLOPS
   900000:zmvt_sse.c (M=2300, N=1000, lda=2303) gets 4603.45 MFLOPS
   900000:zmvt_sse.c (M=2300, N=999, lda=2303) gets 4598.85 MFLOPS
   900000:zmvt_sse.c (M=2300, N=1000, lda=2303) gets 4603.45 MFLOPS
   900000:zmvt_sse.c (M=2300, N=1000, lda=2303) gets 4603.45 MFLOPS
   900000:zmvt_sse.c (M=2300, N=996, lda=2303) gets 4585.05 MFLOPS
   mu=4, nu=1, mflop[1]=4603.45
   mu=4, nu=2, mflop[1]=4603.45
   mu=4, nu=3, mflop[1]=4598.85
   mu=4, nu=4, mflop[1]=4603.45
   mu=4, nu=5, mflop[1]=4603.45
   mu=4, nu=6, mflop[1]=4585.05
   mu=24, nu=1, mflop[1]=4603.45
   mu=20, nu=2, mflop[1]=4603.45
   mu=16, nu=3, mflop[1]=4598.85
   mu=12, nu=4, mflop[1]=4603.45
   mu=8, nu=5, mflop[1]=4603.45
   mu=8, nu=6, mflop[1]=4585.05
BEST GENERATED NU-TUNED KERNEL FOR imf=1: MU=4, NU=1, MF=4603.45

BEGIN MU EXTRACT SEARCH, imf=1
   NU=1, MU=4, mflop[1]=4603.45
   900000:zmvt_sse.c (M=2300, N=1000, lda=2303) gets 4603.45 MFLOPS
   NU=1, MU=8, mflop[1]=4603.45
BEST MU-TUNED GENERATED KERNEL FOR imf=1: NU=1, MU=4, MF=4603.45

BEGIN BASIC KERNEL TESTS:
   Kernel zmvt_sse.c(900000) passes basic test
DONE BASIC KERNEL TESTS:


BEGIN L1-BLOCKED TUNING
   900002:zmvt_sse.c (M=2300, N=1000, lda=2303) gets 4603.45 MFLOPS
   900001:zmvt_C.c (M=2300, N=1000, lda=2303) gets 4603.45 MFLOPS
   1:ATL_cgemvT_dot.c (M=2300, N=1000, lda=2303) gets 4603.45 MFLOPS

TUNING PREFETCH INST, imf=0, BASELINE MFLOP=4603.45

   OP  PREF    MU    NU         MFLOP
   ==  ====  ====  ====  ============
    A   DEF     4     1       4603.45
    A   nta     4     1       4603.45
    A    t0     4     1       4603.45
    A    t1     4     1       4603.45
    A    t2     4     1       4603.45

   OP  PREF    MU    NU         MFLOP
   ==  ====  ====  ====  ============
    X   DEF     4     1       4603.45
    X   nta     4     1       4603.45
    X    t0     4     1       4603.45
    X    t1     4     1       4603.45
    X    t2     4     1       4603.45

   OP  PREF    MU    NU         MFLOP
   ==  ====  ====  ====  ============
    Y   DEF     4     1       4603.45
    Y   nta     4     1       4603.45
    Y    t0     4     1       4603.45
    Y    t1     4     1       4603.45
    Y    t2     4     1       4603.45

BEST MFLOP[0]=4603.45 (0.00 percent improvement)
   cflags='-x assembler-with-cpp'

TUNING PREFETCH DISTANCE FOR OPERAND 'A', imf=0:
   OP  DIST    MU    NU         MFLOP
   ==  ====  ====  ====  ============
    A   DEF     4     1       4603.45
    A    64     4     1       4603.45
    A   256     4     1       4603.45
    A   192     4     1       4603.45
    A     0     4     1       4603.45
DEFAULT imf=0 ADISTANCE IS BEST (4603.45)

TUNING PREFETCH DISTANCE FOR OPERAND 'X', imf=0:
   OP  DIST    MU    NU         MFLOP
   ==  ====  ====  ====  ============
    X   DEF     4     1       4603.45
    X    64     4     1       4603.45
    X   256     4     1       4603.45
    X   192     4     1       4603.45
    X     0     4     1       4603.45
DEFAULT imf=0 XDISTANCE IS BEST (4603.45)

TUNING PREFETCH DISTANCE FOR OPERAND 'Y', imf=0:
   OP  DIST    MU    NU         MFLOP
   ==  ====  ====  ====  ============
    Y   DEF     4     1       4603.45
    Y    64     4     1       4603.45
    Y   256     4     1       4603.45
    Y   192     4     1       4603.45
    Y     0     4     1       4603.45
DEFAULT imf=0 YDISTANCE IS BEST (4603.45)

PREFETCH DISTANCE TUNING imf=0 improved from 4603.45 to 4603.45 (0.00 percent)
DONE L1-BLOCKED TUNING, CHOSE 'zmvt_sse.c' (4603.45)


CACHE TUNING FOR 900002:'zmvt_sse.c', MU=4 NU=1
------------------------------------------
     M       N     lda  percL1       mflop
======  ======  ======  ======  ==========
  2300    1000    2303      50    4603.45
  2300    1000    2303     100    4603.45
  2300    1000    2303      74    4603.45
  2300    1000    2303      62    4603.45
  2300    1000    2303      56    4603.45
  2300    1000    2303      52    4603.45
  2300    1000    2303      54    4603.45
  2300    1000    2303      58    4603.45
  2300    1000    2303      60    4603.45
  2300    1000    2303      68    4603.45
  2300    1000    2303      64    4603.45
  2300    1000    2303      66    4603.45
  2300    1000    2303      70    4603.45
  2300    1000    2303      72    4603.45
  2300    1000    2303      86    4603.45
  2300    1000    2303      80    4603.45
  2300    1000    2303      76    4603.45
  2300    1000    2303      78    4603.45
  2300    1000    2303      82    4603.45
  2300    1000    2303      84    4603.45
  2300    1000    2303      92    4603.45
  2300    1000    2303      88    4603.45
  2300    1000    2303      90    4603.45
  2300    1000    2303      96    4603.45
  2300    1000    2303      94    4603.45
  2300    1000    2303      98    4603.45

BEST CASE 50 percent of L1, MFLOP=4603.45


BEGIN L2-BLOCKED TUNING
   900002:zmvt_sse.c (M=2300, N=1000, lda=2303) gets 4603.45 MFLOPS
   900001:zmvt_C.c (M=2300, N=1000, lda=2303) gets 4603.45 MFLOPS
   1:ATL_cgemvT_dot.c (M=2300, N=1000, lda=2303) gets 4603.45 MFLOPS

TUNING PREFETCH INST, imf=1, BASELINE MFLOP=4603.45

   OP  PREF    MU    NU         MFLOP
   ==  ====  ====  ====  ============
    A   DEF     4     1       4603.45
    A   nta     4     1       4603.45
    A    t0     4     1       4603.45
    A    t1     4     1       4603.45
    A    t2     4     1       4603.45

   OP  PREF    MU    NU         MFLOP
   ==  ====  ====  ====  ============
    X   DEF     4     1       4603.45
    X   nta     4     1       4603.45
    X    t0     4     1       4603.45
    X    t1     4     1       4603.45
    X    t2     4     1       4603.45

   OP  PREF    MU    NU         MFLOP
   ==  ====  ====  ====  ============
    Y   DEF     4     1       4603.45
    Y   nta     4     1       4603.45
    Y    t0     4     1       4603.45
    Y    t1     4     1       4603.45
    Y    t2     4     1       4603.45

BEST MFLOP[1]=4603.45 (0.00 percent improvement)
   cflags='-x assembler-with-cpp'

TUNING PREFETCH DISTANCE FOR OPERAND 'A', imf=1:
   OP  DIST    MU    NU         MFLOP
   ==  ====  ====  ====  ============
    A   DEF     4     1       4603.45
    A    64     4     1       4603.45
    A   256     4     1       4603.45
    A   192     4     1       4603.45
    A     0     4     1       4603.45
DEFAULT imf=1 ADISTANCE IS BEST (4603.45)

TUNING PREFETCH DISTANCE FOR OPERAND 'X', imf=1:
   OP  DIST    MU    NU         MFLOP
   ==  ====  ====  ====  ============
    X   DEF     4     1       4603.45
    X    64     4     1       4603.45
    X   256     4     1       4603.45
    X   192     4     1       4603.45
    X     0     4     1       4603.45
DEFAULT imf=1 XDISTANCE IS BEST (4603.45)

TUNING PREFETCH DISTANCE FOR OPERAND 'Y', imf=1:
   OP  DIST    MU    NU         MFLOP
   ==  ====  ====  ====  ============
    Y   DEF     4     1       4603.45
    Y    64     4     1       4603.45
    Y   256     4     1       4603.45
    Y   192     4     1       4603.45
    Y     0     4     1       4603.45
DEFAULT imf=1 YDISTANCE IS BEST (4603.45)

PREFETCH DISTANCE TUNING imf=1 improved from 4603.45 to 4603.45 (0.00 percent)
DONE L2-BLOCKED TUNING, CHOSE 'zmvt_sse.c' (4603.45)


CACHE TUNING FOR 900002:'zmvt_sse.c', MU=4 NU=1
------------------------------------------
     M       N     lda  percL1       mflop
======  ======  ======  ======  ==========
  2300    1000    2303     150    4603.45
  2300    1000    2303     800    4603.45
  2300    1000    2303     450    4603.45
  2300    1000    2303     300    4603.45
  2300    1000    2303     200    4603.45
  2300    1000    2303     250    4603.45
  2300    1000    2303     350    4603.45
  2300    1000    2303     400    4603.45
  2300    1000    2303     600    4603.45
  2300    1000    2303     500    4603.45
  2300    1000    2303     550    4603.45
  2300    1000    2303     700    4603.45
  2300    1000    2303     650    4603.45
  2300    1000    2303     750    4603.45

BEST CASE 150 percent of L1, MFLOP=4603.45

BEST L1-blocked kernel:
ID=900002 ROUT='zmvt_sse.c' AUTH='R. Clint Whaley' TA='T' \
   rankR=0 CacheElts=1024 SSE=3 alignA=0 alignY=16 alignX=16 minM=4 minN=1  \
   NU=1 MU=4 LDAMUL=0 PFTUNABLE=1 ALIGNX2A=0 ADDCFLAGS=0 GEMMBASED=0 AXPYBASED=0  \
   ALLALIGNXY=0 LDYTOP=0 FNU=1 X87=0  \
   MFLOP=4.603450e+03,4.603450e+03  ASM=GAS_x8664  CFLAGS='-x assembler-with-cpp' \
     COMP='/usr/bin/x86_64-redhat-linux-gcc -O -fomit-frame-pointer -mavx -m64 -fPIC -m64 -fPIC'
BEST L2-blocked kernel:
ID=900002 ROUT='zmvt_sse.c' AUTH='R. Clint Whaley' TA='T' \
   rankR=0 CacheElts=3072 SSE=3 alignA=0 alignY=16 alignX=16 minM=4 minN=1  \
   NU=1 MU=4 LDAMUL=0 PFTUNABLE=1 ALIGNX2A=0 ADDCFLAGS=0 GEMMBASED=0 AXPYBASED=0  \
   ALLALIGNXY=0 LDYTOP=0 FNU=1 X87=0  \
   MFLOP=4.603450e+03,4.603450e+03  ASM=GAS_x8664  CFLAGS='-x assembler-with-cpp' \
     COMP='/usr/bin/x86_64-redhat-linux-gcc -O -fomit-frame-pointer -mavx -m64 -fPIC -m64 -fPIC'
BEGIN NU/MU EXTRACT SEARCH, imf=4:

BEGIN BASIC KERNEL TESTS:
   Kernel zmvt_C.c(900000) passes basic test
   Kernel zmvt_C.c(900000) passes basic test
   Kernel zmvt_C.c(900000) passes basic test
   Kernel zmvt_C.c(900000) passes basic test
   Kernel zmvt_C.c(900000) passes basic test
   Kernel zmvt_C.c(900000) passes basic test
   Kernel zmvt_C.c(900000) passes basic test
   Kernel zmvt_C.c(900000) passes basic test
   Kernel zmvt_C.c(900000) passes basic test
   Kernel zmvt_C.c(900000) passes basic test
   Kernel zmvt_C.c(900000) passes basic test
   Kernel zmvt_C.c(900000) passes basic test
DONE BASIC KERNEL TESTS:

   900000:zmvt_C.c (M=217, N=8, lda=224) gets 3250.66 MFLOPS
   900000:zmvt_C.c (M=217, N=8, lda=224) gets 3250.66 MFLOPS
   900000:zmvt_C.c (M=217, N=8, lda=224) gets 3250.66 MFLOPS
   900000:zmvt_C.c (M=217, N=8, lda=224) gets 3250.66 MFLOPS
   900000:zmvt_C.c (M=145, N=12, lda=154) gets 2169.20 MFLOPS
   900000:zmvt_C.c (M=108, N=16, lda=112) gets 1628.10 MFLOPS
   900000:zmvt_C.c (M=217, N=8, lda=224) gets 1625.33 MFLOPS
   900000:zmvt_C.c (M=217, N=8, lda=224) gets 1625.33 MFLOPS
   900000:zmvt_C.c (M=217, N=8, lda=224) gets 3250.66 MFLOPS
   900000:zmvt_C.c (M=217, N=8, lda=224) gets 3250.66 MFLOPS
   900000:zmvt_C.c (M=145, N=12, lda=154) gets 1626.90 MFLOPS
   900000:zmvt_C.c (M=108, N=16, lda=112) gets 1628.10 MFLOPS
   mu=4, nu=1, mflop[4]=3250.66
   mu=4, nu=2, mflop[4]=3250.66
   mu=4, nu=4, mflop[4]=3250.66
   mu=4, nu=8, mflop[4]=3250.66
   mu=4, nu=12, mflop[4]=2169.20
   mu=4, nu=16, mflop[4]=1628.10
   mu=28, nu=1, mflop[4]=1625.33
   mu=24, nu=2, mflop[4]=1625.33
   mu=20, nu=4, mflop[4]=3250.66
   mu=16, nu=8, mflop[4]=3250.66
   mu=12, nu=12, mflop[4]=1626.90
   mu=8, nu=16, mflop[4]=1628.10
BEST GENERATED NU-TUNED KERNEL FOR imf=4: MU=4, NU=1, MF=3250.66

BEGIN MU EXTRACT SEARCH, imf=4
   NU=1, MU=4, mflop[4]=3250.66
   900000:zmvt_C.c (M=217, N=8, lda=224) gets 3250.66 MFLOPS
   NU=1, MU=8, mflop[4]=3250.66
   900000:zmvt_C.c (M=217, N=8, lda=224) gets 3250.66 MFLOPS
   NU=1, MU=1, mflop[4]=3250.66
   900000:zmvt_C.c (M=217, N=8, lda=224) gets 3250.66 MFLOPS
   NU=1, MU=2, mflop[4]=3250.66
BEST MU-TUNED GENERATED KERNEL FOR imf=4: NU=1, MU=4, MF=3250.66

BEGIN BASIC KERNEL TESTS:
   Kernel zmvt_C.c(900000) passes basic test
DONE BASIC KERNEL TESTS:

BEGIN NU/MU EXTRACT SEARCH, imf=4:

BEGIN BASIC KERNEL TESTS:
   Kernel zmvt_sse.c(900000) passes basic test
   Kernel zmvt_sse.c(900000) passes basic test
   Kernel zmvt_sse.c(900000) passes basic test
   Kernel zmvt_sse.c(900000) passes basic test
   Kernel zmvt_sse.c(900000) passes basic test
   Kernel zmvt_sse.c(900000) passes basic test
   Kernel zmvt_sse.c(900000) passes basic test
   Kernel zmvt_sse.c(900000) passes basic test
   Kernel zmvt_sse.c(900000) passes basic test
   Kernel zmvt_sse.c(900000) passes basic test
   Kernel zmvt_sse.c(900000) passes basic test
   Kernel zmvt_sse.c(900000) passes basic test
DONE BASIC KERNEL TESTS:

   900000:zmvt_sse.c (M=217, N=8, lda=224) gets 3250.66 MFLOPS
   900000:zmvt_sse.c (M=217, N=8, lda=224) gets 6501.32 MFLOPS
   900000:zmvt_sse.c (M=193, N=9, lda=196) gets 6503.33 MFLOPS
   900000:zmvt_sse.c (M=217, N=8, lda=224) gets 6501.32 MFLOPS
   900000:zmvt_sse.c (M=174, N=10, lda=182) gets 6494.38 MFLOPS
   900000:zmvt_sse.c (M=145, N=12, lda=154) gets 6507.60 MFLOPS
   900000:zmvt_sse.c (M=217, N=8, lda=224) gets 6501.32 MFLOPS
   900000:zmvt_sse.c (M=217, N=8, lda=224) gets 6501.32 MFLOPS
   900000:zmvt_sse.c (M=193, N=9, lda=196) gets 6503.33 MFLOPS
   900000:zmvt_sse.c (M=217, N=8, lda=224) gets 6501.32 MFLOPS
   900000:zmvt_sse.c (M=174, N=10, lda=182) gets 6494.38 MFLOPS
   900000:zmvt_sse.c (M=145, N=12, lda=154) gets 6507.60 MFLOPS
   mu=4, nu=1, mflop[4]=3250.66
   mu=4, nu=2, mflop[4]=6501.32
   mu=4, nu=3, mflop[4]=6503.33
   mu=4, nu=4, mflop[4]=6501.32
   mu=4, nu=5, mflop[4]=6494.38
   mu=4, nu=6, mflop[4]=6507.60
   mu=24, nu=1, mflop[4]=6501.32
   mu=20, nu=2, mflop[4]=6501.32
   mu=16, nu=3, mflop[4]=6503.33
   mu=12, nu=4, mflop[4]=6501.32
   mu=8, nu=5, mflop[4]=6494.38
   mu=8, nu=6, mflop[4]=6507.60
BEST GENERATED NU-TUNED KERNEL FOR imf=4: MU=4, NU=6, MF=6507.60

BEGIN MU EXTRACT SEARCH, imf=4
   NU=6, MU=4, mflop[4]=6507.60
   900000:zmvt_sse.c (M=145, N=12, lda=154) gets 6507.60 MFLOPS
   NU=6, MU=8, mflop[4]=6507.60
BEST MU-TUNED GENERATED KERNEL FOR imf=4: NU=6, MU=4, MF=6507.60

BEGIN BASIC KERNEL TESTS:
   Kernel zmvt_sse.c(900000) passes basic test
DONE BASIC KERNEL TESTS:

BEGIN NU/MU EXTRACT SEARCH, imf=3:

BEGIN BASIC KERNEL TESTS:
   Kernel zmvt_C.c(900000) passes basic test
   Kernel zmvt_C.c(900000) passes basic test
   Kernel zmvt_C.c(900000) passes basic test
   Kernel zmvt_C.c(900000) passes basic test
   Kernel zmvt_C.c(900000) passes basic test
   Kernel zmvt_C.c(900000) passes basic test
   Kernel zmvt_C.c(900000) passes basic test
   Kernel zmvt_C.c(900000) passes basic test
   Kernel zmvt_C.c(900000) passes basic test
   Kernel zmvt_C.c(900000) passes basic test
   Kernel zmvt_C.c(900000) passes basic test
   Kernel zmvt_C.c(900000) passes basic test
DONE BASIC KERNEL TESTS:

   900000:zmvt_C.c (M=512, N=16, lda=518) gets 2195.46 MFLOPS
   900000:zmvt_C.c (M=512, N=16, lda=518) gets 3293.18 MFLOPS
   900000:zmvt_C.c (M=512, N=16, lda=518) gets 3293.18 MFLOPS
   900000:zmvt_C.c (M=512, N=16, lda=518) gets 3293.18 MFLOPS
   900000:zmvt_C.c (M=341, N=24, lda=350) gets 2205.59 MFLOPS
   900000:zmvt_C.c (M=512, N=16, lda=518) gets 1646.59 MFLOPS
   900000:zmvt_C.c (M=512, N=16, lda=518) gets 1646.59 MFLOPS
   900000:zmvt_C.c (M=512, N=16, lda=518) gets 1646.59 MFLOPS
   900000:zmvt_C.c (M=512, N=16, lda=518) gets 1646.59 MFLOPS
   900000:zmvt_C.c (M=512, N=16, lda=518) gets 1646.59 MFLOPS
   900000:zmvt_C.c (M=341, N=24, lda=350) gets 1654.19 MFLOPS
   900000:zmvt_C.c (M=512, N=16, lda=518) gets 1646.59 MFLOPS
   mu=4, nu=1, mflop[3]=2195.46
   mu=4, nu=2, mflop[3]=3293.18
   mu=4, nu=4, mflop[3]=3293.18
   mu=4, nu=8, mflop[3]=3293.18
   mu=4, nu=12, mflop[3]=2205.59
   mu=4, nu=16, mflop[3]=1646.59
   mu=28, nu=1, mflop[3]=1646.59
   mu=24, nu=2, mflop[3]=1646.59
   mu=20, nu=4, mflop[3]=1646.59
   mu=16, nu=8, mflop[3]=1646.59
   mu=12, nu=12, mflop[3]=1654.19
   mu=8, nu=16, mflop[3]=1646.59
BEST GENERATED NU-TUNED KERNEL FOR imf=3: MU=4, NU=2, MF=3293.18

BEGIN MU EXTRACT SEARCH, imf=3
   NU=2, MU=4, mflop[3]=3293.18
   900000:zmvt_C.c (M=512, N=16, lda=518) gets 3293.18 MFLOPS
   NU=2, MU=8, mflop[3]=3293.18
   900000:zmvt_C.c (M=512, N=16, lda=518) gets 3293.18 MFLOPS
   NU=2, MU=1, mflop[3]=3293.18
   900000:zmvt_C.c (M=512, N=16, lda=518) gets 3293.18 MFLOPS
   NU=2, MU=2, mflop[3]=3293.18
BEST MU-TUNED GENERATED KERNEL FOR imf=3: NU=2, MU=4, MF=3293.18

BEGIN BASIC KERNEL TESTS:
   Kernel zmvt_C.c(900000) passes basic test
DONE BASIC KERNEL TESTS:

BEGIN NU/MU EXTRACT SEARCH, imf=3:

BEGIN BASIC KERNEL TESTS:
   Kernel zmvt_sse.c(900000) passes basic test
   Kernel zmvt_sse.c(900000) passes basic test
   Kernel zmvt_sse.c(900000) passes basic test
   Kernel zmvt_sse.c(900000) passes basic test
   Kernel zmvt_sse.c(900000) passes basic test
   Kernel zmvt_sse.c(900000) passes basic test
   Kernel zmvt_sse.c(900000) passes basic test
   Kernel zmvt_sse.c(900000) passes basic test
   Kernel zmvt_sse.c(900000) passes basic test
   Kernel zmvt_sse.c(900000) passes basic test
   Kernel zmvt_sse.c(900000) passes basic test
   Kernel zmvt_sse.c(900000) passes basic test
DONE BASIC KERNEL TESTS:

   900000:zmvt_sse.c (M=512, N=16, lda=518) gets 3293.18 MFLOPS
   900000:zmvt_sse.c (M=512, N=16, lda=518) gets 6586.37 MFLOPS
   900000:zmvt_sse.c (M=455, N=18, lda=462) gets 6552.00 MFLOPS
   900000:zmvt_sse.c (M=512, N=16, lda=518) gets 6586.37 MFLOPS
   900000:zmvt_sse.c (M=409, N=20, lda=413) gets 6517.82 MFLOPS
   900000:zmvt_sse.c (M=455, N=18, lda=462) gets 6552.00 MFLOPS
   900000:zmvt_sse.c (M=512, N=16, lda=518) gets 6586.37 MFLOPS
   900000:zmvt_sse.c (M=512, N=16, lda=518) gets 6586.37 MFLOPS
   900000:zmvt_sse.c (M=455, N=18, lda=462) gets 6552.00 MFLOPS
   900000:zmvt_sse.c (M=512, N=16, lda=518) gets 6586.37 MFLOPS
   900000:zmvt_sse.c (M=409, N=20, lda=413) gets 6517.82 MFLOPS
   900000:zmvt_sse.c (M=455, N=18, lda=462) gets 6552.00 MFLOPS
   mu=4, nu=1, mflop[3]=3293.18
   mu=4, nu=2, mflop[3]=6586.37
   mu=4, nu=3, mflop[3]=6552.00
   mu=4, nu=4, mflop[3]=6586.37
   mu=4, nu=5, mflop[3]=6517.82
   mu=4, nu=6, mflop[3]=6552.00
   mu=24, nu=1, mflop[3]=6586.37
   mu=20, nu=2, mflop[3]=6586.37
   mu=16, nu=3, mflop[3]=6552.00
   mu=12, nu=4, mflop[3]=6586.37
   mu=8, nu=5, mflop[3]=6517.82
   mu=8, nu=6, mflop[3]=6552.00
BEST GENERATED NU-TUNED KERNEL FOR imf=3: MU=4, NU=2, MF=6586.37

BEGIN MU EXTRACT SEARCH, imf=3
   NU=2, MU=4, mflop[3]=6586.37
   900000:zmvt_sse.c (M=512, N=16, lda=518) gets 6586.37 MFLOPS
   NU=2, MU=8, mflop[3]=6586.37
BEST MU-TUNED GENERATED KERNEL FOR imf=3: NU=2, MU=4, MF=6586.37

BEGIN BASIC KERNEL TESTS:
   Kernel zmvt_sse.c(900000) passes basic test
DONE BASIC KERNEL TESTS:

   900007:zmvt_sse.c (M=217, N=8, lda=224) gets 6501.32 MFLOPS
   900006:zmvt_C.c (M=217, N=8, lda=224) gets 3250.66 MFLOPS
   900004:zmvt_sse.c (M=145, N=12, lda=154) gets 6507.60 MFLOPS
   900002:zmvt_sse.c (M=217, N=8, lda=224) gets 3250.66 MFLOPS
   900001:zmvt_C.c (M=217, N=8, lda=224) gets 3250.66 MFLOPS
   1:ATL_cgemvT_dot.c (M=217, N=8, lda=224) gets 3250.66 MFLOPS

TUNING PREFETCH INST, imf=4, BASELINE MFLOP=6507.60

   OP  PREF    MU    NU         MFLOP
   ==  ====  ====  ====  ============
    A   DEF     4     6       6507.60
    A   nta     4     6      11115.70
    A    t0     4     6      11115.70
    A    t1     4     6      11270.08
    A    t2     4     6      11270.08

   OP  PREF    MU    NU         MFLOP
   ==  ====  ====  ====  ============
    X   DEF     4     6      11270.08
    X   nta     4     6      11270.08
    X    t0     4     6      11270.08
    X    t1     4     6      11270.08
    X    t2     4     6      11270.08

   OP  PREF    MU    NU         MFLOP
   ==  ====  ====  ====  ============
    Y   DEF     4     6      11270.08
    Y   nta     4     6      11270.08
    Y    t0     4     6      11270.08
    Y    t1     4     6      11270.08
    Y    t2     4     6      11115.70

BEST MFLOP[4]=11270.08 (73.18 percent improvement)
   cflags='-x assembler-with-cpp -DPFIX=prefetchnta -DPFIY=prefetchnta'

TUNING PREFETCH DISTANCE FOR OPERAND 'A', imf=4:
   OP  DIST    MU    NU         MFLOP
   ==  ====  ====  ====  ============
    A   DEF     4     6      11270.08
    A    64     4     6      11270.08
    A   256     4     6      11270.08
    A   192     4     6      11270.08
    A     0     4     6      11270.08
DEFAULT imf=4 ADISTANCE IS BEST (11270.08)

TUNING PREFETCH DISTANCE FOR OPERAND 'X', imf=4:
   OP  DIST    MU    NU         MFLOP
   ==  ====  ====  ====  ============
    X   DEF     4     6      11270.08
    X    64     4     6      11115.70
    X   256     4     6      11115.70
    X   192     4     6      11270.08
    X     0     4     6      11270.08
DEFAULT imf=4 XDISTANCE IS BEST (11270.08)

TUNING PREFETCH DISTANCE FOR OPERAND 'Y', imf=4:
   OP  DIST    MU    NU         MFLOP
   ==  ====  ====  ====  ============
    Y   DEF     4     6      11270.08
    Y    64     4     6      11270.08
    Y   256     4     6      11270.08
    Y   192     4     6      11270.08
    Y     0     4     6      11270.08
DEFAULT imf=4 YDISTANCE IS BEST (11270.08)

PREFETCH DISTANCE TUNING imf=4 improved from 11270.08 to 11270.08 (0.00 percent)
   900007:zmvt_sse.c (M=512, N=16, lda=518) gets 6586.37 MFLOPS
   900006:zmvt_C.c (M=512, N=16, lda=518) gets 3293.18 MFLOPS
   900004:zmvt_sse.c (M=455, N=18, lda=462) gets 6552.00 MFLOPS
   900002:zmvt_sse.c (M=512, N=16, lda=518) gets 3293.18 MFLOPS
   900001:zmvt_C.c (M=512, N=16, lda=518) gets 3293.18 MFLOPS
   1:ATL_cgemvT_dot.c (M=512, N=16, lda=518) gets 3293.18 MFLOPS

TUNING PREFETCH INST, imf=3, BASELINE MFLOP=6586.37

   OP  PREF    MU    NU         MFLOP
   ==  ====  ====  ====  ============
    A   DEF     4     2       6586.37
    A   nta     4     2      10143.26
    A    t0     4     2      10143.26
    A    t1     4     2      10143.26
    A    t2     4     2      10143.26

   OP  PREF    MU    NU         MFLOP
   ==  ====  ====  ====  ============
    X   DEF     4     2      10143.26
    X   nta     4     2      10143.26
    X    t0     4     2      10143.26
    X    t1     4     2      10143.26
    X    t2     4     2      10143.26

   OP  PREF    MU    NU         MFLOP
   ==  ====  ====  ====  ============
    Y   DEF     4     2      10143.26
    Y   nta     4     2      10143.26
    Y    t0     4     2      11592.30
    Y    t1     4     2      10143.26
    Y    t2     4     2      10143.26

BEST MFLOP[3]=11592.30 (76.00 percent improvement)
   cflags='-x assembler-with-cpp -DPFIY=prefetcht0'

TUNING PREFETCH DISTANCE FOR OPERAND 'A', imf=3:
   OP  DIST    MU    NU         MFLOP
   ==  ====  ====  ====  ============
    A   DEF     4     2      10143.26
    A    64     4     2      10143.26
    A   256     4     2      10143.26
    A   192     4     2      10143.26
    A     0     4     2      10143.26
DEFAULT imf=3 ADISTANCE IS BEST (10143.26)

TUNING PREFETCH DISTANCE FOR OPERAND 'X', imf=3:
   OP  DIST    MU    NU         MFLOP
   ==  ====  ====  ====  ============
    X   DEF     4     2      10143.26
    X    64     4     2      10143.26
    X   256     4     2      10143.26
    X   192     4     2      10143.26
    X     0     4     2      10143.26
DEFAULT imf=3 XDISTANCE IS BEST (10143.26)

TUNING PREFETCH DISTANCE FOR OPERAND 'Y', imf=3:
   OP  DIST    MU    NU         MFLOP
   ==  ====  ====  ====  ============
    Y   DEF     4     2      10143.26
    Y    64     4     2      10143.26
    Y   256     4     2      10143.26
    Y   192     4     2      10143.26
    Y     0     4     2      10143.26
DEFAULT imf=3 YDISTANCE IS BEST (10143.26)

PREFETCH DISTANCE TUNING imf=3 improved from 11592.30 to 10143.26 (-12.50 percent)
   900007:zmvt_sse.c (M=2300, N=1000, lda=2303) gets 4603.45 MFLOPS
   900006:zmvt_C.c (M=2300, N=1000, lda=2303) gets 4603.45 MFLOPS
   900004:zmvt_sse.c (M=2300, N=996, lda=2303) gets 4585.05 MFLOPS
   900002:zmvt_sse.c (M=2300, N=1000, lda=2303) gets 4603.45 MFLOPS
   900001:zmvt_C.c (M=2300, N=1000, lda=2303) gets 2301.72 MFLOPS
   1:ATL_cgemvT_dot.c (M=2300, N=1000, lda=2303) gets 4603.45 MFLOPS

TUNING PREFETCH INST, imf=2, BASELINE MFLOP=4603.45

   OP  PREF    MU    NU         MFLOP
   ==  ====  ====  ====  ============
    A   DEF     4     2       4603.45
    A   nta     4     2       4603.45
    A    t0     4     2       4603.45
    A    t1     4     2       4603.45
    A    t2     4     2       4603.45

   OP  PREF    MU    NU         MFLOP
   ==  ====  ====  ====  ============
    X   DEF     4     2       4603.45
    X   nta     4     2       4603.45
    X    t0     4     2       4603.45
    X    t1     4     2       4603.45
    X    t2     4     2       4603.45

   OP  PREF    MU    NU         MFLOP
   ==  ====  ====  ====  ============
    Y   DEF     4     2       4603.45
    Y   nta     4     2       4603.45
    Y    t0     4     2       4603.45
    Y    t1     4     2       4603.45
    Y    t2     4     2       4603.45

BEST MFLOP[2]=4603.45 (0.00 percent improvement)
   cflags='-x assembler-with-cpp'

TUNING PREFETCH DISTANCE FOR OPERAND 'A', imf=2:
   OP  DIST    MU    NU         MFLOP
   ==  ====  ====  ====  ============
    A   DEF     4     2       4603.45
    A    64     4     2       4603.45
    A   256     4     2       4603.45
    A   192     4     2       4603.45
    A     0     4     2       4603.45
DEFAULT imf=2 ADISTANCE IS BEST (4603.45)

TUNING PREFETCH DISTANCE FOR OPERAND 'X', imf=2:
   OP  DIST    MU    NU         MFLOP
   ==  ====  ====  ====  ============
    X   DEF     4     2       4603.45
    X    64     4     2       4603.45
    X   256     4     2       4603.45
    X   192     4     2       4603.45
    X     0     4     2       4603.45
DEFAULT imf=2 XDISTANCE IS BEST (4603.45)

TUNING PREFETCH DISTANCE FOR OPERAND 'Y', imf=2:
   OP  DIST    MU    NU         MFLOP
   ==  ====  ====  ====  ============
    Y   DEF     4     2       4603.45
    Y    64     4     2       4603.45
    Y   256     4     2       4603.45
    Y   192     4     2       4603.45
    Y     0     4     2       4603.45
DEFAULT imf=2 YDISTANCE IS BEST (4603.45)

PREFETCH DISTANCE TUNING imf=2 improved from 4603.45 to 4603.45 (0.00 percent)

Best out-of-cache kernel:
ID=900002 ROUT='zmvt_sse.c' AUTH='R. Clint Whaley' TA='T' \
   rankR=0 CacheElts=1024 SSE=3 alignA=0 alignY=16 alignX=16 minM=4 minN=1  \
   NU=1 MU=4 LDAMUL=0 PFTUNABLE=1 ALIGNX2A=0 ADDCFLAGS=0 GEMMBASED=0 AXPYBASED=0  \
   ALLALIGNXY=0 LDYTOP=0 FNU=1 X87=0  \
   MFLOP=4.603450e+03,4.603450e+03  ASM=GAS_x8664  CFLAGS='-x assembler-with-cpp' \
     COMP='/usr/bin/x86_64-redhat-linux-gcc -O -fomit-frame-pointer -mavx -m64 -fPIC -m64 -fPIC'

BEGIN RESTRICTED OUT-OF-CACHE TUNING
   900008:zmvt_sse.c (M=2300, N=1000, lda=2308) gets 4603.45 MFLOPS
   900005:zmvt_sse.c (M=2300, N=996, lda=2308) gets 4585.05 MFLOPS
   900003:zmvt_sse.c (M=2300, N=1000, lda=2308) gets 4603.45 MFLOPS

TUNING PREFETCH INST, imf=0, BASELINE MFLOP=4603.45

   OP  PREF    MU    NU         MFLOP
   ==  ====  ====  ====  ============
    A   DEF     4     2       4603.45
    A   nta     4     2       4603.45
    A    t0     4     2       4603.45
    A    t1     4     2       4603.45
    A    t2     4     2       4603.45

   OP  PREF    MU    NU         MFLOP
   ==  ====  ====  ====  ============
    X   DEF     4     2       4603.45
    X   nta     4     2       4603.45
    X    t0     4     2       4603.45
    X    t1     4     2       4603.45
    X    t2     4     2       4603.45

   OP  PREF    MU    NU         MFLOP
   ==  ====  ====  ====  ============
    Y   DEF     4     2       4603.45
    Y   nta     4     2       4603.45
    Y    t0     4     2       4603.45
    Y    t1     4     2       4603.45
    Y    t2     4     2       4603.45

BEST MFLOP[0]=4603.45 (0.00 percent improvement)
   cflags='-x assembler-with-cpp'

TUNING PREFETCH DISTANCE FOR OPERAND 'A', imf=0:
   OP  DIST    MU    NU         MFLOP
   ==  ====  ====  ====  ============
    A   DEF     4     2       4603.45
    A    64     4     2       4603.45
    A   256     4     2       4603.45
    A   192     4     2       4603.45
    A     0     4     2       4603.45
DEFAULT imf=0 ADISTANCE IS BEST (4603.45)

TUNING PREFETCH DISTANCE FOR OPERAND 'X', imf=0:
   OP  DIST    MU    NU         MFLOP
   ==  ====  ====  ====  ============
    X   DEF     4     2       4603.45
    X    64     4     2       4603.45
    X   256     4     2       4603.45
    X   192     4     2       4603.45
    X     0     4     2       4603.45
DEFAULT imf=0 XDISTANCE IS BEST (4603.45)

TUNING PREFETCH DISTANCE FOR OPERAND 'Y', imf=0:
   OP  DIST    MU    NU         MFLOP
   ==  ====  ====  ====  ============
    Y   DEF     4     2       4603.45
    Y    64     4     2       4603.45
    Y   256     4     2       4603.45
    Y   192     4     2       4603.45
    Y     0     4     2       4603.45
DEFAULT imf=0 YDISTANCE IS BEST (4603.45)

PREFETCH DISTANCE TUNING imf=0 improved from 4603.45 to 4603.45 (0.00 percent)
NO RESTRICTED OUT-OF-CACHE KERNEL USED.

BEGIN RESTRICTED L1-BLOCKED TUNING
   900008:zmvt_sse.c (M=2300, N=1000, lda=2308) gets 4603.45 MFLOPS
   900005:zmvt_sse.c (M=2300, N=996, lda=2308) gets 4585.05 MFLOPS
   900003:zmvt_sse.c (M=2300, N=1000, lda=2308) gets 4603.45 MFLOPS

TUNING PREFETCH INST, imf=0, BASELINE MFLOP=4603.45

   OP  PREF    MU    NU         MFLOP
   ==  ====  ====  ====  ============
    A   DEF     4     2       4603.45
    A   nta     4     2       4603.45
    A    t0     4     2       4603.45
    A    t1     4     2       4603.45
    A    t2     4     2       4603.45

   OP  PREF    MU    NU         MFLOP
   ==  ====  ====  ====  ============
    X   DEF     4     2       4603.45
    X   nta     4     2       4603.45
    X    t0     4     2       4603.45
    X    t1     4     2       4603.45
    X    t2     4     2       4603.45

   OP  PREF    MU    NU         MFLOP
   ==  ====  ====  ====  ============
    Y   DEF     4     2       4603.45
    Y   nta     4     2       4603.45
    Y    t0     4     2       4603.45
    Y    t1     4     2       4603.45
    Y    t2     4     2       4603.45

BEST MFLOP[0]=4603.45 (0.00 percent improvement)
   cflags='-x assembler-with-cpp'

TUNING PREFETCH DISTANCE FOR OPERAND 'A', imf=0:
   OP  DIST    MU    NU         MFLOP
   ==  ====  ====  ====  ============
    A   DEF     4     2       4603.45
    A    64     4     2       4603.45
    A   256     4     2       4603.45
    A   192     4     2       4603.45
    A     0     4     2       4603.45
DEFAULT imf=0 ADISTANCE IS BEST (4603.45)

TUNING PREFETCH DISTANCE FOR OPERAND 'X', imf=0:
   OP  DIST    MU    NU         MFLOP
   ==  ====  ====  ====  ============
    X   DEF     4     2       4603.45
    X    64     4     2       4603.45
    X   256     4     2       4603.45
    X   192     4     2       4603.45
    X     0     4     2       4603.45
DEFAULT imf=0 XDISTANCE IS BEST (4603.45)

TUNING PREFETCH DISTANCE FOR OPERAND 'Y', imf=0:
   OP  DIST    MU    NU         MFLOP
   ==  ====  ====  ====  ============
    Y   DEF     4     2       4603.45
    Y    64     4     2       4603.45
    Y   256     4     2       4603.45
    Y   192     4     2       4603.45
    Y     0     4     2       4603.45
DEFAULT imf=0 YDISTANCE IS BEST (4603.45)

PREFETCH DISTANCE TUNING imf=0 improved from 4603.45 to 4603.45 (0.00 percent)
NO RESTRICTED L1-BLOCKED KERNEL USED.

BEGIN RESTRICTED in-L1 TUNING
   900008:zmvt_sse.c (M=217, N=8, lda=225) gets 6501.32 MFLOPS
   900005:zmvt_sse.c (M=145, N=12, lda=153) gets 6507.60 MFLOPS
   900003:zmvt_sse.c (M=217, N=8, lda=225) gets 6501.32 MFLOPS

TUNING PREFETCH INST, imf=4, BASELINE MFLOP=6507.60

   OP  PREF    MU    NU         MFLOP
   ==  ====  ====  ====  ============
    A   DEF     4     6       6507.60
    A   nta     4     6      10143.07
    A    t0     4     6      10271.47
    A    t1     4     6      10143.07
    A    t2     4     6      10143.07

   OP  PREF    MU    NU         MFLOP
   ==  ====  ====  ====  ============
    X   DEF     4     6      10271.47
    X   nta     4     6      10271.47
    X    t0     4     6      10271.47
    X    t1     4     6      10143.07
    X    t2     4     6      10271.47

   OP  PREF    MU    NU         MFLOP
   ==  ====  ====  ====  ============
    Y   DEF     4     6      10271.47
    Y   nta     4     6      10271.47
    Y    t0     4     6      10271.47
    Y    t1     4     6      10143.07
    Y    t2     4     6      10271.47

BEST MFLOP[4]=10271.47 (57.84 percent improvement)
   cflags='-x assembler-with-cpp -DPFIY=prefetchnta'

TUNING PREFETCH DISTANCE FOR OPERAND 'A', imf=4:
   OP  DIST    MU    NU         MFLOP
   ==  ====  ====  ====  ============
    A   DEF     4     6      10143.07
    A    64     4     6      10271.47
    A   256     4     6      10271.47
    A   192     4     6      10143.07
    A     0     4     6      10271.47
BEST imf=4 PFADIST=128 (10271.47)

TUNING PREFETCH DISTANCE FOR OPERAND 'X', imf=4:
   OP  DIST    MU    NU         MFLOP
   ==  ====  ====  ====  ============
    X   DEF     4     6      10271.47
    X    64     4     6      10271.47
    X   256     4     6      10271.47
    X   192     4     6      10271.47
    X     0     4     6      10271.47
DEFAULT imf=4 XDISTANCE IS BEST (10271.47)

TUNING PREFETCH DISTANCE FOR OPERAND 'Y', imf=4:
   OP  DIST    MU    NU         MFLOP
   ==  ====  ====  ====  ============
    Y   DEF     4     6      10271.47
    Y    64     4     6      10271.47
    Y   256     4     6      10143.07
    Y   192     4     6      10271.47
    Y     0     4     6      10271.47
DEFAULT imf=4 YDISTANCE IS BEST (10271.47)

PREFETCH DISTANCE TUNING imf=4 improved from 10271.47 to 10271.47 (0.00 percent)
NO RESTRICTED L1-BLOCKED KERNEL USED.

BEGIN RESTRICTED in-L2 TUNING
   900008:zmvt_sse.c (M=512, N=16, lda=520) gets 6586.37 MFLOPS
   900005:zmvt_sse.c (M=455, N=18, lda=463) gets 6552.00 MFLOPS
   900003:zmvt_sse.c (M=512, N=16, lda=520) gets 3293.18 MFLOPS

TUNING PREFETCH INST, imf=3, BASELINE MFLOP=6586.37

   OP  PREF    MU    NU         MFLOP
   ==  ====  ====  ====  ============
    A   DEF     4     2       6586.37
    A   nta     4     2      11592.30
    A    t0     4     2      11592.30
    A    t1     4     2      11592.30
    A    t2     4     2      11592.30

   OP  PREF    MU    NU         MFLOP
   ==  ====  ====  ====  ============
    X   DEF     4     2      11592.30
    X   nta     4     2      11592.30
    X    t0     4     2      11592.30
    X    t1     4     2      11592.30
    X    t2     4     2      11592.30

   OP  PREF    MU    NU         MFLOP
   ==  ====  ====  ====  ============
    Y   DEF     4     2      11592.30
    Y   nta     4     2      11592.30
    Y    t0     4     2      11592.30
    Y    t1     4     2      11592.30
    Y    t2     4     2      11592.30

BEST MFLOP[3]=11592.30 (76.00 percent improvement)
   cflags='-x assembler-with-cpp -DPFIX=prefetchnta'

TUNING PREFETCH DISTANCE FOR OPERAND 'A', imf=3:
   OP  DIST    MU    NU         MFLOP
   ==  ====  ====  ====  ============
    A   DEF     4     2      11592.30
    A    64     4     2      10143.26
    A   256     4     2      11592.30
    A   512     4     2      11592.30
    A   320     4     2      11592.30
    A   384     4     2      11592.30
    A   448     4     2      11592.30
    A     0     4     2      11592.30
DEFAULT imf=3 ADISTANCE IS BEST (11592.30)

TUNING PREFETCH DISTANCE FOR OPERAND 'X', imf=3:
   OP  DIST    MU    NU         MFLOP
   ==  ====  ====  ====  ============
    X   DEF     4     2      11592.30
    X    64     4     2      11592.30
    X   256     4     2      11592.30
    X   192     4     2      11592.30
    X     0     4     2      11592.30
DEFAULT imf=3 XDISTANCE IS BEST (11592.30)

TUNING PREFETCH DISTANCE FOR OPERAND 'Y', imf=3:
   OP  DIST    MU    NU         MFLOP
   ==  ====  ====  ====  ============
    Y   DEF     4     2      11592.30
    Y    64     4     2      11592.30
    Y   256     4     2      11592.30
    Y   192     4     2      11592.30
    Y     0     4     2      10143.26
DEFAULT imf=3 YDISTANCE IS BEST (11592.30)

PREFETCH DISTANCE TUNING imf=3 improved from 11592.30 to 11592.30 (0.00 percent)
KERNEL CHOSEN:
ID=900008 ROUT='zmvt_sse.c' AUTH='R. Clint Whaley' TA='T' \
   rankR=1 CacheElts=3072 SSE=3 alignA=16 alignY=16 alignX=16 minM=4 minN=2  \
   NU=2 MU=4 LDAMUL=16 PFTUNABLE=1 ALIGNX2A=0 ADDCFLAGS=0 GEMMBASED=0 AXPYBASED=0  \
   ALLALIGNXY=0 LDYTOP=0 FNU=1 X87=0  \
   MFLOP=4.603450e+03,0.000000e+00,0.000000e+00,1.159230e+04,6.501320e+03 \
     ASM=GAS_x8664  CFLAGS='-x assembler-with-cpp -DPFIX=prefetchnta' \
     COMP='/usr/bin/x86_64-redhat-linux-gcc -O -fomit-frame-pointer -mavx -m64 -fPIC -m64 -fPIC'
DONE RESTRICTED in-L2 TUNING.
make zmvtinstall
make[4]: Entering directory `/data/user/eesen/tools/ATLAS/build/tune/blas/gemv'
mkdir zmvtoutd
rm -f zmvtoutd/*
if [ -s "/data/user/eesen/tools/ATLAS/build/src/blas/gemv/Make_zmvt" ]; then \
           cd  /data/user/eesen/tools/ATLAS/build/src/blas/gemv ; make -f Make_zmvt killall ; \
           rm -f /data/user/eesen/tools/ATLAS/build/src/blas/gemv/Make_zmvt ; \
        fi
./xmvthgen -p z -F res/zMVTK.sum -d zmvtoutd
make[5]: Entering directory `/data/user/eesen/tools/ATLAS/build/tune/blas/gemv'
/data/user/eesen/tools/ATLAS/build/bin/xextract -b /data/user/eesen/tools/ATLAS/build/..//tune/blas/gemv/atlas-l2g.base order=clmajor \
                           rout=mvt_sse nu=1 type=DCPLX -def MU 1 \
                            -o EXTDIR/zmvt_sse.c
make[5]: Leaving directory `/data/user/eesen/tools/ATLAS/build/tune/blas/gemv'
make[5]: Entering directory `/data/user/eesen/tools/ATLAS/build/tune/blas/gemv'
/data/user/eesen/tools/ATLAS/build/bin/xextract -b /data/user/eesen/tools/ATLAS/build/..//tune/blas/gemv/atlas-l2g.base order=clmajor \
                           rout=mvt_sse nu=2 type=DCPLX -def MU 1 \
                           -def ALIGNED 1 -o EXTDIR/zmvt_sse.c
make[5]: Leaving directory `/data/user/eesen/tools/ATLAS/build/tune/blas/gemv'
make[5]: Entering directory `/data/user/eesen/tools/ATLAS/build/tune/blas/gemv'
/data/user/eesen/tools/ATLAS/build/bin/xextract -b /data/user/eesen/tools/ATLAS/build/..//tune/blas/gemv/atlas-l2g.base order=clmajor \
                           rout=mvt_sse nu=2 type=DCPLX -def MU 1 \
                            -o EXTDIR/zmvt_sse.c
make[5]: Leaving directory `/data/user/eesen/tools/ATLAS/build/tune/blas/gemv'
make[5]: Entering directory `/data/user/eesen/tools/ATLAS/build/tune/blas/gemv'
/data/user/eesen/tools/ATLAS/build/bin/xextract -b /data/user/eesen/tools/ATLAS/build/..//tune/blas/gemv/atlas-l2g.base order=clmajor \
                           rout=mvt_sse nu=6 type=DCPLX -def MU 1 \
                            -o EXTDIR/zmvt_sse.c
make[5]: Leaving directory `/data/user/eesen/tools/ATLAS/build/tune/blas/gemv'
cp -f zmvtoutd/Make_zmvt /data/user/eesen/tools/ATLAS/build/src/blas/gemv/.
cp zmvtoutd/*.c /data/user/eesen/tools/ATLAS/build/src/blas/gemv/.
cp -f zmvtoutd/*.h /data/user/eesen/tools/ATLAS/build/include/.
if [ -s "xccobj.exe" ] ; then \
   cp -f xccobj.exe /data/user/eesen/tools/ATLAS/build/src/blas/gemv/. ; \
elif [ -s "xccobj" ]; then \
           cp -f xccobj /data/user/eesen/tools/ATLAS/build/src/blas/gemv/. ; \
        fi
touch /data/user/eesen/tools/ATLAS/build/..//include/atlas_mv.h
rm -f zmvtoutd/* ; rmdir zmvtoutd
make[4]: Leaving directory `/data/user/eesen/tools/ATLAS/build/tune/blas/gemv'
make[3]: Leaving directory `/data/user/eesen/tools/ATLAS/build/tune/blas/gemv'
cp /data/user/eesen/tools/ATLAS/build/tune/blas/gemv/res/zMVTK.sum INSTALL_LOG/.
make[2]: Leaving directory `/data/user/eesen/tools/ATLAS/build/bin'

*******************************************************************************
*******************************************************************************
*******************************************************************************
*      FINISHED ATLAS3.10.0 INSTALL OF SECTION 2-3-7 ON 08/07/2019 AT 14:30   *
*******************************************************************************
*******************************************************************************
*******************************************************************************



